#
# There is insufficient memory for the Java Runtime Environment to continue.
# Native memory allocation (mmap) failed to map 28311552 bytes. Error detail: G1 virtual space
# Possible reasons:
#   The system is out of physical RAM or swap space
#   This process is running with CompressedOops enabled, and the Java Heap may be blocking the growth of the native heap
# Possible solutions:
#   Reduce memory load on the system
#   Increase physical memory or swap space
#   Check if swap backing store is full
#   Decrease Java heap size (-Xmx/-Xms)
#   Decrease number of Java threads
#   Decrease Java thread stack sizes (-Xss)
#   Set larger code cache with -XX:ReservedCodeCacheSize=
#   JVM is running with Unscaled Compressed Oops mode in which the Java heap is
#     placed in the first 4GB address space. The Java Heap base address is the
#     maximum limit for the native heap growth. Please use -XX:HeapBaseMinAddress
#     to set the Java Heap base and to place the Java Heap above 4GB virtual address.
# This output file may be truncated or incomplete.
#
#  Out of Memory Error (os_windows.cpp:3825), pid=2120, tid=6908
#
# JRE version: OpenJDK Runtime Environment (17.0.11) (build 17.0.11+0--11852314)
# Java VM: OpenJDK 64-Bit Server VM (17.0.11+0--11852314, mixed mode, tiered, compressed oops, compressed class ptrs, g1 gc, windows-amd64)
# No core dump will be written. Minidumps are not enabled by default on client versions of Windows
#

---------------  S U M M A R Y ------------

Command Line: org.jetbrains.kotlin.cli.jvm.K2JVMCompiler @D:\Labs20242-Gr06\Lab1-UI\build\20240913_2985219249203384003.compiler.options

Host: Intel(R) Pentium(R) CPU  J3710  @ 1.60GHz, 4 cores, 7G,  Windows 10 , 64 bit Build 18362 (10.0.18362.329)
Time: Fri Sep 13 18:12:45 2024 Hora est. Pacífico, Sudamérica elapsed time: 29.907816 seconds (0d 0h 0m 29s)

---------------  T H R E A D  ---------------

Current thread (0x000001f79c367aa0):  VMThread "VM Thread" [stack: 0x00000099b3d00000,0x00000099b3e00000] [id=6908]

Stack: [0x00000099b3d00000,0x00000099b3e00000]
Native frames: (J=compiled Java code, j=interpreted, Vv=VM code, C=native code)
V  [jvm.dll+0x687bb9]
V  [jvm.dll+0x84142a]
V  [jvm.dll+0x8430ae]
V  [jvm.dll+0x843713]
V  [jvm.dll+0x24a35f]
V  [jvm.dll+0x684989]
V  [jvm.dll+0x67923a]
V  [jvm.dll+0x30af0b]
V  [jvm.dll+0x3123b6]
V  [jvm.dll+0x361dfe]
V  [jvm.dll+0x36202f]
V  [jvm.dll+0x2e0d38]
V  [jvm.dll+0x2df144]
V  [jvm.dll+0x2de74c]
V  [jvm.dll+0x323381]
V  [jvm.dll+0x847e0b]
V  [jvm.dll+0x848b42]
V  [jvm.dll+0x84905d]
V  [jvm.dll+0x849434]
V  [jvm.dll+0x849500]
V  [jvm.dll+0x7efa4a]
V  [jvm.dll+0x686a35]
C  [ucrtbase.dll+0x20e72]
C  [KERNEL32.DLL+0x17bd4]
C  [ntdll.dll+0x6ced1]

VM_Operation (0x00000099b37f2280): G1TryInitiateConcMark, mode: safepoint, requested by thread 0x000001f780eea360


---------------  P R O C E S S  ---------------

Threads class SMR info:
_java_thread_list=0x000001f7a38aadf0, length=13, elements={
0x000001f780eea360, 0x000001f79c36b7d0, 0x000001f79c36c650, 0x000001f79c4f4a50,
0x000001f79c4f7420, 0x000001f79c4f7de0, 0x000001f79c4f87a0, 0x000001f79c4fbd00,
0x000001f79c50f140, 0x000001f79c587990, 0x000001f79c67cb60, 0x000001f79c684bc0,
0x000001f7a2b09890
}

Java Threads: ( => current thread )
  0x000001f780eea360 JavaThread "main" [_thread_blocked, id=4796, stack(0x00000099b3700000,0x00000099b3800000)]
  0x000001f79c36b7d0 JavaThread "Reference Handler" daemon [_thread_blocked, id=3812, stack(0x00000099b3e00000,0x00000099b3f00000)]
  0x000001f79c36c650 JavaThread "Finalizer" daemon [_thread_blocked, id=5168, stack(0x00000099b3f00000,0x00000099b4000000)]
  0x000001f79c4f4a50 JavaThread "Signal Dispatcher" daemon [_thread_blocked, id=4812, stack(0x00000099b4000000,0x00000099b4100000)]
  0x000001f79c4f7420 JavaThread "Attach Listener" daemon [_thread_blocked, id=1452, stack(0x00000099b4100000,0x00000099b4200000)]
  0x000001f79c4f7de0 JavaThread "Service Thread" daemon [_thread_blocked, id=5760, stack(0x00000099b4200000,0x00000099b4300000)]
  0x000001f79c4f87a0 JavaThread "Monitor Deflation Thread" daemon [_thread_blocked, id=9876, stack(0x00000099b4300000,0x00000099b4400000)]
  0x000001f79c4fbd00 JavaThread "C2 CompilerThread0" daemon [_thread_blocked, id=1424, stack(0x00000099b4400000,0x00000099b4500000)]
  0x000001f79c50f140 JavaThread "C1 CompilerThread0" daemon [_thread_blocked, id=2976, stack(0x00000099b4500000,0x00000099b4600000)]
  0x000001f79c587990 JavaThread "Sweeper thread" daemon [_thread_blocked, id=7036, stack(0x00000099b4600000,0x00000099b4700000)]
  0x000001f79c67cb60 JavaThread "Notification Thread" daemon [_thread_blocked, id=2740, stack(0x00000099b4700000,0x00000099b4800000)]
  0x000001f79c684bc0 JavaThread "Common-Cleaner" daemon [_thread_blocked, id=8068, stack(0x00000099b4900000,0x00000099b4a00000)]
  0x000001f7a2b09890 JavaThread "C2 CompilerThread1" daemon [_thread_blocked, id=5320, stack(0x00000099b4d00000,0x00000099b4e00000)]

Other Threads:
=>0x000001f79c367aa0 VMThread "VM Thread" [stack: 0x00000099b3d00000,0x00000099b3e00000] [id=6908]
  0x000001f79c67d040 WatcherThread [stack: 0x00000099b4800000,0x00000099b4900000] [id=9376]
  0x000001f780f43980 GCTaskThread "GC Thread#0" [stack: 0x00000099b3800000,0x00000099b3900000] [id=9952]
  0x000001f7a11b62c0 GCTaskThread "GC Thread#1" [stack: 0x00000099b4a00000,0x00000099b4b00000] [id=11076]
  0x000001f7a11b6580 GCTaskThread "GC Thread#2" [stack: 0x00000099b4b00000,0x00000099b4c00000] [id=7528]
  0x000001f7a121b0e0 GCTaskThread "GC Thread#3" [stack: 0x00000099b4c00000,0x00000099b4d00000] [id=356]
  0x000001f780f555e0 ConcurrentGCThread "G1 Main Marker" [stack: 0x00000099b3900000,0x00000099b3a00000] [id=5392]
  0x000001f780f56000 ConcurrentGCThread "G1 Conc#0" [stack: 0x00000099b3a00000,0x00000099b3b00000] [id=5636]
  0x000001f79c1d20c0 ConcurrentGCThread "G1 Refine#0" [stack: 0x00000099b3b00000,0x00000099b3c00000] [id=9660]
  0x000001f7a17a8040 ConcurrentGCThread "G1 Refine#1" [stack: 0x00000099b4e00000,0x00000099b4f00000] [id=1592]
  0x000001f79c1d2af0 ConcurrentGCThread "G1 Service" [stack: 0x00000099b3c00000,0x00000099b3d00000] [id=6896]

Threads with active compile tasks:
C2 CompilerThread0    30008 7826       4       org.jetbrains.kotlin.parsing.AbstractKotlinParsing::at (114 bytes)
C2 CompilerThread1    30009 7889       4       org.jetbrains.kotlin.name.ClassId::hashCode (39 bytes)

VM state: at safepoint (normal execution)

VM Mutex/Monitor currently owned by a thread:  ([mutex/lock_event])
[0x000001f780ee4fd0] Threads_lock - owner thread: 0x000001f79c367aa0
[0x000001f780ee5600] Heap_lock - owner thread: 0x000001f780eea360

Heap address: 0x0000000081800000, size: 2024 MB, Compressed Oops mode: 32-bit

CDS archive(s) not mapped
Compressed class space mapped at: 0x0000000100000000-0x0000000140000000, reserved size: 1073741824
Narrow klass base: 0x0000000000000000, Narrow klass shift: 3, Narrow klass range: 0x140000000

GC Precious Log:
 CPUs: 4 total, 4 available
 Memory: 8090M
 Large Page Support: Disabled
 NUMA Support: Disabled
 Compressed Oops: Enabled (32-bit)
 Heap Region Size: 1M
 Heap Min Capacity: 8M
 Heap Initial Capacity: 128M
 Heap Max Capacity: 2024M
 Pre-touch: Disabled
 Parallel Workers: 4
 Concurrent Workers: 1
 Concurrent Refinement Workers: 4
 Periodic GC: Disabled

Heap:
 garbage-first heap   total 104448K, used 49589K [0x0000000081800000, 0x0000000100000000)
  region size 1024K, 3 young (3072K), 3 survivors (3072K)
 Metaspace       used 60856K, committed 61184K, reserved 1114112K
  class space    used 7133K, committed 7296K, reserved 1048576K

Heap Regions: E=young(eden), S=young(survivor), O=old, HS=humongous(starts), HC=humongous(continues), CS=collection set, F=free, OA=open archive, CA=closed archive, TAMS=top-at-mark-start (previous, next)
|   0|0x0000000081800000, 0x0000000081900000, 0x0000000081900000|100%|HS|  |TAMS 0x0000000081900000, 0x0000000081900000| Complete 
|   1|0x0000000081900000, 0x0000000081a00000, 0x0000000081a00000|100%|HC|  |TAMS 0x0000000081a00000, 0x0000000081a00000| Complete 
|   2|0x0000000081a00000, 0x0000000081b00000, 0x0000000081b00000|100%|HC|  |TAMS 0x0000000081b00000, 0x0000000081b00000| Complete 
|   3|0x0000000081b00000, 0x0000000081c00000, 0x0000000081c00000|100%|HC|  |TAMS 0x0000000081c00000, 0x0000000081c00000| Complete 
|   4|0x0000000081c00000, 0x0000000081cf4800, 0x0000000081d00000| 95%| O|  |TAMS 0x0000000081cf4800, 0x0000000081cf4800| Untracked 
|   5|0x0000000081d00000, 0x0000000081e00000, 0x0000000081e00000|100%| O|  |TAMS 0x0000000081e00000, 0x0000000081e00000| Untracked 
|   6|0x0000000081e00000, 0x0000000081f00000, 0x0000000081f00000|100%| O|  |TAMS 0x0000000081f00000, 0x0000000081f00000| Untracked 
|   7|0x0000000081f00000, 0x0000000082000000, 0x0000000082000000|100%| O|  |TAMS 0x0000000082000000, 0x0000000082000000| Untracked 
|   8|0x0000000082000000, 0x0000000082100000, 0x0000000082100000|100%| O|  |TAMS 0x0000000082100000, 0x0000000082100000| Untracked 
|   9|0x0000000082100000, 0x0000000082200000, 0x0000000082200000|100%| O|  |TAMS 0x0000000082200000, 0x0000000082200000| Untracked 
|  10|0x0000000082200000, 0x0000000082300000, 0x0000000082300000|100%| O|  |TAMS 0x0000000082300000, 0x0000000082300000| Untracked 
|  11|0x0000000082300000, 0x0000000082400000, 0x0000000082400000|100%| O|  |TAMS 0x0000000082400000, 0x0000000082400000| Untracked 
|  12|0x0000000082400000, 0x0000000082500000, 0x0000000082500000|100%| O|  |TAMS 0x0000000082500000, 0x0000000082500000| Untracked 
|  13|0x0000000082500000, 0x0000000082600000, 0x0000000082600000|100%| O|  |TAMS 0x0000000082600000, 0x0000000082600000| Untracked 
|  14|0x0000000082600000, 0x0000000082700000, 0x0000000082700000|100%| O|  |TAMS 0x0000000082700000, 0x0000000082700000| Untracked 
|  15|0x0000000082700000, 0x0000000082800000, 0x0000000082800000|100%| O|  |TAMS 0x0000000082800000, 0x0000000082800000| Untracked 
|  16|0x0000000082800000, 0x0000000082800000, 0x0000000082900000|  0%| F|  |TAMS 0x0000000082800000, 0x0000000082800000| Untracked 
|  17|0x0000000082900000, 0x0000000082a00000, 0x0000000082a00000|100%| O|  |TAMS 0x0000000082a00000, 0x0000000082a00000| Untracked 
|  18|0x0000000082a00000, 0x0000000082b00000, 0x0000000082b00000|100%| O|  |TAMS 0x0000000082b00000, 0x0000000082b00000| Untracked 
|  19|0x0000000082b00000, 0x0000000082c00000, 0x0000000082c00000|100%| O|  |TAMS 0x0000000082c00000, 0x0000000082c00000| Untracked 
|  20|0x0000000082c00000, 0x0000000082d00000, 0x0000000082d00000|100%| O|  |TAMS 0x0000000082d00000, 0x0000000082d00000| Untracked 
|  21|0x0000000082d00000, 0x0000000082e00000, 0x0000000082e00000|100%| O|  |TAMS 0x0000000082e00000, 0x0000000082e00000| Untracked 
|  22|0x0000000082e00000, 0x0000000082f00000, 0x0000000082f00000|100%| O|  |TAMS 0x0000000082f00000, 0x0000000082f00000| Untracked 
|  23|0x0000000082f00000, 0x0000000083000000, 0x0000000083000000|100%| O|  |TAMS 0x0000000083000000, 0x0000000083000000| Untracked 
|  24|0x0000000083000000, 0x0000000083100000, 0x0000000083100000|100%|HS|  |TAMS 0x0000000083100000, 0x0000000083100000| Complete 
|  25|0x0000000083100000, 0x0000000083200000, 0x0000000083200000|100%|HC|  |TAMS 0x0000000083200000, 0x0000000083200000| Complete 
|  26|0x0000000083200000, 0x0000000083300000, 0x0000000083300000|100%| O|  |TAMS 0x0000000083300000, 0x0000000083300000| Untracked 
|  27|0x0000000083300000, 0x0000000083400000, 0x0000000083400000|100%| O|  |TAMS 0x0000000083400000, 0x0000000083400000| Untracked 
|  28|0x0000000083400000, 0x0000000083500000, 0x0000000083500000|100%| O|  |TAMS 0x0000000083500000, 0x0000000083500000| Untracked 
|  29|0x0000000083500000, 0x0000000083600000, 0x0000000083600000|100%| O|  |TAMS 0x0000000083600000, 0x0000000083600000| Untracked 
|  30|0x0000000083600000, 0x0000000083700000, 0x0000000083700000|100%| O|  |TAMS 0x0000000083700000, 0x0000000083700000| Untracked 
|  31|0x0000000083700000, 0x0000000083800000, 0x0000000083800000|100%| O|  |TAMS 0x0000000083800000, 0x0000000083800000| Untracked 
|  32|0x0000000083800000, 0x0000000083900000, 0x0000000083900000|100%| O|  |TAMS 0x0000000083900000, 0x0000000083900000| Untracked 
|  33|0x0000000083900000, 0x0000000083a00000, 0x0000000083a00000|100%| O|  |TAMS 0x0000000083a00000, 0x0000000083a00000| Untracked 
|  34|0x0000000083a00000, 0x0000000083b00000, 0x0000000083b00000|100%| O|  |TAMS 0x0000000083b00000, 0x0000000083b00000| Untracked 
|  35|0x0000000083b00000, 0x0000000083c00000, 0x0000000083c00000|100%| O|  |TAMS 0x0000000083b8cc00, 0x0000000083c00000| Untracked 
|  36|0x0000000083c00000, 0x0000000083d00000, 0x0000000083d00000|100%| O|  |TAMS 0x0000000083c00000, 0x0000000083d00000| Untracked 
|  37|0x0000000083d00000, 0x0000000083e00000, 0x0000000083e00000|100%| O|  |TAMS 0x0000000083d00000, 0x0000000083e00000| Untracked 
|  38|0x0000000083e00000, 0x0000000083f00000, 0x0000000083f00000|100%| O|  |TAMS 0x0000000083e00000, 0x0000000083f00000| Untracked 
|  39|0x0000000083f00000, 0x0000000084000000, 0x0000000084000000|100%| O|  |TAMS 0x0000000083f00000, 0x0000000084000000| Untracked 
|  40|0x0000000084000000, 0x0000000084100000, 0x0000000084100000|100%| O|  |TAMS 0x0000000084000000, 0x0000000084100000| Untracked 
|  41|0x0000000084100000, 0x0000000084200000, 0x0000000084200000|100%| O|  |TAMS 0x0000000084100000, 0x0000000084200000| Untracked 
|  42|0x0000000084200000, 0x0000000084300000, 0x0000000084300000|100%| O|  |TAMS 0x0000000084200000, 0x0000000084300000| Untracked 
|  43|0x0000000084300000, 0x0000000084400000, 0x0000000084400000|100%| O|  |TAMS 0x0000000084300000, 0x0000000084400000| Untracked 
|  44|0x0000000084400000, 0x0000000084500000, 0x0000000084500000|100%| O|  |TAMS 0x0000000084400000, 0x0000000084500000| Untracked 
|  45|0x0000000084500000, 0x0000000084600000, 0x0000000084600000|100%| O|  |TAMS 0x0000000084500000, 0x0000000084600000| Untracked 
|  46|0x0000000084600000, 0x0000000084600000, 0x0000000084700000|  0%| F|  |TAMS 0x0000000084600000, 0x0000000084600000| Untracked 
|  47|0x0000000084700000, 0x0000000084700000, 0x0000000084800000|  0%| F|  |TAMS 0x0000000084700000, 0x0000000084700000| Untracked 
|  48|0x0000000084800000, 0x0000000084800000, 0x0000000084900000|  0%| F|  |TAMS 0x0000000084800000, 0x0000000084800000| Untracked 
|  49|0x0000000084900000, 0x0000000084900000, 0x0000000084a00000|  0%| F|  |TAMS 0x0000000084900000, 0x0000000084900000| Untracked 
|  50|0x0000000084a00000, 0x0000000084a00000, 0x0000000084b00000|  0%| F|  |TAMS 0x0000000084a00000, 0x0000000084a00000| Untracked 
|  51|0x0000000084b00000, 0x0000000084b00000, 0x0000000084c00000|  0%| F|  |TAMS 0x0000000084b00000, 0x0000000084b00000| Untracked 
|  52|0x0000000084c00000, 0x0000000084c00000, 0x0000000084d00000|  0%| F|  |TAMS 0x0000000084c00000, 0x0000000084c00000| Untracked 
|  53|0x0000000084d00000, 0x0000000084d00000, 0x0000000084e00000|  0%| F|  |TAMS 0x0000000084d00000, 0x0000000084d00000| Untracked 
|  54|0x0000000084e00000, 0x0000000084e00000, 0x0000000084f00000|  0%| F|  |TAMS 0x0000000084e00000, 0x0000000084e00000| Untracked 
|  55|0x0000000084f00000, 0x0000000084f00000, 0x0000000085000000|  0%| F|  |TAMS 0x0000000084f00000, 0x0000000084f00000| Untracked 
|  56|0x0000000085000000, 0x0000000085000000, 0x0000000085100000|  0%| F|  |TAMS 0x0000000085000000, 0x0000000085000000| Untracked 
|  57|0x0000000085100000, 0x0000000085100000, 0x0000000085200000|  0%| F|  |TAMS 0x0000000085100000, 0x0000000085100000| Untracked 
|  58|0x0000000085200000, 0x0000000085200000, 0x0000000085300000|  0%| F|  |TAMS 0x0000000085200000, 0x0000000085200000| Untracked 
|  59|0x0000000085300000, 0x0000000085300000, 0x0000000085400000|  0%| F|  |TAMS 0x0000000085300000, 0x0000000085300000| Untracked 
|  60|0x0000000085400000, 0x0000000085400000, 0x0000000085500000|  0%| F|  |TAMS 0x0000000085400000, 0x0000000085400000| Untracked 
|  61|0x0000000085500000, 0x0000000085578dd8, 0x0000000085600000| 47%| S|CS|TAMS 0x0000000085500000, 0x0000000085500000| Complete 
|  62|0x0000000085600000, 0x0000000085700000, 0x0000000085700000|100%| S|CS|TAMS 0x0000000085600000, 0x0000000085600000| Complete 
|  63|0x0000000085700000, 0x0000000085800000, 0x0000000085800000|100%| S|CS|TAMS 0x0000000085700000, 0x0000000085700000| Complete 
|  64|0x0000000085800000, 0x0000000085800000, 0x0000000085900000|  0%| F|  |TAMS 0x0000000085800000, 0x0000000085800000| Untracked 
|  65|0x0000000085900000, 0x0000000085900000, 0x0000000085a00000|  0%| F|  |TAMS 0x0000000085900000, 0x0000000085900000| Untracked 
|  66|0x0000000085a00000, 0x0000000085a00000, 0x0000000085b00000|  0%| F|  |TAMS 0x0000000085a00000, 0x0000000085a00000| Untracked 
|  67|0x0000000085b00000, 0x0000000085b00000, 0x0000000085c00000|  0%| F|  |TAMS 0x0000000085b00000, 0x0000000085b00000| Untracked 
|  68|0x0000000085c00000, 0x0000000085c00000, 0x0000000085d00000|  0%| F|  |TAMS 0x0000000085c00000, 0x0000000085c00000| Untracked 
|  69|0x0000000085d00000, 0x0000000085d00000, 0x0000000085e00000|  0%| F|  |TAMS 0x0000000085d00000, 0x0000000085d00000| Untracked 
|  70|0x0000000085e00000, 0x0000000085e00000, 0x0000000085f00000|  0%| F|  |TAMS 0x0000000085e00000, 0x0000000085e00000| Untracked 
|  71|0x0000000085f00000, 0x0000000085f00000, 0x0000000086000000|  0%| F|  |TAMS 0x0000000085f00000, 0x0000000085f00000| Untracked 
|  72|0x0000000086000000, 0x0000000086000000, 0x0000000086100000|  0%| F|  |TAMS 0x0000000086000000, 0x0000000086000000| Untracked 
|  73|0x0000000086100000, 0x0000000086100000, 0x0000000086200000|  0%| F|  |TAMS 0x0000000086100000, 0x0000000086100000| Untracked 
|  74|0x0000000086200000, 0x0000000086200000, 0x0000000086300000|  0%| F|  |TAMS 0x0000000086200000, 0x0000000086200000| Untracked 
|  75|0x0000000086300000, 0x0000000086300000, 0x0000000086400000|  0%| F|  |TAMS 0x0000000086300000, 0x0000000086300000| Untracked 
|  76|0x0000000086400000, 0x0000000086400000, 0x0000000086500000|  0%| F|  |TAMS 0x0000000086400000, 0x0000000086400000| Untracked 
|  77|0x0000000086500000, 0x0000000086500000, 0x0000000086600000|  0%| F|  |TAMS 0x0000000086500000, 0x0000000086500000| Untracked 
|  78|0x0000000086600000, 0x0000000086600000, 0x0000000086700000|  0%| F|  |TAMS 0x0000000086600000, 0x0000000086600000| Untracked 
|  79|0x0000000086700000, 0x0000000086700000, 0x0000000086800000|  0%| F|  |TAMS 0x0000000086700000, 0x0000000086700000| Untracked 
|  80|0x0000000086800000, 0x0000000086800000, 0x0000000086900000|  0%| F|  |TAMS 0x0000000086800000, 0x0000000086800000| Untracked 
|  81|0x0000000086900000, 0x0000000086900000, 0x0000000086a00000|  0%| F|  |TAMS 0x0000000086900000, 0x0000000086900000| Untracked 
|  82|0x0000000086a00000, 0x0000000086a00000, 0x0000000086b00000|  0%| F|  |TAMS 0x0000000086a00000, 0x0000000086a00000| Untracked 
|  83|0x0000000086b00000, 0x0000000086b00000, 0x0000000086c00000|  0%| F|  |TAMS 0x0000000086b00000, 0x0000000086b00000| Untracked 
|  84|0x0000000086c00000, 0x0000000086c00000, 0x0000000086d00000|  0%| F|  |TAMS 0x0000000086c00000, 0x0000000086c00000| Untracked 
|  85|0x0000000086d00000, 0x0000000086d00000, 0x0000000086e00000|  0%| F|  |TAMS 0x0000000086d00000, 0x0000000086d00000| Untracked 
|  86|0x0000000086e00000, 0x0000000086e00000, 0x0000000086f00000|  0%| F|  |TAMS 0x0000000086e00000, 0x0000000086e00000| Untracked 
|  87|0x0000000086f00000, 0x0000000086f00000, 0x0000000087000000|  0%| F|  |TAMS 0x0000000086f00000, 0x0000000086f00000| Untracked 
|  88|0x0000000087000000, 0x0000000087000000, 0x0000000087100000|  0%| F|  |TAMS 0x0000000087000000, 0x0000000087000000| Untracked 
|  89|0x0000000087100000, 0x0000000087100000, 0x0000000087200000|  0%| F|  |TAMS 0x0000000087100000, 0x0000000087100000| Untracked 
|  90|0x0000000087200000, 0x0000000087200000, 0x0000000087300000|  0%| F|  |TAMS 0x0000000087200000, 0x0000000087200000| Untracked 
|  91|0x0000000087300000, 0x0000000087300000, 0x0000000087400000|  0%| F|  |TAMS 0x0000000087300000, 0x0000000087300000| Untracked 
|  92|0x0000000087400000, 0x0000000087400000, 0x0000000087500000|  0%| F|  |TAMS 0x0000000087400000, 0x0000000087400000| Untracked 
|  93|0x0000000087500000, 0x0000000087500000, 0x0000000087600000|  0%| F|  |TAMS 0x0000000087500000, 0x0000000087500000| Untracked 
|  94|0x0000000087600000, 0x0000000087600000, 0x0000000087700000|  0%| F|  |TAMS 0x0000000087600000, 0x0000000087600000| Untracked 
|  95|0x0000000087700000, 0x0000000087700000, 0x0000000087800000|  0%| F|  |TAMS 0x0000000087700000, 0x0000000087700000| Untracked 
|  96|0x0000000087800000, 0x0000000087800000, 0x0000000087900000|  0%| F|  |TAMS 0x0000000087800000, 0x0000000087800000| Untracked 
|  97|0x0000000087900000, 0x0000000087900000, 0x0000000087a00000|  0%| F|  |TAMS 0x0000000087900000, 0x0000000087900000| Untracked 
|  98|0x0000000087a00000, 0x0000000087a00000, 0x0000000087b00000|  0%| F|  |TAMS 0x0000000087a00000, 0x0000000087a00000| Untracked 
|  99|0x0000000087b00000, 0x0000000087b00000, 0x0000000087c00000|  0%| F|  |TAMS 0x0000000087b00000, 0x0000000087b00000| Untracked 
| 127|0x0000000089700000, 0x0000000089700000, 0x0000000089800000|  0%| F|  |TAMS 0x0000000089700000, 0x0000000089700000| Untracked 
|2023|0x00000000fff00000, 0x0000000100000000, 0x0000000100000000|100%| O|  |TAMS 0x0000000100000000, 0x0000000100000000| Untracked 

Card table byte_map: [0x000001f7955d0000,0x000001f7959d0000] _byte_map_base: 0x000001f7951c4000

Marking Bits (Prev, Next): (CMBitMap*) 0x000001f780f44fb0, (CMBitMap*) 0x000001f780f44ff0
 Prev Bits: [0x000001f795dd0000, 0x000001f797d70000)
 Next Bits: [0x000001f797d70000, 0x000001f799d10000)

Polling page: 0x000001f780fa0000

Metaspace:

Usage:
  Non-class:     52.46 MB used.
      Class:      6.97 MB used.
       Both:     59.43 MB used.

Virtual space:
  Non-class space:       64.00 MB reserved,      52.63 MB ( 82%) committed,  1 nodes.
      Class space:        1.00 GB reserved,       7.13 MB ( <1%) committed,  1 nodes.
             Both:        1.06 GB reserved,      59.75 MB (  5%) committed. 

Chunk freelists:
   Non-Class:  11.16 MB
       Class:  8.89 MB
        Both:  20.05 MB

MaxMetaspaceSize: unlimited
CompressedClassSpaceSize: 1.00 GB
Initial GC threshold: 21.00 MB
Current GC threshold: 96.56 MB
CDS: off
MetaspaceReclaimPolicy: balanced
 - commit_granule_bytes: 65536.
 - commit_granule_words: 8192.
 - virtual_space_node_default_size: 8388608.
 - enlarge_chunks_in_place: 1.
 - new_chunks_are_fully_committed: 0.
 - uncommit_free_chunks: 1.
 - use_allocation_guard: 0.
 - handle_deallocations: 1.


Internal statistics:

num_allocs_failed_limit: 6.
num_arena_births: 266.
num_arena_deaths: 0.
num_vsnodes_births: 2.
num_vsnodes_deaths: 0.
num_space_committed: 954.
num_space_uncommitted: 0.
num_chunks_returned_to_freelist: 6.
num_chunks_taken_from_freelist: 2184.
num_chunk_merges: 6.
num_chunk_splits: 1749.
num_chunks_enlarged: 1540.
num_inconsistent_stats: 0.

CodeHeap 'non-profiled nmethods': size=120000Kb used=3729Kb max_used=3729Kb free=116270Kb
 bounds [0x000001f78d680000, 0x000001f78da30000, 0x000001f794bb0000]
CodeHeap 'profiled nmethods': size=120000Kb used=18714Kb max_used=18714Kb free=101285Kb
 bounds [0x000001f785bb0000, 0x000001f786e00000, 0x000001f78d0e0000]
CodeHeap 'non-nmethods': size=5760Kb used=1295Kb max_used=1365Kb free=4464Kb
 bounds [0x000001f78d0e0000, 0x000001f78d350000, 0x000001f78d680000]
 total_blobs=7597 nmethods=6990 adapters=518
 compilation: enabled
              stopped_count=0, restarted_count=0
 full_count=0

Compilation events (20 events):
Event: 29.844 Thread 0x000001f79c50f140 7881       3       org.jetbrains.kotlin.resolve.calls.tower.TowerResolver$SuccessfulResultCollector::pushCandidates (234 bytes)
Event: 29.846 Thread 0x000001f79c50f140 nmethod 7881 0x000001f786de8610 code [0x000001f786de89a0, 0x000001f786dea5c8]
Event: 29.847 Thread 0x000001f79c50f140 7884       3       org.jetbrains.kotlin.resolve.calls.inference.components.ConstraintInjector::processConstraintsIgnoringForksData (303 bytes)
Event: 29.851 Thread 0x000001f79c50f140 nmethod 7884 0x000001f786dead90 code [0x000001f786deb220, 0x000001f786ded808]
Event: 29.851 Thread 0x000001f79c50f140 7882       3       org.jetbrains.kotlin.resolve.calls.inference.components.ConstraintInjector$TypeCheckerStateForConstraintInjector::<init> (102 bytes)
Event: 29.855 Thread 0x000001f79c50f140 nmethod 7882 0x000001f786dee490 code [0x000001f786dee7e0, 0x000001f786defbb8]
Event: 29.855 Thread 0x000001f79c50f140 7883       3       org.jetbrains.kotlin.resolve.calls.inference.components.TypeCheckerStateForConstraintSystem::<init> (37 bytes)
Event: 29.857 Thread 0x000001f79c50f140 nmethod 7883 0x000001f786df0290 code [0x000001f786df05a0, 0x000001f786df1628]
Event: 29.861 Thread 0x000001f7a2b09890 nmethod 7879 0x000001f78da22a10 code [0x000001f78da22c00, 0x000001f78da23488]
Event: 29.862 Thread 0x000001f7a2b09890 7885       4       org.jetbrains.kotlin.com.intellij.psi.impl.source.tree.SharedImplUtil::countChildrenOfType (56 bytes)
Event: 29.867 Thread 0x000001f7a2b09890 nmethod 7885 0x000001f78da23d10 code [0x000001f78da23ea0, 0x000001f78da23fd8]
Event: 29.871 Thread 0x000001f79c50f140 7886       3       org.jetbrains.kotlin.resolve.calls.tower.KotlinToResolvedCallTransformer::transformToResolvedCall (151 bytes)
Event: 29.875 Thread 0x000001f79c50f140 nmethod 7886 0x000001f786df1b90 code [0x000001f786df1f80, 0x000001f786df3b48]
Event: 29.875 Thread 0x000001f79c50f140 7887       3       org.jetbrains.kotlin.extensions.internal.CandidateInterceptor::interceptResolvedCallAtomCandidate (99 bytes)
Event: 29.876 Thread 0x000001f7a2b09890 7889       4       org.jetbrains.kotlin.name.ClassId::hashCode (39 bytes)
Event: 29.877 Thread 0x000001f79c50f140 nmethod 7887 0x000001f786df4490 code [0x000001f786df4800, 0x000001f786df5cd8]
Event: 29.877 Thread 0x000001f79c50f140 7890       1       org.jetbrains.kotlin.metadata.ProtoBuf$Function::getFlags (5 bytes)
Event: 29.877 Thread 0x000001f79c50f140 nmethod 7890 0x000001f78da24190 code [0x000001f78da24320, 0x000001f78da243f8]
Event: 29.877 Thread 0x000001f79c50f140 7888       3       org.jetbrains.kotlin.resolve.calls.model.MutableResolvedCallAtom::setCandidateDescriptor (24 bytes)
Event: 29.879 Thread 0x000001f79c50f140 nmethod 7888 0x000001f786df6410 code [0x000001f786df6640, 0x000001f786df6ea8]

GC Heap History (20 events):
Event: 12.093 GC heap after
{Heap after GC invocations=13 (full 0):
 garbage-first heap   total 51200K, used 21896K [0x0000000081800000, 0x0000000100000000)
  region size 1024K, 2 young (2048K), 2 survivors (2048K)
 Metaspace       used 42396K, committed 42624K, reserved 1114112K
  class space    used 5188K, committed 5312K, reserved 1048576K
}
Event: 13.279 GC heap before
{Heap before GC invocations=13 (full 0):
 garbage-first heap   total 51200K, used 36232K [0x0000000081800000, 0x0000000100000000)
  region size 1024K, 17 young (17408K), 2 survivors (2048K)
 Metaspace       used 46120K, committed 46336K, reserved 1114112K
  class space    used 5611K, committed 5696K, reserved 1048576K
}
Event: 13.292 GC heap after
{Heap after GC invocations=14 (full 0):
 garbage-first heap   total 51200K, used 23632K [0x0000000081800000, 0x0000000100000000)
  region size 1024K, 3 young (3072K), 3 survivors (3072K)
 Metaspace       used 46120K, committed 46336K, reserved 1114112K
  class space    used 5611K, committed 5696K, reserved 1048576K
}
Event: 14.493 GC heap before
{Heap before GC invocations=14 (full 0):
 garbage-first heap   total 51200K, used 40016K [0x0000000081800000, 0x0000000100000000)
  region size 1024K, 18 young (18432K), 3 survivors (3072K)
 Metaspace       used 48831K, committed 49088K, reserved 1114112K
  class space    used 5893K, committed 6016K, reserved 1048576K
}
Event: 14.510 GC heap after
{Heap after GC invocations=15 (full 0):
 garbage-first heap   total 51200K, used 25719K [0x0000000081800000, 0x0000000100000000)
  region size 1024K, 3 young (3072K), 3 survivors (3072K)
 Metaspace       used 48831K, committed 49088K, reserved 1114112K
  class space    used 5893K, committed 6016K, reserved 1048576K
}
Event: 14.827 GC heap before
{Heap before GC invocations=15 (full 0):
 garbage-first heap   total 51200K, used 39031K [0x0000000081800000, 0x0000000100000000)
  region size 1024K, 16 young (16384K), 3 survivors (3072K)
 Metaspace       used 48863K, committed 49152K, reserved 1114112K
  class space    used 5894K, committed 6016K, reserved 1048576K
}
Event: 14.835 GC heap after
{Heap after GC invocations=16 (full 0):
 garbage-first heap   total 82944K, used 26058K [0x0000000081800000, 0x0000000100000000)
  region size 1024K, 1 young (1024K), 1 survivors (1024K)
 Metaspace       used 48863K, committed 49152K, reserved 1114112K
  class space    used 5894K, committed 6016K, reserved 1048576K
}
Event: 18.276 GC heap before
{Heap before GC invocations=17 (full 0):
 garbage-first heap   total 82944K, used 64970K [0x0000000081800000, 0x0000000100000000)
  region size 1024K, 37 young (37888K), 1 survivors (1024K)
 Metaspace       used 50910K, committed 51136K, reserved 1114112K
  class space    used 6118K, committed 6208K, reserved 1048576K
}
Event: 18.295 GC heap after
{Heap after GC invocations=18 (full 0):
 garbage-first heap   total 82944K, used 31600K [0x0000000081800000, 0x0000000100000000)
  region size 1024K, 4 young (4096K), 4 survivors (4096K)
 Metaspace       used 50910K, committed 51136K, reserved 1114112K
  class space    used 6118K, committed 6208K, reserved 1048576K
}
Event: 20.917 GC heap before
{Heap before GC invocations=18 (full 0):
 garbage-first heap   total 82944K, used 61296K [0x0000000081800000, 0x0000000100000000)
  region size 1024K, 33 young (33792K), 4 survivors (4096K)
 Metaspace       used 55522K, committed 55744K, reserved 1114112K
  class space    used 6668K, committed 6784K, reserved 1048576K
}
Event: 20.950 GC heap after
{Heap after GC invocations=19 (full 0):
 garbage-first heap   total 82944K, used 37109K [0x0000000081800000, 0x0000000100000000)
  region size 1024K, 5 young (5120K), 5 survivors (5120K)
 Metaspace       used 55522K, committed 55744K, reserved 1114112K
  class space    used 6668K, committed 6784K, reserved 1048576K
}
Event: 23.384 GC heap before
{Heap before GC invocations=19 (full 0):
 garbage-first heap   total 82944K, used 62709K [0x0000000081800000, 0x0000000100000000)
  region size 1024K, 30 young (30720K), 5 survivors (5120K)
 Metaspace       used 56761K, committed 57024K, reserved 1114112K
  class space    used 6726K, committed 6848K, reserved 1048576K
}
Event: 23.420 GC heap after
{Heap after GC invocations=20 (full 0):
 garbage-first heap   total 82944K, used 41477K [0x0000000081800000, 0x0000000100000000)
  region size 1024K, 4 young (4096K), 4 survivors (4096K)
 Metaspace       used 56761K, committed 57024K, reserved 1114112K
  class space    used 6726K, committed 6848K, reserved 1048576K
}
Event: 25.636 GC heap before
{Heap before GC invocations=20 (full 0):
 garbage-first heap   total 82944K, used 64005K [0x0000000081800000, 0x0000000100000000)
  region size 1024K, 26 young (26624K), 4 survivors (4096K)
 Metaspace       used 59008K, committed 59264K, reserved 1114112K
  class space    used 7008K, committed 7104K, reserved 1048576K
}
Event: 25.665 GC heap after
{Heap after GC invocations=21 (full 0):
 garbage-first heap   total 82944K, used 44848K [0x0000000081800000, 0x0000000100000000)
  region size 1024K, 3 young (3072K), 3 survivors (3072K)
 Metaspace       used 59008K, committed 59264K, reserved 1114112K
  class space    used 7008K, committed 7104K, reserved 1048576K
}
Event: 27.736 GC heap before
{Heap before GC invocations=22 (full 0):
 garbage-first heap   total 82944K, used 65328K [0x0000000081800000, 0x0000000100000000)
  region size 1024K, 23 young (23552K), 3 survivors (3072K)
 Metaspace       used 59965K, committed 60160K, reserved 1114112K
  class space    used 7077K, committed 7168K, reserved 1048576K
}
Event: 27.757 GC heap after
{Heap after GC invocations=23 (full 0):
 garbage-first heap   total 82944K, used 47762K [0x0000000081800000, 0x0000000100000000)
  region size 1024K, 3 young (3072K), 3 survivors (3072K)
 Metaspace       used 59965K, committed 60160K, reserved 1114112K
  class space    used 7077K, committed 7168K, reserved 1048576K
}
Event: 27.803 GC heap before
{Heap before GC invocations=23 (full 0):
 garbage-first heap   total 82944K, used 48786K [0x0000000081800000, 0x0000000100000000)
  region size 1024K, 4 young (4096K), 3 survivors (3072K)
 Metaspace       used 59979K, committed 60224K, reserved 1114112K
  class space    used 7079K, committed 7168K, reserved 1048576K
}
Event: 27.818 GC heap after
{Heap after GC invocations=24 (full 0):
 garbage-first heap   total 82944K, used 47898K [0x0000000081800000, 0x0000000100000000)
  region size 1024K, 1 young (1024K), 1 survivors (1024K)
 Metaspace       used 59979K, committed 60224K, reserved 1114112K
  class space    used 7079K, committed 7168K, reserved 1048576K
}
Event: 29.883 GC heap before
{Heap before GC invocations=24 (full 0):
 garbage-first heap   total 82944K, used 62234K [0x0000000081800000, 0x0000000100000000)
  region size 1024K, 16 young (16384K), 1 survivors (1024K)
 Metaspace       used 60856K, committed 61184K, reserved 1114112K
  class space    used 7133K, committed 7296K, reserved 1048576K
}

Dll operation events (2 events):
Event: 0.024 Loaded shared library D:\ferley\Android\jbr\bin\java.dll
Event: 7.179 Loaded shared library D:\ferley\Android\jbr\bin\verify.dll

Deoptimization events (20 events):
Event: 29.616 Thread 0x000001f780eea360 Uncommon trap: trap_request=0xffffff45 fr.pc=0x000001f78d9f6fa0 relative=0x0000000000000160
Event: 29.616 Thread 0x000001f780eea360 Uncommon trap: reason=unstable_if action=reinterpret pc=0x000001f78d9f6fa0 method=org.jetbrains.kotlin.resolve.DescriptorUtils.getFqNameSafeIfPossible(Lorg/jetbrains/kotlin/descriptors/DeclarationDescriptor;)Lorg/jetbrains/kotlin/name/FqName; @ 12 c2
Event: 29.616 Thread 0x000001f780eea360 DEOPT PACKING pc=0x000001f78d9f6fa0 sp=0x00000099b37fc460
Event: 29.616 Thread 0x000001f780eea360 DEOPT UNPACKING pc=0x000001f78d13699d sp=0x00000099b37fc398 mode 2
Event: 29.629 Thread 0x000001f780eea360 Uncommon trap: trap_request=0xffffff76 fr.pc=0x000001f78da0e01c relative=0x0000000000000dbc
Event: 29.629 Thread 0x000001f780eea360 Uncommon trap: reason=predicate action=maybe_recompile pc=0x000001f78da0e01c method=org.jetbrains.kotlin.com.intellij.extapi.psi.StubBasedPsiElementBase.getStubOrPsiChildren(Lorg/jetbrains/kotlin/com/intellij/psi/tree/TokenSet;Lorg/jetbrains/kotlin/com/in
Event: 29.629 Thread 0x000001f780eea360 DEOPT PACKING pc=0x000001f78da0e01c sp=0x00000099b37fb320
Event: 29.629 Thread 0x000001f780eea360 DEOPT UNPACKING pc=0x000001f78d13699d sp=0x00000099b37fb2e0 mode 2
Event: 29.676 Thread 0x000001f780eea360 Uncommon trap: trap_request=0xffffffde fr.pc=0x000001f78d97d8d4 relative=0x0000000000004e14
Event: 29.676 Thread 0x000001f780eea360 Uncommon trap: reason=class_check action=maybe_recompile pc=0x000001f78d97d8d4 method=org.jetbrains.kotlin.com.intellij.psi.impl.source.CharTableImpl$StringHashToCharSequencesMap.getSubSequenceWithHashCode(ILjava/lang/CharSequence;II)Ljava/lang/CharSequen
Event: 29.676 Thread 0x000001f780eea360 DEOPT PACKING pc=0x000001f78d97d8d4 sp=0x00000099b37f9aa0
Event: 29.676 Thread 0x000001f780eea360 DEOPT UNPACKING pc=0x000001f78d13699d sp=0x00000099b37f97f8 mode 2
Event: 29.676 Thread 0x000001f780eea360 Uncommon trap: trap_request=0xffffffde fr.pc=0x000001f78d97d8d4 relative=0x0000000000004e14
Event: 29.676 Thread 0x000001f780eea360 Uncommon trap: reason=class_check action=maybe_recompile pc=0x000001f78d97d8d4 method=org.jetbrains.kotlin.com.intellij.psi.impl.source.CharTableImpl$StringHashToCharSequencesMap.getSubSequenceWithHashCode(ILjava/lang/CharSequence;II)Ljava/lang/CharSequen
Event: 29.676 Thread 0x000001f780eea360 DEOPT PACKING pc=0x000001f78d97d8d4 sp=0x00000099b37f9aa0
Event: 29.677 Thread 0x000001f780eea360 DEOPT UNPACKING pc=0x000001f78d13699d sp=0x00000099b37f97f8 mode 2
Event: 29.854 Thread 0x000001f780eea360 Uncommon trap: trap_request=0xffffffde fr.pc=0x000001f78d9f808c relative=0x000000000000032c
Event: 29.854 Thread 0x000001f780eea360 Uncommon trap: reason=class_check action=maybe_recompile pc=0x000001f78d9f808c method=org.jetbrains.kotlin.psi.KtSimpleNameExpressionImpl$Companion.getReferencedNameImpl(Lorg/jetbrains/kotlin/psi/KtSimpleNameExpression;)Ljava/lang/String; @ 7 c2
Event: 29.854 Thread 0x000001f780eea360 DEOPT PACKING pc=0x000001f78d9f808c sp=0x00000099b37f5190
Event: 29.854 Thread 0x000001f780eea360 DEOPT UNPACKING pc=0x000001f78d13699d sp=0x00000099b37f5138 mode 2

Classes unloaded (0 events):
No events

Classes redefined (0 events):
No events

Internal exceptions (20 events):
Event: 12.659 Thread 0x000001f780eea360 Exception <a 'java/lang/NoSuchMethodError'{0x0000000087757b00}: 'java.lang.Object java.lang.invoke.DirectMethodHandle$Holder.invokeSpecial(java.lang.Object, java.lang.Object, java.lang.Object, java.lang.Object, int)'> (0x0000000087757b00) 
thrown [s\src\hotspot\share\interpreter\linkResolver.cpp, line 771]
Event: 12.661 Thread 0x000001f780eea360 Exception <a 'java/lang/NoSuchMethodError'{0x000000008775b970}: 'java.lang.Object java.lang.invoke.Invokers$Holder.linkToTargetMethod(java.lang.Object, java.lang.Object, int, java.lang.Object)'> (0x000000008775b970) 
thrown [s\src\hotspot\share\interpreter\linkResolver.cpp, line 771]
Event: 15.089 Thread 0x000001f780eea360 Exception <a 'java/lang/NoSuchMethodError'{0x000000008779b360}: 'java.lang.Object java.lang.invoke.DirectMethodHandle$Holder.newInvokeSpecial(java.lang.Object, java.lang.Object, java.lang.Object, java.lang.Object, java.lang.Object, java.lang.Object)'> (0x000000008779b360) 
thrown [s\src\hotspot\share\interpreter\linkResolver.cpp, line 771]
Event: 19.733 Thread 0x000001f780eea360 Exception <a 'java/lang/NoSuchMethodError'{0x000000008563b4f8}: 'java.lang.Object java.lang.invoke.DirectMethodHandle$Holder.invokeStatic(java.lang.Object, java.lang.Object, java.lang.Object, java.lang.Object, int)'> (0x000000008563b4f8) 
thrown [s\src\hotspot\share\interpreter\linkResolver.cpp, line 771]
Event: 19.735 Thread 0x000001f780eea360 Exception <a 'java/lang/NoSuchMethodError'{0x0000000085644f38}: 'java.lang.Object java.lang.invoke.DirectMethodHandle$Holder.newInvokeSpecial(java.lang.Object, java.lang.Object, java.lang.Object, java.lang.Object, int)'> (0x0000000085644f38) 
thrown [s\src\hotspot\share\interpreter\linkResolver.cpp, line 771]
Event: 19.738 Thread 0x000001f780eea360 Exception <a 'java/lang/NoSuchMethodError'{0x000000008564ce58}: 'java.lang.Object java.lang.invoke.Invokers$Holder.linkToTargetMethod(java.lang.Object, java.lang.Object, java.lang.Object, int, java.lang.Object)'> (0x000000008564ce58) 
thrown [s\src\hotspot\share\interpreter\linkResolver.cpp, line 771]
Event: 20.910 Thread 0x000001f780eea360 Exception <a 'java/lang/NoSuchMethodError'{0x0000000084bee5f8}: 'java.lang.Object java.lang.invoke.DirectMethodHandle$Holder.invokeStaticInit(java.lang.Object, java.lang.Object, java.lang.Object)'> (0x0000000084bee5f8) 
thrown [s\src\hotspot\share\interpreter\linkResolver.cpp, line 771]
Event: 23.609 Thread 0x000001f780eea360 Implicit null exception at 0x000001f78d959725 to 0x000001f78d959b04
Event: 23.887 Thread 0x000001f780eea360 Implicit null exception at 0x000001f78d95ffea to 0x000001f78d960210
Event: 23.900 Thread 0x000001f780eea360 Implicit null exception at 0x000001f78d9490b9 to 0x000001f78d94a8fc
Event: 23.900 Thread 0x000001f780eea360 Implicit null exception at 0x000001f78d93ba9b to 0x000001f78d93c1bc
Event: 23.944 Thread 0x000001f780eea360 Implicit null exception at 0x000001f78d6ca98e to 0x000001f78d6cabec
Event: 24.291 Thread 0x000001f780eea360 Implicit null exception at 0x000001f78d94d8bc to 0x000001f78d94e1a4
Event: 24.487 Thread 0x000001f780eea360 Exception <a 'java/lang/NoSuchMethodError'{0x0000000085b204c0}: 'java.lang.Object java.lang.invoke.DirectMethodHandle$Holder.invokeInterface(java.lang.Object, java.lang.Object, java.lang.Object)'> (0x0000000085b204c0) 
thrown [s\src\hotspot\share\interpreter\linkResolver.cpp, line 771]
Event: 24.488 Thread 0x000001f780eea360 Exception <a 'java/lang/IncompatibleClassChangeError'{0x0000000085b23e30}: Found class java.lang.Object, but interface was expected> (0x0000000085b23e30) 
thrown [s\src\hotspot\share\interpreter\linkResolver.cpp, line 838]
Event: 24.827 Thread 0x000001f780eea360 Exception <a 'java/lang/NoSuchMethodError'{0x0000000085922298}: 'int java.lang.invoke.DirectMethodHandle$Holder.invokeStaticInit(java.lang.Object, int)'> (0x0000000085922298) 
thrown [s\src\hotspot\share\interpreter\linkResolver.cpp, line 771]
Event: 27.879 Thread 0x000001f780eea360 Exception <a 'java/lang/NoSuchMethodError'{0x000000008974fe18}: 'java.lang.Object java.lang.invoke.DirectMethodHandle$Holder.newInvokeSpecial(java.lang.Object, int, java.lang.Object)'> (0x000000008974fe18) 
thrown [s\src\hotspot\share\interpreter\linkResolver.cpp, line 771]
Event: 27.891 Thread 0x000001f780eea360 Exception <a 'java/lang/NoSuchMethodError'{0x00000000897566f0}: 'int java.lang.invoke.DirectMethodHandle$Holder.invokeInterface(java.lang.Object, java.lang.Object)'> (0x00000000897566f0) 
thrown [s\src\hotspot\share\interpreter\linkResolver.cpp, line 771]
Event: 27.940 Thread 0x000001f780eea360 Exception <a 'java/lang/NoSuchMethodError'{0x00000000897c15b8}: 'java.lang.Object java.lang.invoke.DirectMethodHandle$Holder.newInvokeSpecial(java.lang.Object, java.lang.Object, java.lang.Object, java.lang.Object, java.lang.Object, java.lang.Object, java.lang.Object)'> (0x00000000897c15b8) 
thrown [s\src\hotspot\share\interpreter\linkResolver.cpp, line 771]
Event: 27.942 Thread 0x000001f780eea360 Exception <a 'java/lang/NoSuchMethodError'{0x00000000897c6170}: 'java.lang.Object java.lang.invoke.Invokers$Holder.linkToTargetMethod(java.lang.Object, java.lang.Object, java.lang.Object, java.lang.Object, java.lang.Object, java.lang.Object, java.lang.Object)'> (0x00000000897c6170) 
thrown [s\src\hotspot\share\interpreter\linkResolver.cpp, line 771]

VM Operations (20 events):
Event: 27.096 Executing VM operation: ICBufferFull done
Event: 27.722 Executing VM operation: HandshakeAllThreads
Event: 27.722 Executing VM operation: HandshakeAllThreads done
Event: 27.736 Executing VM operation: G1CollectForAllocation
Event: 27.759 Executing VM operation: G1CollectForAllocation done
Event: 27.793 Executing VM operation: HandshakeAllThreads
Event: 27.794 Executing VM operation: HandshakeAllThreads done
Event: 27.803 Executing VM operation: G1CollectForAllocation
Event: 27.818 Executing VM operation: G1CollectForAllocation done
Event: 27.861 Executing VM operation: HandshakeAllThreads
Event: 27.861 Executing VM operation: HandshakeAllThreads done
Event: 27.990 Executing VM operation: ICBufferFull
Event: 27.991 Executing VM operation: ICBufferFull done
Event: 28.403 Executing VM operation: ICBufferFull
Event: 28.403 Executing VM operation: ICBufferFull done
Event: 28.908 Executing VM operation: ICBufferFull
Event: 28.908 Executing VM operation: ICBufferFull done
Event: 29.607 Executing VM operation: ICBufferFull
Event: 29.607 Executing VM operation: ICBufferFull done
Event: 29.883 Executing VM operation: G1TryInitiateConcMark

Events (20 events):
Event: 23.376 Thread 0x000001f79c587990 flushing nmethod 0x000001f7869da390
Event: 23.376 Thread 0x000001f79c587990 flushing nmethod 0x000001f7869f1990
Event: 25.784 loading class jdk/internal/math/FloatingDecimal
Event: 25.785 loading class jdk/internal/math/FloatingDecimal done
Event: 25.785 loading class jdk/internal/math/FloatingDecimal$ExceptionalBinaryToASCIIBuffer
Event: 25.785 loading class jdk/internal/math/FloatingDecimal$BinaryToASCIIConverter
Event: 25.785 loading class jdk/internal/math/FloatingDecimal$BinaryToASCIIConverter done
Event: 25.786 loading class jdk/internal/math/FloatingDecimal$ExceptionalBinaryToASCIIBuffer done
Event: 25.786 loading class jdk/internal/math/FloatingDecimal$BinaryToASCIIBuffer
Event: 25.786 loading class jdk/internal/math/FloatingDecimal$BinaryToASCIIBuffer done
Event: 25.787 loading class jdk/internal/math/FloatingDecimal$1
Event: 25.787 loading class jdk/internal/math/FloatingDecimal$1 done
Event: 25.787 loading class jdk/internal/math/FloatingDecimal$PreparedASCIIToBinaryBuffer
Event: 25.787 loading class jdk/internal/math/FloatingDecimal$ASCIIToBinaryConverter
Event: 25.787 loading class jdk/internal/math/FloatingDecimal$ASCIIToBinaryConverter done
Event: 25.787 loading class jdk/internal/math/FloatingDecimal$PreparedASCIIToBinaryBuffer done
Event: 25.787 loading class jdk/internal/math/FloatingDecimal$ASCIIToBinaryBuffer
Event: 25.788 loading class jdk/internal/math/FloatingDecimal$ASCIIToBinaryBuffer done
Event: 27.929 loading class java/util/Collections$CopiesList
Event: 27.932 loading class java/util/Collections$CopiesList done


Dynamic libraries:
0x00007ff799aa0000 - 0x00007ff799aaa000 	D:\ferley\Android\jbr\bin\java.exe
0x00007ff85ebe0000 - 0x00007ff85edd0000 	C:\Windows\SYSTEM32\ntdll.dll
0x00007ff85d6f0000 - 0x00007ff85d7a2000 	C:\Windows\System32\KERNEL32.DLL
0x00007ff85bb70000 - 0x00007ff85be13000 	C:\Windows\System32\KERNELBASE.dll
0x00007ff85bf20000 - 0x00007ff85c01a000 	C:\Windows\System32\ucrtbase.dll
0x00007ff859af0000 - 0x00007ff859b0b000 	D:\ferley\Android\jbr\bin\VCRUNTIME140.dll
0x00007ff84fc30000 - 0x00007ff84fc47000 	D:\ferley\Android\jbr\bin\jli.dll
0x00007ff85d420000 - 0x00007ff85d5b4000 	C:\Windows\System32\USER32.dll
0x00007ff84d440000 - 0x00007ff84d6c5000 	C:\Windows\WinSxS\amd64_microsoft.windows.common-controls_6595b64144ccf1df_6.0.18362.719_none_e6c7b883130c6729\COMCTL32.dll
0x00007ff85cab0000 - 0x00007ff85cad1000 	C:\Windows\System32\win32u.dll
0x00007ff85e8b0000 - 0x00007ff85e94e000 	C:\Windows\System32\msvcrt.dll
0x00007ff85d5f0000 - 0x00007ff85d616000 	C:\Windows\System32\GDI32.dll
0x00007ff85cf50000 - 0x00007ff85d286000 	C:\Windows\System32\combase.dll
0x00007ff85c910000 - 0x00007ff85caa4000 	C:\Windows\System32\gdi32full.dll
0x00007ff85e9c0000 - 0x00007ff85eae0000 	C:\Windows\System32\RPCRT4.dll
0x00007ff85be20000 - 0x00007ff85bebe000 	C:\Windows\System32\msvcp_win.dll
0x00007ff85cbc0000 - 0x00007ff85cc40000 	C:\Windows\System32\bcryptPrimitives.dll
0x00007ff85d5c0000 - 0x00007ff85d5ee000 	C:\Windows\System32\IMM32.DLL
0x00007ff859ae0000 - 0x00007ff859aec000 	D:\ferley\Android\jbr\bin\vcruntime140_1.dll
0x00007ff84e100000 - 0x00007ff84e18d000 	D:\ferley\Android\jbr\bin\msvcp140.dll
0x00007ff8190c0000 - 0x00007ff819d43000 	D:\ferley\Android\jbr\bin\server\jvm.dll
0x00007ff85cdf0000 - 0x00007ff85ce93000 	C:\Windows\System32\ADVAPI32.dll
0x00007ff85e810000 - 0x00007ff85e8a7000 	C:\Windows\System32\sechost.dll
0x00007ff85bad0000 - 0x00007ff85bb1a000 	C:\Windows\System32\POWRPROF.dll
0x00007ff85baa0000 - 0x00007ff85bab0000 	C:\Windows\System32\UMPDC.dll
0x00007ff844ef0000 - 0x00007ff844ef9000 	C:\Windows\SYSTEM32\WSOCK32.dll
0x00007ff8595c0000 - 0x00007ff8595e4000 	C:\Windows\SYSTEM32\WINMM.dll
0x00007ff84d770000 - 0x00007ff84d77a000 	C:\Windows\SYSTEM32\VERSION.dll
0x00007ff85e950000 - 0x00007ff85e9bf000 	C:\Windows\System32\WS2_32.dll
0x00007ff8593b0000 - 0x00007ff8593dd000 	C:\Windows\SYSTEM32\winmmbase.dll
0x00007ff85cc40000 - 0x00007ff85cc8a000 	C:\Windows\System32\cfgmgr32.dll
0x00007ff85bb20000 - 0x00007ff85bb31000 	C:\Windows\System32\kernel.appcore.dll
0x00007ff856ee0000 - 0x00007ff856eea000 	D:\ferley\Android\jbr\bin\jimage.dll
0x00007ff848f60000 - 0x00007ff849154000 	C:\Windows\SYSTEM32\DBGHELP.DLL
0x00007ff8483e0000 - 0x00007ff84840a000 	C:\Windows\SYSTEM32\dbgcore.DLL
0x00007ff8558c0000 - 0x00007ff8558e5000 	D:\ferley\Android\jbr\bin\java.dll
0x00007ff856c60000 - 0x00007ff856c78000 	D:\ferley\Android\jbr\bin\zip.dll
0x00007ff85dba0000 - 0x00007ff85e285000 	C:\Windows\System32\SHELL32.dll
0x00007ff85cea0000 - 0x00007ff85cf49000 	C:\Windows\System32\shcore.dll
0x00007ff85c170000 - 0x00007ff85c8f0000 	C:\Windows\System32\windows.storage.dll
0x00007ff85bb40000 - 0x00007ff85bb63000 	C:\Windows\System32\profapi.dll
0x00007ff85d820000 - 0x00007ff85d872000 	C:\Windows\System32\shlwapi.dll
0x00007ff85c8f0000 - 0x00007ff85c907000 	C:\Windows\System32\cryptsp.dll
0x00007ff8558a0000 - 0x00007ff8558b9000 	D:\ferley\Android\jbr\bin\net.dll
0x00007ff84d8a0000 - 0x00007ff84d991000 	C:\Windows\SYSTEM32\WINHTTP.dll
0x00007ff85b310000 - 0x00007ff85b377000 	C:\Windows\system32\mswsock.dll
0x00007ff855390000 - 0x00007ff8553a6000 	D:\ferley\Android\jbr\bin\nio.dll
0x00007ff84fe60000 - 0x00007ff84fe70000 	D:\ferley\Android\jbr\bin\verify.dll

dbghelp: loaded successfully - version: 4.0.5 - missing functions: none
symbol engine: initialized successfully - sym options: 0x614 - pdb path: .;D:\ferley\Android\jbr\bin;C:\Windows\SYSTEM32;C:\Windows\WinSxS\amd64_microsoft.windows.common-controls_6595b64144ccf1df_6.0.18362.719_none_e6c7b883130c6729;D:\ferley\Android\jbr\bin\server

VM Arguments:
java_command: org.jetbrains.kotlin.cli.jvm.K2JVMCompiler @D:\Labs20242-Gr06\Lab1-UI\build\20240913_2985219249203384003.compiler.options
java_class_path (initial): C:\Users\ESTEBAN\.gradle\caches\modules-2\files-2.1\org.jetbrains.kotlin\kotlin-compiler-embeddable\1.9.0\2c8c3a7402becca891f12739b3e9fd2dc2adbd7a\kotlin-compiler-embeddable-1.9.0.jar;C:\Users\ESTEBAN\.gradle\caches\modules-2\files-2.1\org.jetbrains.kotlin\kotlin-stdlib\1.9.0\8ee15ef0c67dc83d874f412d84378d7f0eb50b63\kotlin-stdlib-1.9.0.jar;C:\Users\ESTEBAN\.gradle\caches\modules-2\files-2.1\org.jetbrains.kotlin\kotlin-script-runtime\1.9.0\4b3102cbbb7e1b58d9d1adf89563f00069ffa7d1\kotlin-script-runtime-1.9.0.jar;C:\Users\ESTEBAN\.gradle\caches\modules-2\files-2.1\org.jetbrains.kotlin\kotlin-reflect\1.6.10\1cbe9c92c12a94eea200d23c2bbaedaf3daf5132\kotlin-reflect-1.6.10.jar;C:\Users\ESTEBAN\.gradle\caches\modules-2\files-2.1\org.jetbrains.kotlin\kotlin-daemon-embeddable\1.9.0\186543f5e28cf8d9a0290fecc2cf34301c40a65c\kotlin-daemon-embeddable-1.9.0.jar;C:\Users\ESTEBAN\.gradle\caches\modules-2\files-2.1\org.jetbrains.intellij.deps\trove4j\1.0.20200330\3afb14d5f9ceb459d724e907a21145e8ff394f02\trove4j-1.0.20200330.jar;C:\Users\ESTEBAN\.gradle\caches\modules-2\files-2.1\org.jetbrains.kotlin\kotlin-stdlib-common\1.9.0\cd65c21cfd1eec4d44ef09f9f52b6d9f8a720636\kotlin-stdlib-common-1.9.0.jar;C:\Users\ESTEBAN\.gradle\caches\modules-2\files-2.1\org.jetbrains\annotations\13.0\919f0dfe192fb4e063e7dacadee7f8bb9a2672a9\annotations-13.0.jar
Launcher Type: SUN_STANDARD

[Global flags]
     intx CICompilerCount                          = 3                                         {product} {ergonomic}
     uint ConcGCThreads                            = 1                                         {product} {ergonomic}
     uint G1ConcRefinementThreads                  = 4                                         {product} {ergonomic}
   size_t G1HeapRegionSize                         = 1048576                                   {product} {ergonomic}
    uintx GCDrainStackTargetSize                   = 64                                        {product} {ergonomic}
   size_t InitialHeapSize                          = 134217728                                 {product} {ergonomic}
   size_t MarkStackSize                            = 4194304                                   {product} {ergonomic}
   size_t MaxHeapSize                              = 2122317824                                {product} {ergonomic}
   size_t MaxNewSize                               = 1272971264                                {product} {ergonomic}
   size_t MinHeapDeltaBytes                        = 1048576                                   {product} {ergonomic}
   size_t MinHeapSize                              = 8388608                                   {product} {ergonomic}
    uintx NonNMethodCodeHeapSize                   = 5832780                                {pd product} {ergonomic}
    uintx NonProfiledCodeHeapSize                  = 122912730                              {pd product} {ergonomic}
    uintx ProfiledCodeHeapSize                     = 122912730                              {pd product} {ergonomic}
    uintx ReservedCodeCacheSize                    = 251658240                              {pd product} {ergonomic}
     bool SegmentedCodeCache                       = true                                      {product} {ergonomic}
   size_t SoftMaxHeapSize                          = 2122317824                             {manageable} {ergonomic}
     bool UseCompressedClassPointers               = true                           {product lp64_product} {ergonomic}
     bool UseCompressedOops                        = true                           {product lp64_product} {ergonomic}
     bool UseG1GC                                  = true                                      {product} {ergonomic}
     bool UseLargePagesIndividualAllocation        = false                                  {pd product} {ergonomic}

Logging:
Log output configuration:
 #0: stdout all=warning uptime,level,tags
 #1: stderr all=off uptime,level,tags

Environment Variables:
PATH=C:\app\FERLEY\dbhomeXE\bin;C:\Program Files (x86)\Common Files\Oracle\Java\javapath;C:\Program Files\Eclipse Adoptium\jdk-17.0.10.7-hotspot\bin;C:\Python312\Scripts\;C:\Python312\;C:\Program Files (x86)\Common Files\Intel\Shared Libraries\redist\intel64\compiler;C:\Windows\system32;C:\Windows;C:\Windows\System32\Wbem;C:\Windows\System32\WindowsPowerShell\v1.0\;C:\Windows\System32\OpenSSH\;C:\ProgramData\chocolatey\bin;C:\Users\ESTEBAN\AppData\Roaming\nvm;C:\Program Files\nodejs;C:\Program Files\Git\cmd;C:\Users\ESTEBAN\AppData\Local\Microsoft\WindowsApps;C:\Users\ESTEBAN\AppData\Local\Programs\Microsoft VS Code\bin;C:\Programas\IntelliJ IDEA 2023.3.4\bin;;C:\Users\ESTEBAN\AppData\Roaming\nvm;C:\Program Files\nodejs;C:\Program Files\MongoDB\Server\7.0\bin;C:\ProgramData\ESTEBAN\GitHubDesktop\bin;C:\Users\ESTEBAN\AppData\Local\GitHubDesktop\bin
USERNAME=ESTEBAN
OS=Windows_NT
PROCESSOR_IDENTIFIER=Intel64 Family 6 Model 76 Stepping 4, GenuineIntel
TMP=C:\Users\ESTEBAN\AppData\Local\Temp
TEMP=C:\Users\ESTEBAN\AppData\Local\Temp



Periodic native trim disabled

JNI global refs:
JNI global refs: 10, weak refs: 0

JNI global refs memory usage: 843, weak refs: 841

Process memory usage:
Resident Set Size: 256720K (3% of 8285028K total physical memory with 464752K free physical memory)

OOME stack traces (most recent first):
Classloader memory used:
Loader jdk.internal.loader.ClassLoaders$AppClassLoader                                 : 6214K
Loader bootstrap                                                                       : 1329K
Loader java.net.URLClassLoader                                                         : 48187B
Loader jdk.internal.reflect.DelegatingClassLoader                                      : 16486B


---------------  S Y S T E M  ---------------

OS:
 Windows 10 , 64 bit Build 18362 (10.0.18362.329)
OS uptime: 1 days 10:10 hours

CPU: total 4 (initial active 4) (4 cores per cpu, 1 threads per core) family 6 model 76 stepping 4 microcode 0x410, cx8, cmov, fxsr, mmx, 3dnowpref, sse, sse2, sse3, ssse3, sse4.1, sse4.2, popcnt, tsc, tscinvbit, aes, erms, clmul, clflush
Processor Information for all 4 processors :
  Max Mhz: 1601, Current Mhz: 1601, Mhz Limit: 1601

Memory: 4k page, system-wide physical 8090M (453M free)
TotalPageFile size 10138M (AvailPageFile size 9M)
current process WorkingSet (physical memory assigned to process): 250M, peak: 254M
current process commit charge ("private bytes"): 301M, peak: 329M

vm_info: OpenJDK 64-Bit Server VM (17.0.11+0--11852314) for windows-amd64 JRE (17.0.11+0--11852314), built on May 16 2024 21:29:20 by "androidbuild" with MS VC++ 16.10 / 16.11 (VS2019)

END.
