#
# There is insufficient memory for the Java Runtime Environment to continue.
# Native memory allocation (malloc) failed to allocate 1944640 bytes. Error detail: Chunk::new
# Possible reasons:
#   The system is out of physical RAM or swap space
#   This process is running with CompressedOops enabled, and the Java Heap may be blocking the growth of the native heap
# Possible solutions:
#   Reduce memory load on the system
#   Increase physical memory or swap space
#   Check if swap backing store is full
#   Decrease Java heap size (-Xmx/-Xms)
#   Decrease number of Java threads
#   Decrease Java thread stack sizes (-Xss)
#   Set larger code cache with -XX:ReservedCodeCacheSize=
#   JVM is running with Unscaled Compressed Oops mode in which the Java heap is
#     placed in the first 4GB address space. The Java Heap base address is the
#     maximum limit for the native heap growth. Please use -XX:HeapBaseMinAddress
#     to set the Java Heap base and to place the Java Heap above 4GB virtual address.
# This output file may be truncated or incomplete.
#
#  Out of Memory Error (arena.cpp:191), pid=8388, tid=6140
#
# JRE version: OpenJDK Runtime Environment (17.0.11) (build 17.0.11+0--11852314)
# Java VM: OpenJDK 64-Bit Server VM (17.0.11+0--11852314, mixed mode, tiered, compressed oops, compressed class ptrs, g1 gc, windows-amd64)
# No core dump will be written. Minidumps are not enabled by default on client versions of Windows
#

---------------  S U M M A R Y ------------

Command Line: org.jetbrains.kotlin.cli.jvm.K2JVMCompiler @D:\Labs20242-Gr06\Lab1-UI\build\20240913_11072286891109002684.compiler.options

Host: Intel(R) Pentium(R) CPU  J3710  @ 1.60GHz, 4 cores, 7G,  Windows 10 , 64 bit Build 18362 (10.0.18362.329)
Time: Fri Sep 13 17:41:44 2024 Hora est. Pacífico, Sudamérica elapsed time: 47.533941 seconds (0d 0h 0m 47s)

---------------  T H R E A D  ---------------

Current thread (0x0000029494716300):  JavaThread "C2 CompilerThread1" daemon [_thread_in_native, id=6140, stack(0x000000bcb6c00000,0x000000bcb6d00000)]


Current CompileTask:
C2:  47534 12460       4       org.jetbrains.kotlin.load.java.structure.impl.classFiles.BinaryJavaMethodBase$Companion::create (572 bytes)

Stack: [0x000000bcb6c00000,0x000000bcb6d00000]
Native frames: (J=compiled Java code, j=interpreted, Vv=VM code, C=native code)
V  [jvm.dll+0x687bb9]
V  [jvm.dll+0x84142a]
V  [jvm.dll+0x8430ae]
V  [jvm.dll+0x843713]
V  [jvm.dll+0x24a35f]
V  [jvm.dll+0xac544]
V  [jvm.dll+0xacb8c]
V  [jvm.dll+0x369c37]
V  [jvm.dll+0x1be312]
V  [jvm.dll+0x21c029]
V  [jvm.dll+0x21b311]
V  [jvm.dll+0x1a63ed]
V  [jvm.dll+0x22b1ee]
V  [jvm.dll+0x229375]
V  [jvm.dll+0x7f5647]
V  [jvm.dll+0x7efa4a]
V  [jvm.dll+0x686a35]
C  [ucrtbase.dll+0x20e72]
C  [KERNEL32.DLL+0x17bd4]
C  [ntdll.dll+0x6ced1]


---------------  P R O C E S S  ---------------

Threads class SMR info:
_java_thread_list=0x000002949636baa0, length=13, elements={
0x00000294f12a7ee0, 0x00000294fb7cc7e0, 0x00000294fb7cd570, 0x00000294fb7f4ee0,
0x00000294fb7f77c0, 0x00000294fb7f8090, 0x00000294fb7f8960, 0x0000029493040ed0,
0x00000294930437f0, 0x0000029493044900, 0x00000294931c54a0, 0x00000294931d5df0,
0x0000029494716300
}

Java Threads: ( => current thread )
  0x00000294f12a7ee0 JavaThread "main" [_thread_in_Java, id=8268, stack(0x000000bcb5600000,0x000000bcb5700000)]
  0x00000294fb7cc7e0 JavaThread "Reference Handler" daemon [_thread_blocked, id=9600, stack(0x000000bcb5d00000,0x000000bcb5e00000)]
  0x00000294fb7cd570 JavaThread "Finalizer" daemon [_thread_blocked, id=8092, stack(0x000000bcb5e00000,0x000000bcb5f00000)]
  0x00000294fb7f4ee0 JavaThread "Signal Dispatcher" daemon [_thread_blocked, id=7092, stack(0x000000bcb5f00000,0x000000bcb6000000)]
  0x00000294fb7f77c0 JavaThread "Attach Listener" daemon [_thread_blocked, id=5404, stack(0x000000bcb6000000,0x000000bcb6100000)]
  0x00000294fb7f8090 JavaThread "Service Thread" daemon [_thread_blocked, id=6212, stack(0x000000bcb6100000,0x000000bcb6200000)]
  0x00000294fb7f8960 JavaThread "Monitor Deflation Thread" daemon [_thread_blocked, id=9276, stack(0x000000bcb6200000,0x000000bcb6300000)]
  0x0000029493040ed0 JavaThread "C2 CompilerThread0" daemon [_thread_in_native, id=1316, stack(0x000000bcb6300000,0x000000bcb6400000)]
  0x00000294930437f0 JavaThread "C1 CompilerThread0" daemon [_thread_blocked, id=7608, stack(0x000000bcb6400000,0x000000bcb6500000)]
  0x0000029493044900 JavaThread "Sweeper thread" daemon [_thread_blocked, id=10836, stack(0x000000bcb6500000,0x000000bcb6600000)]
  0x00000294931c54a0 JavaThread "Notification Thread" daemon [_thread_blocked, id=7012, stack(0x000000bcb6600000,0x000000bcb6700000)]
  0x00000294931d5df0 JavaThread "Common-Cleaner" daemon [_thread_blocked, id=11144, stack(0x000000bcb6800000,0x000000bcb6900000)]
=>0x0000029494716300 JavaThread "C2 CompilerThread1" daemon [_thread_in_native, id=6140, stack(0x000000bcb6c00000,0x000000bcb6d00000)]

Other Threads:
  0x00000294fb7c8ba0 VMThread "VM Thread" [stack: 0x000000bcb5c00000,0x000000bcb5d00000] [id=11248]
  0x00000294fb76a470 WatcherThread [stack: 0x000000bcb6700000,0x000000bcb6800000] [id=4924]
  0x00000294f1304b40 GCTaskThread "GC Thread#0" [stack: 0x000000bcb5700000,0x000000bcb5800000] [id=9732]
  0x00000294936ee7f0 GCTaskThread "GC Thread#1" [stack: 0x000000bcb6900000,0x000000bcb6a00000] [id=10168]
  0x00000294936eed30 GCTaskThread "GC Thread#2" [stack: 0x000000bcb6a00000,0x000000bcb6b00000] [id=9064]
  0x0000029493788cd0 GCTaskThread "GC Thread#3" [stack: 0x000000bcb6b00000,0x000000bcb6c00000] [id=8080]
  0x00000294f13166b0 ConcurrentGCThread "G1 Main Marker" [stack: 0x000000bcb5800000,0x000000bcb5900000] [id=8104]
  0x00000294f1316fe0 ConcurrentGCThread "G1 Conc#0" [stack: 0x000000bcb5900000,0x000000bcb5a00000] [id=9044]
  0x00000294f135d7e0 ConcurrentGCThread "G1 Refine#0" [stack: 0x000000bcb5a00000,0x000000bcb5b00000] [id=10316]
  0x0000029494978030 ConcurrentGCThread "G1 Refine#1" [stack: 0x000000bcb6d00000,0x000000bcb6e00000] [id=804]
  0x00000294943c5f10 ConcurrentGCThread "G1 Refine#2" [stack: 0x000000bcb6e00000,0x000000bcb6f00000] [id=11072]
  0x0000029496b23250 ConcurrentGCThread "G1 Refine#3" [stack: 0x000000bcb6f00000,0x000000bcb7000000] [id=8288]
  0x00000294f135e120 ConcurrentGCThread "G1 Service" [stack: 0x000000bcb5b00000,0x000000bcb5c00000] [id=10528]

Threads with active compile tasks:
C2 CompilerThread0    47601 13136       4       org.jetbrains.kotlin.types.TypeSubstitutor::substituteCompoundType (146 bytes)
C1 CompilerThread0    47601 13205       3       org.jetbrains.kotlin.ir.util.IrUtilsKt::getFunctions (38 bytes)
C2 CompilerThread1    47602 12460       4       org.jetbrains.kotlin.load.java.structure.impl.classFiles.BinaryJavaMethodBase$Companion::create (572 bytes)

VM state: not at safepoint (normal execution)

VM Mutex/Monitor currently owned by a thread: None

Heap address: 0x0000000081800000, size: 2024 MB, Compressed Oops mode: 32-bit

CDS archive(s) not mapped
Compressed class space mapped at: 0x0000000100000000-0x0000000140000000, reserved size: 1073741824
Narrow klass base: 0x0000000000000000, Narrow klass shift: 3, Narrow klass range: 0x140000000

GC Precious Log:
 CPUs: 4 total, 4 available
 Memory: 8090M
 Large Page Support: Disabled
 NUMA Support: Disabled
 Compressed Oops: Enabled (32-bit)
 Heap Region Size: 1M
 Heap Min Capacity: 8M
 Heap Initial Capacity: 128M
 Heap Max Capacity: 2024M
 Pre-touch: Disabled
 Parallel Workers: 4
 Concurrent Workers: 1
 Concurrent Refinement Workers: 4
 Periodic GC: Disabled

Heap:
 garbage-first heap   total 142336K, used 77767K [0x0000000081800000, 0x0000000100000000)
  region size 1024K, 14 young (14336K), 7 survivors (7168K)
 Metaspace       used 74304K, committed 74624K, reserved 1179648K
  class space    used 8316K, committed 8512K, reserved 1048576K

Heap Regions: E=young(eden), S=young(survivor), O=old, HS=humongous(starts), HC=humongous(continues), CS=collection set, F=free, OA=open archive, CA=closed archive, TAMS=top-at-mark-start (previous, next)
|   0|0x0000000081800000, 0x0000000081900000, 0x0000000081900000|100%|HS|  |TAMS 0x0000000081900000, 0x0000000081800000| Complete 
|   1|0x0000000081900000, 0x0000000081a00000, 0x0000000081a00000|100%|HC|  |TAMS 0x0000000081a00000, 0x0000000081900000| Complete 
|   2|0x0000000081a00000, 0x0000000081b00000, 0x0000000081b00000|100%|HC|  |TAMS 0x0000000081b00000, 0x0000000081a00000| Complete 
|   3|0x0000000081b00000, 0x0000000081c00000, 0x0000000081c00000|100%|HC|  |TAMS 0x0000000081c00000, 0x0000000081b00000| Complete 
|   4|0x0000000081c00000, 0x0000000081cf1e00, 0x0000000081d00000| 94%| O|  |TAMS 0x0000000081cf1e00, 0x0000000081c00000| Untracked 
|   5|0x0000000081d00000, 0x0000000081e00000, 0x0000000081e00000|100%| O|  |TAMS 0x0000000081e00000, 0x0000000081d00000| Untracked 
|   6|0x0000000081e00000, 0x0000000081f00000, 0x0000000081f00000|100%| O|  |TAMS 0x0000000081f00000, 0x0000000081e00000| Untracked 
|   7|0x0000000081f00000, 0x0000000082000000, 0x0000000082000000|100%| O|  |TAMS 0x0000000082000000, 0x0000000081f00000| Untracked 
|   8|0x0000000082000000, 0x0000000082100000, 0x0000000082100000|100%| O|  |TAMS 0x0000000082100000, 0x0000000082000000| Untracked 
|   9|0x0000000082100000, 0x0000000082200000, 0x0000000082200000|100%| O|  |TAMS 0x0000000082200000, 0x0000000082100000| Untracked 
|  10|0x0000000082200000, 0x0000000082300000, 0x0000000082300000|100%| O|  |TAMS 0x0000000082300000, 0x0000000082200000| Untracked 
|  11|0x0000000082300000, 0x0000000082400000, 0x0000000082400000|100%| O|  |TAMS 0x0000000082400000, 0x0000000082300000| Untracked 
|  12|0x0000000082400000, 0x0000000082500000, 0x0000000082500000|100%| O|  |TAMS 0x0000000082500000, 0x0000000082400000| Untracked 
|  13|0x0000000082500000, 0x0000000082600000, 0x0000000082600000|100%| O|  |TAMS 0x0000000082600000, 0x0000000082500000| Untracked 
|  14|0x0000000082600000, 0x0000000082700000, 0x0000000082700000|100%| O|  |TAMS 0x0000000082700000, 0x0000000082600000| Untracked 
|  15|0x0000000082700000, 0x0000000082800000, 0x0000000082800000|100%| O|  |TAMS 0x0000000082800000, 0x0000000082700000| Untracked 
|  16|0x0000000082800000, 0x0000000082900000, 0x0000000082900000|100%| O|  |TAMS 0x0000000082900000, 0x0000000082800000| Untracked 
|  17|0x0000000082900000, 0x0000000082a00000, 0x0000000082a00000|100%| O|  |TAMS 0x0000000082a00000, 0x0000000082900000| Untracked 
|  18|0x0000000082a00000, 0x0000000082b00000, 0x0000000082b00000|100%| O|  |TAMS 0x0000000082a00000, 0x0000000082a00000| Untracked 
|  19|0x0000000082b00000, 0x0000000082c00000, 0x0000000082c00000|100%| O|  |TAMS 0x0000000082c00000, 0x0000000082b00000| Untracked 
|  20|0x0000000082c00000, 0x0000000082d00000, 0x0000000082d00000|100%| O|  |TAMS 0x0000000082d00000, 0x0000000082c00000| Untracked 
|  21|0x0000000082d00000, 0x0000000082e00000, 0x0000000082e00000|100%| O|  |TAMS 0x0000000082e00000, 0x0000000082d00000| Untracked 
|  22|0x0000000082e00000, 0x0000000082f00000, 0x0000000082f00000|100%| O|  |TAMS 0x0000000082f00000, 0x0000000082e00000| Untracked 
|  23|0x0000000082f00000, 0x0000000083000000, 0x0000000083000000|100%| O|  |TAMS 0x0000000083000000, 0x0000000082f00000| Untracked 
|  24|0x0000000083000000, 0x0000000083100000, 0x0000000083100000|100%| O|  |TAMS 0x0000000083100000, 0x0000000083000000| Untracked 
|  25|0x0000000083100000, 0x0000000083200000, 0x0000000083200000|100%| O|  |TAMS 0x0000000083200000, 0x0000000083100000| Untracked 
|  26|0x0000000083200000, 0x0000000083300000, 0x0000000083300000|100%|HS|  |TAMS 0x0000000083300000, 0x0000000083200000| Complete 
|  27|0x0000000083300000, 0x0000000083400000, 0x0000000083400000|100%|HC|  |TAMS 0x0000000083400000, 0x0000000083300000| Complete 
|  28|0x0000000083400000, 0x0000000083500000, 0x0000000083500000|100%| O|  |TAMS 0x0000000083500000, 0x0000000083400000| Untracked 
|  29|0x0000000083500000, 0x0000000083600000, 0x0000000083600000|100%| O|  |TAMS 0x0000000083600000, 0x0000000083500000| Untracked 
|  30|0x0000000083600000, 0x0000000083700000, 0x0000000083700000|100%| O|  |TAMS 0x0000000083700000, 0x0000000083600000| Untracked 
|  31|0x0000000083700000, 0x0000000083800000, 0x0000000083800000|100%| O|  |TAMS 0x0000000083800000, 0x0000000083700000| Untracked 
|  32|0x0000000083800000, 0x0000000083900000, 0x0000000083900000|100%| O|  |TAMS 0x0000000083900000, 0x0000000083800000| Untracked 
|  33|0x0000000083900000, 0x0000000083a00000, 0x0000000083a00000|100%| O|  |TAMS 0x0000000083a00000, 0x0000000083900000| Untracked 
|  34|0x0000000083a00000, 0x0000000083b00000, 0x0000000083b00000|100%| O|  |TAMS 0x0000000083b00000, 0x0000000083a00000| Untracked 
|  35|0x0000000083b00000, 0x0000000083c00000, 0x0000000083c00000|100%| O|  |TAMS 0x0000000083c00000, 0x0000000083b00000| Untracked 
|  36|0x0000000083c00000, 0x0000000083d00000, 0x0000000083d00000|100%| O|  |TAMS 0x0000000083d00000, 0x0000000083c00000| Untracked 
|  37|0x0000000083d00000, 0x0000000083e00000, 0x0000000083e00000|100%| O|  |TAMS 0x0000000083e00000, 0x0000000083d00000| Untracked 
|  38|0x0000000083e00000, 0x0000000083f00000, 0x0000000083f00000|100%| O|  |TAMS 0x0000000083f00000, 0x0000000083e00000| Untracked 
|  39|0x0000000083f00000, 0x0000000084000000, 0x0000000084000000|100%| O|  |TAMS 0x0000000083f00000, 0x0000000083f00000| Untracked 
|  40|0x0000000084000000, 0x0000000084100000, 0x0000000084100000|100%| O|  |TAMS 0x0000000084100000, 0x0000000084000000| Untracked 
|  41|0x0000000084100000, 0x0000000084200000, 0x0000000084200000|100%| O|  |TAMS 0x0000000084200000, 0x0000000084100000| Untracked 
|  42|0x0000000084200000, 0x0000000084300000, 0x0000000084300000|100%| O|  |TAMS 0x0000000084300000, 0x0000000084200000| Untracked 
|  43|0x0000000084300000, 0x0000000084400000, 0x0000000084400000|100%| O|  |TAMS 0x0000000084400000, 0x0000000084300000| Untracked 
|  44|0x0000000084400000, 0x0000000084500000, 0x0000000084500000|100%| O|  |TAMS 0x0000000084500000, 0x0000000084400000| Untracked 
|  45|0x0000000084500000, 0x0000000084600000, 0x0000000084600000|100%| O|  |TAMS 0x0000000084600000, 0x0000000084500000| Untracked 
|  46|0x0000000084600000, 0x0000000084700000, 0x0000000084700000|100%| O|  |TAMS 0x0000000084700000, 0x0000000084600000| Untracked 
|  47|0x0000000084700000, 0x0000000084800000, 0x0000000084800000|100%| O|  |TAMS 0x0000000084800000, 0x0000000084700000| Untracked 
|  48|0x0000000084800000, 0x0000000084900000, 0x0000000084900000|100%| O|  |TAMS 0x0000000084900000, 0x0000000084800000| Untracked 
|  49|0x0000000084900000, 0x0000000084a00000, 0x0000000084a00000|100%| O|  |TAMS 0x0000000084a00000, 0x0000000084900000| Untracked 
|  50|0x0000000084a00000, 0x0000000084b00000, 0x0000000084b00000|100%| O|  |TAMS 0x0000000084aefe00, 0x0000000084a00000| Untracked 
|  51|0x0000000084b00000, 0x0000000084c00000, 0x0000000084c00000|100%| O|  |TAMS 0x0000000084b00000, 0x0000000084b00000| Untracked 
|  52|0x0000000084c00000, 0x0000000084d00000, 0x0000000084d00000|100%| O|  |TAMS 0x0000000084c00000, 0x0000000084c00000| Untracked 
|  53|0x0000000084d00000, 0x0000000084e00000, 0x0000000084e00000|100%| O|  |TAMS 0x0000000084d00000, 0x0000000084d00000| Untracked 
|  54|0x0000000084e00000, 0x0000000084f00000, 0x0000000084f00000|100%| O|  |TAMS 0x0000000084e00000, 0x0000000084e00000| Untracked 
|  55|0x0000000084f00000, 0x0000000085000000, 0x0000000085000000|100%| O|  |TAMS 0x0000000084f00000, 0x0000000084f00000| Untracked 
|  56|0x0000000085000000, 0x0000000085100000, 0x0000000085100000|100%| O|  |TAMS 0x0000000085000000, 0x0000000085000000| Untracked 
|  57|0x0000000085100000, 0x0000000085200000, 0x0000000085200000|100%| O|  |TAMS 0x0000000085100000, 0x0000000085100000| Untracked 
|  58|0x0000000085200000, 0x0000000085300000, 0x0000000085300000|100%| O|  |TAMS 0x0000000085200000, 0x0000000085200000| Untracked 
|  59|0x0000000085300000, 0x0000000085400000, 0x0000000085400000|100%| O|  |TAMS 0x0000000085300000, 0x0000000085300000| Untracked 
|  60|0x0000000085400000, 0x0000000085500000, 0x0000000085500000|100%| O|  |TAMS 0x0000000085400000, 0x0000000085400000| Untracked 
|  61|0x0000000085500000, 0x0000000085600000, 0x0000000085600000|100%| O|  |TAMS 0x0000000085500000, 0x0000000085500000| Untracked 
|  62|0x0000000085600000, 0x0000000085600000, 0x0000000085700000|  0%| F|  |TAMS 0x0000000085600000, 0x0000000085600000| Untracked 
|  63|0x0000000085700000, 0x0000000085700000, 0x0000000085800000|  0%| F|  |TAMS 0x0000000085700000, 0x0000000085700000| Untracked 
|  64|0x0000000085800000, 0x0000000085800000, 0x0000000085900000|  0%| F|  |TAMS 0x0000000085800000, 0x0000000085800000| Untracked 
|  65|0x0000000085900000, 0x0000000085900000, 0x0000000085a00000|  0%| F|  |TAMS 0x0000000085900000, 0x0000000085900000| Untracked 
|  66|0x0000000085a00000, 0x0000000085a00000, 0x0000000085b00000|  0%| F|  |TAMS 0x0000000085a00000, 0x0000000085a00000| Untracked 
|  67|0x0000000085b00000, 0x0000000085b00000, 0x0000000085c00000|  0%| F|  |TAMS 0x0000000085b00000, 0x0000000085b00000| Untracked 
|  68|0x0000000085c00000, 0x0000000085c00000, 0x0000000085d00000|  0%| F|  |TAMS 0x0000000085c00000, 0x0000000085c00000| Untracked 
|  69|0x0000000085d00000, 0x0000000085d00000, 0x0000000085e00000|  0%| F|  |TAMS 0x0000000085d00000, 0x0000000085d00000| Untracked 
|  70|0x0000000085e00000, 0x0000000085e00000, 0x0000000085f00000|  0%| F|  |TAMS 0x0000000085e00000, 0x0000000085e00000| Untracked 
|  71|0x0000000085f00000, 0x0000000085f00000, 0x0000000086000000|  0%| F|  |TAMS 0x0000000085f00000, 0x0000000085f00000| Untracked 
|  72|0x0000000086000000, 0x0000000086000000, 0x0000000086100000|  0%| F|  |TAMS 0x0000000086000000, 0x0000000086000000| Untracked 
|  73|0x0000000086100000, 0x0000000086100000, 0x0000000086200000|  0%| F|  |TAMS 0x0000000086100000, 0x0000000086100000| Untracked 
|  74|0x0000000086200000, 0x0000000086200000, 0x0000000086300000|  0%| F|  |TAMS 0x0000000086200000, 0x0000000086200000| Untracked 
|  75|0x0000000086300000, 0x0000000086300000, 0x0000000086400000|  0%| F|  |TAMS 0x0000000086300000, 0x0000000086300000| Untracked 
|  76|0x0000000086400000, 0x0000000086400000, 0x0000000086500000|  0%| F|  |TAMS 0x0000000086400000, 0x0000000086400000| Untracked 
|  77|0x0000000086500000, 0x0000000086500000, 0x0000000086600000|  0%| F|  |TAMS 0x0000000086500000, 0x0000000086500000| Untracked 
|  78|0x0000000086600000, 0x0000000086600000, 0x0000000086700000|  0%| F|  |TAMS 0x0000000086600000, 0x0000000086600000| Untracked 
|  79|0x0000000086700000, 0x0000000086700000, 0x0000000086800000|  0%| F|  |TAMS 0x0000000086700000, 0x0000000086700000| Untracked 
|  80|0x0000000086800000, 0x0000000086900000, 0x0000000086900000|100%| S|CS|TAMS 0x0000000086800000, 0x0000000086800000| Complete 
|  81|0x0000000086900000, 0x0000000086a00000, 0x0000000086a00000|100%| S|CS|TAMS 0x0000000086900000, 0x0000000086900000| Complete 
|  82|0x0000000086a00000, 0x0000000086b00000, 0x0000000086b00000|100%| S|CS|TAMS 0x0000000086a00000, 0x0000000086a00000| Complete 
|  83|0x0000000086b00000, 0x0000000086c00000, 0x0000000086c00000|100%| S|CS|TAMS 0x0000000086b00000, 0x0000000086b00000| Complete 
|  84|0x0000000086c00000, 0x0000000086c00000, 0x0000000086d00000|  0%| F|  |TAMS 0x0000000086c00000, 0x0000000086c00000| Untracked 
|  85|0x0000000086d00000, 0x0000000086d00000, 0x0000000086e00000|  0%| F|  |TAMS 0x0000000086d00000, 0x0000000086d00000| Untracked 
|  86|0x0000000086e00000, 0x0000000086e00000, 0x0000000086f00000|  0%| F|  |TAMS 0x0000000086e00000, 0x0000000086e00000| Untracked 
|  87|0x0000000086f00000, 0x0000000086f00000, 0x0000000087000000|  0%| F|  |TAMS 0x0000000086f00000, 0x0000000086f00000| Untracked 
|  88|0x0000000087000000, 0x0000000087100000, 0x0000000087100000|100%| S|CS|TAMS 0x0000000087000000, 0x0000000087000000| Complete 
|  89|0x0000000087100000, 0x0000000087200000, 0x0000000087200000|100%| S|CS|TAMS 0x0000000087100000, 0x0000000087100000| Complete 
|  90|0x0000000087200000, 0x0000000087300000, 0x0000000087300000|100%| S|CS|TAMS 0x0000000087200000, 0x0000000087200000| Complete 
|  91|0x0000000087300000, 0x0000000087300000, 0x0000000087400000|  0%| F|  |TAMS 0x0000000087300000, 0x0000000087300000| Untracked 
|  92|0x0000000087400000, 0x0000000087400000, 0x0000000087500000|  0%| F|  |TAMS 0x0000000087400000, 0x0000000087400000| Untracked 
|  93|0x0000000087500000, 0x0000000087500000, 0x0000000087600000|  0%| F|  |TAMS 0x0000000087500000, 0x0000000087500000| Untracked 
|  94|0x0000000087600000, 0x0000000087600000, 0x0000000087700000|  0%| F|  |TAMS 0x0000000087600000, 0x0000000087600000| Untracked 
|  95|0x0000000087700000, 0x0000000087700000, 0x0000000087800000|  0%| F|  |TAMS 0x0000000087700000, 0x0000000087700000| Untracked 
|  96|0x0000000087800000, 0x0000000087800000, 0x0000000087900000|  0%| F|  |TAMS 0x0000000087800000, 0x0000000087800000| Untracked 
|  97|0x0000000087900000, 0x0000000087900000, 0x0000000087a00000|  0%| F|  |TAMS 0x0000000087900000, 0x0000000087900000| Untracked 
|  98|0x0000000087a00000, 0x0000000087a00000, 0x0000000087b00000|  0%| F|  |TAMS 0x0000000087a00000, 0x0000000087a00000| Untracked 
|  99|0x0000000087b00000, 0x0000000087b00000, 0x0000000087c00000|  0%| F|  |TAMS 0x0000000087b00000, 0x0000000087b00000| Untracked 
| 100|0x0000000087c00000, 0x0000000087c00000, 0x0000000087d00000|  0%| F|  |TAMS 0x0000000087c00000, 0x0000000087c00000| Untracked 
| 101|0x0000000087d00000, 0x0000000087d00000, 0x0000000087e00000|  0%| F|  |TAMS 0x0000000087d00000, 0x0000000087d00000| Untracked 
| 102|0x0000000087e00000, 0x0000000087e00000, 0x0000000087f00000|  0%| F|  |TAMS 0x0000000087e00000, 0x0000000087e00000| Untracked 
| 103|0x0000000087f00000, 0x0000000087f00000, 0x0000000088000000|  0%| F|  |TAMS 0x0000000087f00000, 0x0000000087f00000| Untracked 
| 104|0x0000000088000000, 0x0000000088000000, 0x0000000088100000|  0%| F|  |TAMS 0x0000000088000000, 0x0000000088000000| Untracked 
| 105|0x0000000088100000, 0x0000000088100000, 0x0000000088200000|  0%| F|  |TAMS 0x0000000088100000, 0x0000000088100000| Untracked 
| 106|0x0000000088200000, 0x0000000088200000, 0x0000000088300000|  0%| F|  |TAMS 0x0000000088200000, 0x0000000088200000| Untracked 
| 107|0x0000000088300000, 0x0000000088300000, 0x0000000088400000|  0%| F|  |TAMS 0x0000000088300000, 0x0000000088300000| Untracked 
| 108|0x0000000088400000, 0x0000000088400000, 0x0000000088500000|  0%| F|  |TAMS 0x0000000088400000, 0x0000000088400000| Untracked 
| 109|0x0000000088500000, 0x0000000088500000, 0x0000000088600000|  0%| F|  |TAMS 0x0000000088500000, 0x0000000088500000| Untracked 
| 110|0x0000000088600000, 0x0000000088600000, 0x0000000088700000|  0%| F|  |TAMS 0x0000000088600000, 0x0000000088600000| Untracked 
| 111|0x0000000088700000, 0x0000000088700000, 0x0000000088800000|  0%| F|  |TAMS 0x0000000088700000, 0x0000000088700000| Untracked 
| 112|0x0000000088800000, 0x0000000088800000, 0x0000000088900000|  0%| F|  |TAMS 0x0000000088800000, 0x0000000088800000| Untracked 
| 113|0x0000000088900000, 0x0000000088900000, 0x0000000088a00000|  0%| F|  |TAMS 0x0000000088900000, 0x0000000088900000| Untracked 
| 114|0x0000000088a00000, 0x0000000088a00000, 0x0000000088b00000|  0%| F|  |TAMS 0x0000000088a00000, 0x0000000088a00000| Untracked 
| 115|0x0000000088b00000, 0x0000000088b00000, 0x0000000088c00000|  0%| F|  |TAMS 0x0000000088b00000, 0x0000000088b00000| Untracked 
| 116|0x0000000088c00000, 0x0000000088c00000, 0x0000000088d00000|  0%| F|  |TAMS 0x0000000088c00000, 0x0000000088c00000| Untracked 
| 117|0x0000000088d00000, 0x0000000088d00000, 0x0000000088e00000|  0%| F|  |TAMS 0x0000000088d00000, 0x0000000088d00000| Untracked 
| 118|0x0000000088e00000, 0x0000000088e00000, 0x0000000088f00000|  0%| F|  |TAMS 0x0000000088e00000, 0x0000000088e00000| Untracked 
| 119|0x0000000088f00000, 0x0000000088f00000, 0x0000000089000000|  0%| F|  |TAMS 0x0000000088f00000, 0x0000000088f00000| Untracked 
| 120|0x0000000089000000, 0x0000000089000000, 0x0000000089100000|  0%| F|  |TAMS 0x0000000089000000, 0x0000000089000000| Untracked 
| 121|0x0000000089100000, 0x0000000089100000, 0x0000000089200000|  0%| F|  |TAMS 0x0000000089100000, 0x0000000089100000| Untracked 
| 122|0x0000000089200000, 0x0000000089200000, 0x0000000089300000|  0%| F|  |TAMS 0x0000000089200000, 0x0000000089200000| Untracked 
| 123|0x0000000089300000, 0x0000000089300000, 0x0000000089400000|  0%| F|  |TAMS 0x0000000089300000, 0x0000000089300000| Untracked 
| 124|0x0000000089400000, 0x0000000089400000, 0x0000000089500000|  0%| F|  |TAMS 0x0000000089400000, 0x0000000089400000| Untracked 
| 125|0x0000000089500000, 0x0000000089500000, 0x0000000089600000|  0%| F|  |TAMS 0x0000000089500000, 0x0000000089500000| Untracked 
| 126|0x0000000089600000, 0x0000000089600000, 0x0000000089700000|  0%| F|  |TAMS 0x0000000089600000, 0x0000000089600000| Untracked 
| 127|0x0000000089700000, 0x0000000089700000, 0x0000000089800000|  0%| F|  |TAMS 0x0000000089700000, 0x0000000089700000| Untracked 
| 128|0x0000000089800000, 0x0000000089800000, 0x0000000089900000|  0%| F|  |TAMS 0x0000000089800000, 0x0000000089800000| Untracked 
| 129|0x0000000089900000, 0x0000000089900000, 0x0000000089a00000|  0%| F|  |TAMS 0x0000000089900000, 0x0000000089900000| Untracked 
| 130|0x0000000089a00000, 0x0000000089a00000, 0x0000000089b00000|  0%| F|  |TAMS 0x0000000089a00000, 0x0000000089a00000| Untracked 
| 131|0x0000000089b00000, 0x0000000089c00000, 0x0000000089c00000|100%| E|  |TAMS 0x0000000089b00000, 0x0000000089b00000| Complete 
| 132|0x0000000089c00000, 0x0000000089d00000, 0x0000000089d00000|100%| E|CS|TAMS 0x0000000089c00000, 0x0000000089c00000| Complete 
| 133|0x0000000089d00000, 0x0000000089e00000, 0x0000000089e00000|100%| E|CS|TAMS 0x0000000089d00000, 0x0000000089d00000| Complete 
| 134|0x0000000089e00000, 0x0000000089f00000, 0x0000000089f00000|100%| E|CS|TAMS 0x0000000089e00000, 0x0000000089e00000| Complete 
| 135|0x0000000089f00000, 0x000000008a000000, 0x000000008a000000|100%| E|CS|TAMS 0x0000000089f00000, 0x0000000089f00000| Complete 
| 136|0x000000008a000000, 0x000000008a100000, 0x000000008a100000|100%| E|CS|TAMS 0x000000008a000000, 0x000000008a000000| Complete 
|2022|0x00000000ffe00000, 0x00000000fff00000, 0x00000000fff00000|100%| O|  |TAMS 0x00000000fff00000, 0x00000000ffe00000| Untracked 
|2023|0x00000000fff00000, 0x0000000100000000, 0x0000000100000000|100%| E|CS|TAMS 0x00000000fff00000, 0x00000000fff00000| Complete 

Card table byte_map: [0x00000294f4b80000,0x00000294f4f80000] _byte_map_base: 0x00000294f4774000

Marking Bits (Prev, Next): (CMBitMap*) 0x00000294f1306080, (CMBitMap*) 0x00000294f13060c0
 Prev Bits: [0x00000294f5380000, 0x00000294f7320000)
 Next Bits: [0x00000294f7320000, 0x00000294f92c0000)

Polling page: 0x00000294ef430000

Metaspace:

Usage:
  Non-class:     64.45 MB used.
      Class:      8.12 MB used.
       Both:     72.57 MB used.

Virtual space:
  Non-class space:      128.00 MB reserved,      64.63 MB ( 50%) committed,  2 nodes.
      Class space:        1.00 GB reserved,       8.31 MB ( <1%) committed,  1 nodes.
             Both:        1.13 GB reserved,      72.94 MB (  6%) committed. 

Chunk freelists:
   Non-Class:  14.98 MB
       Class:  7.74 MB
        Both:  22.72 MB

MaxMetaspaceSize: unlimited
CompressedClassSpaceSize: 1.00 GB
Initial GC threshold: 21.00 MB
Current GC threshold: 101.50 MB
CDS: off
MetaspaceReclaimPolicy: balanced
 - commit_granule_bytes: 65536.
 - commit_granule_words: 8192.
 - virtual_space_node_default_size: 8388608.
 - enlarge_chunks_in_place: 1.
 - new_chunks_are_fully_committed: 0.
 - uncommit_free_chunks: 1.
 - use_allocation_guard: 0.
 - handle_deallocations: 1.


Internal statistics:

num_allocs_failed_limit: 6.
num_arena_births: 378.
num_arena_deaths: 0.
num_vsnodes_births: 3.
num_vsnodes_deaths: 0.
num_space_committed: 1165.
num_space_uncommitted: 0.
num_chunks_returned_to_freelist: 6.
num_chunks_taken_from_freelist: 2836.
num_chunk_merges: 6.
num_chunk_splits: 2259.
num_chunks_enlarged: 1927.
num_inconsistent_stats: 0.

CodeHeap 'non-profiled nmethods': size=120000Kb used=5851Kb max_used=5851Kb free=114149Kb
 bounds [0x0000029487ad0000, 0x0000029488090000, 0x000002948f000000]
CodeHeap 'profiled nmethods': size=120000Kb used=34310Kb max_used=34310Kb free=85689Kb
 bounds [0x0000029480000000, 0x0000029482190000, 0x0000029487530000]
CodeHeap 'non-nmethods': size=5760Kb used=1383Kb max_used=1439Kb free=4376Kb
 bounds [0x0000029487530000, 0x00000294877a0000, 0x0000029487ad0000]
 total_blobs=11978 nmethods=11266 adapters=620
 compilation: enabled
              stopped_count=0, restarted_count=0
 full_count=0

Compilation events (20 events):
Event: 47.511 Thread 0x00000294930437f0 13169       3       java.lang.invoke.InvokerBytecodeGenerator::emitReferenceCast (188 bytes)
Event: 47.513 Thread 0x00000294930437f0 nmethod 13169 0x000002948216b410 code [0x000002948216b6c0, 0x000002948216c308]
Event: 47.515 Thread 0x00000294930437f0 13172       3       java.lang.invoke.MethodHandle::intrinsicName (4 bytes)
Event: 47.515 Thread 0x00000294930437f0 nmethod 13172 0x000002948216c690 code [0x000002948216c820, 0x000002948216c938]
Event: 47.516 Thread 0x00000294930437f0 13173       3       androidx.compose.compiler.plugins.kotlin.lower.ComposableTargetAnnotationsTransformer::isOrHasComposableLambda$compiler_hosted (167 bytes)
Event: 47.518 Thread 0x00000294930437f0 nmethod 13173 0x000002948216ca10 code [0x000002948216ccc0, 0x000002948216dda8]
Event: 47.521 Thread 0x00000294930437f0 13174       3       org.jetbrains.kotlin.ir.util.IrUtilsKt$functions$1::invoke (9 bytes)
Event: 47.522 Thread 0x00000294930437f0 nmethod 13174 0x000002948216e110 code [0x000002948216e340, 0x000002948216eae8]
Event: 47.522 Thread 0x00000294930437f0 13175       3       org.jetbrains.kotlin.ir.util.IrUtilsKt$functions$1::invoke (11 bytes)
Event: 47.523 Thread 0x00000294930437f0 nmethod 13175 0x000002948216ed90 code [0x000002948216efa0, 0x000002948216f5e8]
Event: 47.523 Thread 0x00000294930437f0 13177       3       androidx.compose.compiler.plugins.kotlin.inference.LazyScheme::toScheme$itemOf (88 bytes)
Event: 47.525 Thread 0x00000294930437f0 nmethod 13177 0x000002948216f890 code [0x000002948216fae0, 0x00000294821705c8]
Event: 47.525 Thread 0x00000294930437f0 13179       3       org.jetbrains.kotlin.ir.util.IdSignature$CommonSignature::getShortName (13 bytes)
Event: 47.526 Thread 0x00000294930437f0 nmethod 13179 0x0000029482170a10 code [0x0000029482170bc0, 0x0000029482170d68]
Event: 47.526 Thread 0x00000294930437f0 13178       1       androidx.compose.compiler.plugins.kotlin.lower.InferenceCallTargetNode::getElement (5 bytes)
Event: 47.526 Thread 0x00000294930437f0 nmethod 13178 0x0000029488085710 code [0x00000294880858a0, 0x0000029488085978]
Event: 47.526 Thread 0x00000294930437f0 13176       1       androidx.compose.compiler.plugins.kotlin.inference.Value::setToken (6 bytes)
Event: 47.526 Thread 0x00000294930437f0 nmethod 13176 0x0000029488085a10 code [0x0000029488085ba0, 0x0000029488085cb8]
Event: 47.527 Thread 0x00000294930437f0 13180       1       androidx.compose.compiler.plugins.kotlin.lower.InferenceCallExpression::getElement (5 bytes)
Event: 47.528 Thread 0x00000294930437f0 nmethod 13180 0x0000029488085d10 code [0x0000029488085ea0, 0x0000029488085f78]

GC Heap History (20 events):
Event: 22.292 GC heap before
{Heap before GC invocations=21 (full 0):
 garbage-first heap   total 94208K, used 68423K [0x0000000081800000, 0x0000000100000000)
  region size 1024K, 36 young (36864K), 6 survivors (6144K)
 Metaspace       used 57912K, committed 58176K, reserved 1114112K
  class space    used 6905K, committed 7040K, reserved 1048576K
}
Event: 22.332 GC heap after
{Heap after GC invocations=22 (full 0):
 garbage-first heap   total 94208K, used 42200K [0x0000000081800000, 0x0000000100000000)
  region size 1024K, 5 young (5120K), 5 survivors (5120K)
 Metaspace       used 57912K, committed 58176K, reserved 1114112K
  class space    used 6905K, committed 7040K, reserved 1048576K
}
Event: 25.061 GC heap before
{Heap before GC invocations=22 (full 0):
 garbage-first heap   total 94208K, used 70872K [0x0000000081800000, 0x0000000100000000)
  region size 1024K, 33 young (33792K), 5 survivors (5120K)
 Metaspace       used 59781K, committed 60032K, reserved 1114112K
  class space    used 7056K, committed 7168K, reserved 1048576K
}
Event: 25.093 GC heap after
{Heap after GC invocations=23 (full 0):
 garbage-first heap   total 94208K, used 46315K [0x0000000081800000, 0x0000000100000000)
  region size 1024K, 4 young (4096K), 4 survivors (4096K)
 Metaspace       used 59781K, committed 60032K, reserved 1114112K
  class space    used 7056K, committed 7168K, reserved 1048576K
}
Event: 27.132 GC heap before
{Heap before GC invocations=23 (full 0):
 garbage-first heap   total 94208K, used 65771K [0x0000000081800000, 0x0000000100000000)
  region size 1024K, 24 young (24576K), 4 survivors (4096K)
 Metaspace       used 60887K, committed 61120K, reserved 1114112K
  class space    used 7129K, committed 7232K, reserved 1048576K
}
Event: 27.157 GC heap after
{Heap after GC invocations=24 (full 0):
 garbage-first heap   total 94208K, used 49901K [0x0000000081800000, 0x0000000100000000)
  region size 1024K, 4 young (4096K), 4 survivors (4096K)
 Metaspace       used 60887K, committed 61120K, reserved 1114112K
  class space    used 7129K, committed 7232K, reserved 1048576K
}
Event: 29.660 GC heap before
{Heap before GC invocations=25 (full 0):
 garbage-first heap   total 99328K, used 74477K [0x0000000081800000, 0x0000000100000000)
  region size 1024K, 27 young (27648K), 4 survivors (4096K)
 Metaspace       used 61678K, committed 62016K, reserved 1114112K
  class space    used 7139K, committed 7296K, reserved 1048576K
}
Event: 29.683 GC heap after
{Heap after GC invocations=26 (full 0):
 garbage-first heap   total 99328K, used 52875K [0x0000000081800000, 0x0000000100000000)
  region size 1024K, 3 young (3072K), 3 survivors (3072K)
 Metaspace       used 61678K, committed 62016K, reserved 1114112K
  class space    used 7139K, committed 7296K, reserved 1048576K
}
Event: 29.763 GC heap before
{Heap before GC invocations=26 (full 0):
 garbage-first heap   total 99328K, used 53899K [0x0000000081800000, 0x0000000100000000)
  region size 1024K, 4 young (4096K), 3 survivors (3072K)
 Metaspace       used 61690K, committed 62016K, reserved 1114112K
  class space    used 7139K, committed 7296K, reserved 1048576K
}
Event: 29.776 GC heap after
{Heap after GC invocations=27 (full 0):
 garbage-first heap   total 99328K, used 52651K [0x0000000081800000, 0x0000000100000000)
  region size 1024K, 1 young (1024K), 1 survivors (1024K)
 Metaspace       used 61690K, committed 62016K, reserved 1114112K
  class space    used 7139K, committed 7296K, reserved 1048576K
}
Event: 31.101 GC heap before
{Heap before GC invocations=27 (full 0):
 garbage-first heap   total 99328K, used 77227K [0x0000000081800000, 0x0000000100000000)
  region size 1024K, 26 young (26624K), 1 survivors (1024K)
 Metaspace       used 61994K, committed 62272K, reserved 1114112K
  class space    used 7153K, committed 7296K, reserved 1048576K
}
Event: 31.118 GC heap after
{Heap after GC invocations=28 (full 0):
 garbage-first heap   total 142336K, used 55960K [0x0000000081800000, 0x0000000100000000)
  region size 1024K, 4 young (4096K), 4 survivors (4096K)
 Metaspace       used 61994K, committed 62272K, reserved 1114112K
  class space    used 7153K, committed 7296K, reserved 1048576K
}
Event: 38.195 GC heap before
{Heap before GC invocations=29 (full 0):
 garbage-first heap   total 142336K, used 109208K [0x0000000081800000, 0x0000000100000000)
  region size 1024K, 56 young (57344K), 4 survivors (4096K)
 Metaspace       used 63374K, committed 63680K, reserved 1114112K
  class space    used 7208K, committed 7360K, reserved 1048576K
}
Event: 38.220 GC heap after
{Heap after GC invocations=30 (full 0):
 garbage-first heap   total 142336K, used 60894K [0x0000000081800000, 0x0000000100000000)
  region size 1024K, 5 young (5120K), 5 survivors (5120K)
 Metaspace       used 63374K, committed 63680K, reserved 1114112K
  class space    used 7208K, committed 7360K, reserved 1048576K
}
Event: 38.322 GC heap before
{Heap before GC invocations=30 (full 0):
 garbage-first heap   total 142336K, used 61918K [0x0000000081800000, 0x0000000100000000)
  region size 1024K, 6 young (6144K), 5 survivors (5120K)
 Metaspace       used 63383K, committed 63680K, reserved 1114112K
  class space    used 7208K, committed 7360K, reserved 1048576K
}
Event: 38.339 GC heap after
{Heap after GC invocations=31 (full 0):
 garbage-first heap   total 142336K, used 61220K [0x0000000081800000, 0x0000000100000000)
  region size 1024K, 1 young (1024K), 1 survivors (1024K)
 Metaspace       used 63383K, committed 63680K, reserved 1114112K
  class space    used 7208K, committed 7360K, reserved 1048576K
}
Event: 42.424 GC heap before
{Heap before GC invocations=31 (full 0):
 garbage-first heap   total 142336K, used 111396K [0x0000000081800000, 0x0000000100000000)
  region size 1024K, 50 young (51200K), 1 survivors (1024K)
 Metaspace       used 69716K, committed 70080K, reserved 1114112K
  class space    used 7866K, committed 8064K, reserved 1048576K
}
Event: 42.442 GC heap after
{Heap after GC invocations=32 (full 0):
 garbage-first heap   total 142336K, used 64251K [0x0000000081800000, 0x0000000100000000)
  region size 1024K, 4 young (4096K), 4 survivors (4096K)
 Metaspace       used 69716K, committed 70080K, reserved 1114112K
  class space    used 7866K, committed 8064K, reserved 1048576K
}
Event: 47.017 GC heap before
{Heap before GC invocations=32 (full 0):
 garbage-first heap   total 142336K, used 112379K [0x0000000081800000, 0x0000000100000000)
  region size 1024K, 51 young (52224K), 4 survivors (4096K)
 Metaspace       used 74028K, committed 74368K, reserved 1179648K
  class space    used 8290K, committed 8448K, reserved 1048576K
}
Event: 47.057 GC heap after
{Heap after GC invocations=33 (full 0):
 garbage-first heap   total 142336K, used 71623K [0x0000000081800000, 0x0000000100000000)
  region size 1024K, 7 young (7168K), 7 survivors (7168K)
 Metaspace       used 74028K, committed 74368K, reserved 1179648K
  class space    used 8290K, committed 8448K, reserved 1048576K
}

Dll operation events (2 events):
Event: 0.028 Loaded shared library D:\ferley\Android\jbr\bin\java.dll
Event: 5.924 Loaded shared library D:\ferley\Android\jbr\bin\verify.dll

Deoptimization events (20 events):
Event: 47.360 Thread 0x00000294f12a7ee0 Uncommon trap: trap_request=0xffffffd6 fr.pc=0x00000294880769c8 relative=0x0000000000000228
Event: 47.360 Thread 0x00000294f12a7ee0 Uncommon trap: reason=array_check action=maybe_recompile pc=0x00000294880769c8 method=org.jetbrains.kotlin.ir.util.TransformKt.transformInPlace([Lorg/jetbrains/kotlin/ir/IrElement;Lorg/jetbrains/kotlin/ir/visitors/IrElementTransformer;Ljava/lang/Object;)V
Event: 47.360 Thread 0x00000294f12a7ee0 DEOPT PACKING pc=0x00000294880769c8 sp=0x000000bcb56fcbe0
Event: 47.360 Thread 0x00000294f12a7ee0 DEOPT UNPACKING pc=0x000002948758699d sp=0x000000bcb56fcb90 mode 2
Event: 47.361 Thread 0x00000294f12a7ee0 Uncommon trap: trap_request=0xffffffd6 fr.pc=0x00000294880769c8 relative=0x0000000000000228
Event: 47.361 Thread 0x00000294f12a7ee0 Uncommon trap: reason=array_check action=maybe_recompile pc=0x00000294880769c8 method=org.jetbrains.kotlin.ir.util.TransformKt.transformInPlace([Lorg/jetbrains/kotlin/ir/IrElement;Lorg/jetbrains/kotlin/ir/visitors/IrElementTransformer;Ljava/lang/Object;)V
Event: 47.361 Thread 0x00000294f12a7ee0 DEOPT PACKING pc=0x00000294880769c8 sp=0x000000bcb56fcbe0
Event: 47.361 Thread 0x00000294f12a7ee0 DEOPT UNPACKING pc=0x000002948758699d sp=0x000000bcb56fcb90 mode 2
Event: 47.362 Thread 0x00000294f12a7ee0 Uncommon trap: trap_request=0xffffffd6 fr.pc=0x00000294880769c8 relative=0x0000000000000228
Event: 47.362 Thread 0x00000294f12a7ee0 Uncommon trap: reason=array_check action=maybe_recompile pc=0x00000294880769c8 method=org.jetbrains.kotlin.ir.util.TransformKt.transformInPlace([Lorg/jetbrains/kotlin/ir/IrElement;Lorg/jetbrains/kotlin/ir/visitors/IrElementTransformer;Ljava/lang/Object;)V
Event: 47.362 Thread 0x00000294f12a7ee0 DEOPT PACKING pc=0x00000294880769c8 sp=0x000000bcb56fcbe0
Event: 47.362 Thread 0x00000294f12a7ee0 DEOPT UNPACKING pc=0x000002948758699d sp=0x000000bcb56fcb90 mode 2
Event: 47.362 Thread 0x00000294f12a7ee0 Uncommon trap: trap_request=0xffffffd6 fr.pc=0x00000294880769c8 relative=0x0000000000000228
Event: 47.362 Thread 0x00000294f12a7ee0 Uncommon trap: reason=array_check action=maybe_recompile pc=0x00000294880769c8 method=org.jetbrains.kotlin.ir.util.TransformKt.transformInPlace([Lorg/jetbrains/kotlin/ir/IrElement;Lorg/jetbrains/kotlin/ir/visitors/IrElementTransformer;Ljava/lang/Object;)V
Event: 47.362 Thread 0x00000294f12a7ee0 DEOPT PACKING pc=0x00000294880769c8 sp=0x000000bcb56fcbe0
Event: 47.362 Thread 0x00000294f12a7ee0 DEOPT UNPACKING pc=0x000002948758699d sp=0x000000bcb56fcb90 mode 2
Event: 47.445 Thread 0x00000294f12a7ee0 Uncommon trap: trap_request=0xffffff76 fr.pc=0x00000294880837bc relative=0x000000000000037c
Event: 47.446 Thread 0x00000294f12a7ee0 Uncommon trap: reason=predicate action=maybe_recompile pc=0x00000294880837bc method=java.util.AbstractCollection.toArray([Ljava/lang/Object;)[Ljava/lang/Object; @ 43 c2
Event: 47.446 Thread 0x00000294f12a7ee0 DEOPT PACKING pc=0x00000294880837bc sp=0x000000bcb56fa000
Event: 47.446 Thread 0x00000294f12a7ee0 DEOPT UNPACKING pc=0x000002948758699d sp=0x000000bcb56f9fa8 mode 2

Classes unloaded (0 events):
No events

Classes redefined (0 events):
No events

Internal exceptions (20 events):
Event: 21.967 Thread 0x00000294f12a7ee0 Implicit null exception at 0x0000029487d6429b to 0x0000029487d649c8
Event: 22.032 Thread 0x00000294f12a7ee0 Implicit null exception at 0x0000029487b1a50e to 0x0000029487b1a768
Event: 22.603 Thread 0x00000294f12a7ee0 Exception <a 'java/lang/NoSuchMethodError'{0x0000000087c5d8c0}: 'java.lang.Object java.lang.invoke.DirectMethodHandle$Holder.invokeInterface(java.lang.Object, java.lang.Object, java.lang.Object)'> (0x0000000087c5d8c0) 
thrown [s\src\hotspot\share\interpreter\linkResolver.cpp, line 771]
Event: 22.604 Thread 0x00000294f12a7ee0 Exception <a 'java/lang/IncompatibleClassChangeError'{0x0000000087c61230}: Found class java.lang.Object, but interface was expected> (0x0000000087c61230) 
thrown [s\src\hotspot\share\interpreter\linkResolver.cpp, line 838]
Event: 22.869 Thread 0x00000294f12a7ee0 Exception <a 'java/lang/NoSuchMethodError'{0x0000000087a5eb10}: 'int java.lang.invoke.DirectMethodHandle$Holder.invokeStaticInit(java.lang.Object, int)'> (0x0000000087a5eb10) 
thrown [s\src\hotspot\share\interpreter\linkResolver.cpp, line 771]
Event: 25.546 Thread 0x00000294f12a7ee0 Exception <a 'java/lang/NoSuchMethodError'{0x000000008795df68}: 'java.lang.Object java.lang.invoke.DirectMethodHandle$Holder.newInvokeSpecial(java.lang.Object, int, java.lang.Object)'> (0x000000008795df68) 
thrown [s\src\hotspot\share\interpreter\linkResolver.cpp, line 771]
Event: 25.549 Thread 0x00000294f12a7ee0 Exception <a 'java/lang/NoSuchMethodError'{0x00000000879645f8}: 'int java.lang.invoke.DirectMethodHandle$Holder.invokeInterface(java.lang.Object, java.lang.Object)'> (0x00000000879645f8) 
thrown [s\src\hotspot\share\interpreter\linkResolver.cpp, line 771]
Event: 25.604 Thread 0x00000294f12a7ee0 Exception <a 'java/lang/NoSuchMethodError'{0x00000000879cef90}: 'java.lang.Object java.lang.invoke.DirectMethodHandle$Holder.newInvokeSpecial(java.lang.Object, java.lang.Object, java.lang.Object, java.lang.Object, java.lang.Object, java.lang.Object, java.lang.Object)'> (0x00000000879cef90) 
thrown [s\src\hotspot\share\interpreter\linkResolver.cpp, line 771]
Event: 25.605 Thread 0x00000294f12a7ee0 Exception <a 'java/lang/NoSuchMethodError'{0x00000000879d3b48}: 'java.lang.Object java.lang.invoke.Invokers$Holder.linkToTargetMethod(java.lang.Object, java.lang.Object, java.lang.Object, java.lang.Object, java.lang.Object, java.lang.Object, java.lang.Object)'> (0x00000000879d3b48) 
thrown [s\src\hotspot\share\interpreter\linkResolver.cpp, line 771]
Event: 34.605 Thread 0x00000294f12a7ee0 Implicit null exception at 0x0000029487d799b4 to 0x0000029487d79a41
Event: 38.680 Thread 0x00000294f12a7ee0 Exception <a 'java/lang/NoSuchMethodError'{0x0000000089d67008}: 'java.lang.Object java.lang.invoke.DirectMethodHandle$Holder.newInvokeSpecial(java.lang.Object, int, java.lang.Object, java.lang.Object)'> (0x0000000089d67008) 
thrown [s\src\hotspot\share\interpreter\linkResolver.cpp, line 771]
Event: 39.557 Thread 0x00000294f12a7ee0 Implicit null exception at 0x0000029487b6180c to 0x0000029487b61a70
Event: 41.178 Thread 0x00000294f12a7ee0 Exception <a 'java/lang/NoSuchMethodError'{0x00000000882ccb88}: 'java.lang.Object java.lang.invoke.DirectMethodHandle$Holder.invokeStaticInit(java.lang.Object, java.lang.Object, java.lang.Object, java.lang.Object)'> (0x00000000882ccb88) 
thrown [s\src\hotspot\share\interpreter\linkResolver.cpp, line 771]
Event: 42.122 Thread 0x00000294f12a7ee0 Exception <a 'java/lang/NoSuchMethodError'{0x00000000872e3de0}: 'java.lang.Object java.lang.invoke.Invokers$Holder.linkToTargetMethod(java.lang.Object, java.lang.Object, int, int, java.lang.Object, java.lang.Object, java.lang.Object, java.lang.Object, java.lang.Object)'> (0x00000000872e3de0) 
thrown [s\src\hotspot\share\interpreter\linkResolver.cpp, line 771]
Event: 42.138 Thread 0x00000294f12a7ee0 Exception <a 'java/lang/NoSuchMethodError'{0x000000008711bc10}: 'java.lang.Object java.lang.invoke.DirectMethodHandle$Holder.invokeStatic(java.lang.Object, int, java.lang.Object)'> (0x000000008711bc10) 
thrown [s\src\hotspot\share\interpreter\linkResolver.cpp, line 771]
Event: 42.546 Thread 0x00000294f12a7ee0 Exception <a 'java/lang/NoSuchMethodError'{0x00000000fff88770}: 'java.lang.Object java.lang.invoke.DirectMethodHandle$Holder.newInvokeSpecial(java.lang.Object, java.lang.Object, int, int, java.lang.Object, java.lang.Object, java.lang.Object)'> (0x00000000fff88770) 
thrown [s\src\hotspot\share\interpreter\linkResolver.cpp, line 771]
Event: 42.829 Thread 0x00000294f12a7ee0 Exception <a 'java/lang/NoSuchMethodError'{0x0000000089e7f188}: 'java.lang.Object java.lang.invoke.DirectMethodHandle$Holder.invokeStatic(java.lang.Object, java.lang.Object, java.lang.Object, int, int, java.lang.Object, java.lang.Object, java.lang.Object)'> (0x0000000089e7f188) 
thrown [s\src\hotspot\share\interpreter\linkResolver.cpp, line 771]
Event: 42.832 Thread 0x00000294f12a7ee0 Exception <a 'java/lang/NoSuchMethodError'{0x0000000089e87f00}: 'java.lang.Object java.lang.invoke.DirectMethodHandle$Holder.newInvokeSpecial(java.lang.Object, java.lang.Object, java.lang.Object, int, int)'> (0x0000000089e87f00) 
thrown [s\src\hotspot\share\interpreter\linkResolver.cpp, line 771]
Event: 42.834 Thread 0x00000294f12a7ee0 Exception <a 'java/lang/NoSuchMethodError'{0x0000000089e8bd40}: 'java.lang.Object java.lang.invoke.DirectMethodHandle$Holder.invokeSpecial(java.lang.Object, java.lang.Object, java.lang.Object, java.lang.Object, int, int)'> (0x0000000089e8bd40) 
thrown [s\src\hotspot\share\interpreter\linkResolver.cpp, line 771]
Event: 43.599 Thread 0x00000294f12a7ee0 Implicit null exception at 0x0000029487b3af90 to 0x0000029487b3b244

VM Operations (20 events):
Event: 45.682 Executing VM operation: HandshakeAllThreads
Event: 45.682 Executing VM operation: HandshakeAllThreads done
Event: 46.165 Executing VM operation: ICBufferFull
Event: 46.166 Executing VM operation: ICBufferFull done
Event: 46.693 Executing VM operation: ICBufferFull
Event: 46.693 Executing VM operation: ICBufferFull done
Event: 46.718 Executing VM operation: HandshakeAllThreads
Event: 46.718 Executing VM operation: HandshakeAllThreads done
Event: 46.722 Executing VM operation: HandshakeAllThreads
Event: 46.723 Executing VM operation: HandshakeAllThreads done
Event: 46.775 Executing VM operation: HandshakeAllThreads
Event: 46.775 Executing VM operation: HandshakeAllThreads done
Event: 46.780 Executing VM operation: HandshakeAllThreads
Event: 46.780 Executing VM operation: HandshakeAllThreads done
Event: 47.003 Executing VM operation: ICBufferFull
Event: 47.003 Executing VM operation: ICBufferFull done
Event: 47.017 Executing VM operation: G1CollectForAllocation
Event: 47.057 Executing VM operation: G1CollectForAllocation done
Event: 47.278 Executing VM operation: HandshakeAllThreads
Event: 47.278 Executing VM operation: HandshakeAllThreads done

Events (20 events):
Event: 44.781 Thread 0x0000029493044900 flushing nmethod 0x00000294811d1c10
Event: 44.789 Thread 0x0000029493044900 flushing nmethod 0x0000029481826990
Event: 44.791 Thread 0x0000029493044900 flushing nmethod 0x00000294819c7010
Event: 44.794 Thread 0x0000029493044900 flushing nmethod 0x0000029481c74110
Event: 45.804 loading class java/lang/invoke/BoundMethodHandle$Species_LLLLL
Event: 45.805 loading class java/lang/invoke/BoundMethodHandle$Species_LLLLL done
Event: 45.808 loading class java/lang/invoke/BoundMethodHandle$Species_LLLLLL
Event: 45.808 loading class java/lang/invoke/BoundMethodHandle$Species_LLLLLL done
Event: 45.811 loading class java/lang/invoke/BoundMethodHandle$Species_LLLLLLL
Event: 45.812 loading class java/lang/invoke/BoundMethodHandle$Species_LLLLLLL done
Event: 47.504 loading class java/lang/invoke/BoundMethodHandle$Species_LLLLLLLL
Event: 47.504 loading class java/lang/invoke/BoundMethodHandle$Species_LLLLLLLL done
Event: 47.510 loading class java/lang/invoke/BoundMethodHandle$Species_LLLLLLLLL
Event: 47.510 loading class java/lang/invoke/BoundMethodHandle$Species_LLLLLLLLL done
Event: 47.512 loading class java/lang/invoke/LambdaFormEditor$1
Event: 47.512 loading class java/lang/invoke/LambdaFormEditor$1 done
Event: 47.512 loading class java/util/TreeMap$EntrySet
Event: 47.513 loading class java/util/TreeMap$EntrySet done
Event: 47.513 loading class java/util/TreeMap$EntryIterator
Event: 47.514 loading class java/util/TreeMap$EntryIterator done


Dynamic libraries:
0x00007ff799aa0000 - 0x00007ff799aaa000 	D:\ferley\Android\jbr\bin\java.exe
0x00007ff85ebe0000 - 0x00007ff85edd0000 	C:\Windows\SYSTEM32\ntdll.dll
0x00007ff85d6f0000 - 0x00007ff85d7a2000 	C:\Windows\System32\KERNEL32.DLL
0x00007ff85bb70000 - 0x00007ff85be13000 	C:\Windows\System32\KERNELBASE.dll
0x00007ff85bf20000 - 0x00007ff85c01a000 	C:\Windows\System32\ucrtbase.dll
0x00007ff859af0000 - 0x00007ff859b0b000 	D:\ferley\Android\jbr\bin\VCRUNTIME140.dll
0x00007ff84fc30000 - 0x00007ff84fc47000 	D:\ferley\Android\jbr\bin\jli.dll
0x00007ff85d420000 - 0x00007ff85d5b4000 	C:\Windows\System32\USER32.dll
0x00007ff84d440000 - 0x00007ff84d6c5000 	C:\Windows\WinSxS\amd64_microsoft.windows.common-controls_6595b64144ccf1df_6.0.18362.719_none_e6c7b883130c6729\COMCTL32.dll
0x00007ff85cab0000 - 0x00007ff85cad1000 	C:\Windows\System32\win32u.dll
0x00007ff85e8b0000 - 0x00007ff85e94e000 	C:\Windows\System32\msvcrt.dll
0x00007ff85d5f0000 - 0x00007ff85d616000 	C:\Windows\System32\GDI32.dll
0x00007ff85c910000 - 0x00007ff85caa4000 	C:\Windows\System32\gdi32full.dll
0x00007ff85cf50000 - 0x00007ff85d286000 	C:\Windows\System32\combase.dll
0x00007ff85be20000 - 0x00007ff85bebe000 	C:\Windows\System32\msvcp_win.dll
0x00007ff85e9c0000 - 0x00007ff85eae0000 	C:\Windows\System32\RPCRT4.dll
0x00007ff85cbc0000 - 0x00007ff85cc40000 	C:\Windows\System32\bcryptPrimitives.dll
0x00007ff85d5c0000 - 0x00007ff85d5ee000 	C:\Windows\System32\IMM32.DLL
0x00007ff859ae0000 - 0x00007ff859aec000 	D:\ferley\Android\jbr\bin\vcruntime140_1.dll
0x00007ff84e100000 - 0x00007ff84e18d000 	D:\ferley\Android\jbr\bin\msvcp140.dll
0x00007ff8190c0000 - 0x00007ff819d43000 	D:\ferley\Android\jbr\bin\server\jvm.dll
0x00007ff85cdf0000 - 0x00007ff85ce93000 	C:\Windows\System32\ADVAPI32.dll
0x00007ff85e810000 - 0x00007ff85e8a7000 	C:\Windows\System32\sechost.dll
0x00007ff85bad0000 - 0x00007ff85bb1a000 	C:\Windows\System32\POWRPROF.dll
0x00007ff85baa0000 - 0x00007ff85bab0000 	C:\Windows\System32\UMPDC.dll
0x00007ff844ef0000 - 0x00007ff844ef9000 	C:\Windows\SYSTEM32\WSOCK32.dll
0x00007ff85e950000 - 0x00007ff85e9bf000 	C:\Windows\System32\WS2_32.dll
0x00007ff84d770000 - 0x00007ff84d77a000 	C:\Windows\SYSTEM32\VERSION.dll
0x00007ff8595c0000 - 0x00007ff8595e4000 	C:\Windows\SYSTEM32\WINMM.dll
0x00007ff8593b0000 - 0x00007ff8593dd000 	C:\Windows\SYSTEM32\WINMMBASE.dll
0x00007ff85cc40000 - 0x00007ff85cc8a000 	C:\Windows\System32\cfgmgr32.dll
0x00007ff85bb20000 - 0x00007ff85bb31000 	C:\Windows\System32\kernel.appcore.dll
0x00007ff856ee0000 - 0x00007ff856eea000 	D:\ferley\Android\jbr\bin\jimage.dll
0x00007ff848f60000 - 0x00007ff849154000 	C:\Windows\SYSTEM32\DBGHELP.DLL
0x00007ff8483e0000 - 0x00007ff84840a000 	C:\Windows\SYSTEM32\dbgcore.DLL
0x00007ff8558c0000 - 0x00007ff8558e5000 	D:\ferley\Android\jbr\bin\java.dll
0x00007ff856c60000 - 0x00007ff856c78000 	D:\ferley\Android\jbr\bin\zip.dll
0x00007ff85dba0000 - 0x00007ff85e285000 	C:\Windows\System32\SHELL32.dll
0x00007ff85cea0000 - 0x00007ff85cf49000 	C:\Windows\System32\shcore.dll
0x00007ff85c170000 - 0x00007ff85c8f0000 	C:\Windows\System32\windows.storage.dll
0x00007ff85bb40000 - 0x00007ff85bb63000 	C:\Windows\System32\profapi.dll
0x00007ff85d820000 - 0x00007ff85d872000 	C:\Windows\System32\shlwapi.dll
0x00007ff85c8f0000 - 0x00007ff85c907000 	C:\Windows\System32\cryptsp.dll
0x00007ff8558a0000 - 0x00007ff8558b9000 	D:\ferley\Android\jbr\bin\net.dll
0x00007ff84d8a0000 - 0x00007ff84d991000 	C:\Windows\SYSTEM32\WINHTTP.dll
0x00007ff85b310000 - 0x00007ff85b377000 	C:\Windows\system32\mswsock.dll
0x00007ff855390000 - 0x00007ff8553a6000 	D:\ferley\Android\jbr\bin\nio.dll
0x00007ff84fe60000 - 0x00007ff84fe70000 	D:\ferley\Android\jbr\bin\verify.dll

dbghelp: loaded successfully - version: 4.0.5 - missing functions: none
symbol engine: initialized successfully - sym options: 0x614 - pdb path: .;D:\ferley\Android\jbr\bin;C:\Windows\SYSTEM32;C:\Windows\WinSxS\amd64_microsoft.windows.common-controls_6595b64144ccf1df_6.0.18362.719_none_e6c7b883130c6729;D:\ferley\Android\jbr\bin\server

VM Arguments:
java_command: org.jetbrains.kotlin.cli.jvm.K2JVMCompiler @D:\Labs20242-Gr06\Lab1-UI\build\20240913_11072286891109002684.compiler.options
java_class_path (initial): C:\Users\ESTEBAN\.gradle\caches\modules-2\files-2.1\org.jetbrains.kotlin\kotlin-compiler-embeddable\1.9.0\2c8c3a7402becca891f12739b3e9fd2dc2adbd7a\kotlin-compiler-embeddable-1.9.0.jar;C:\Users\ESTEBAN\.gradle\caches\modules-2\files-2.1\org.jetbrains.kotlin\kotlin-stdlib\1.9.0\8ee15ef0c67dc83d874f412d84378d7f0eb50b63\kotlin-stdlib-1.9.0.jar;C:\Users\ESTEBAN\.gradle\caches\modules-2\files-2.1\org.jetbrains.kotlin\kotlin-script-runtime\1.9.0\4b3102cbbb7e1b58d9d1adf89563f00069ffa7d1\kotlin-script-runtime-1.9.0.jar;C:\Users\ESTEBAN\.gradle\caches\modules-2\files-2.1\org.jetbrains.kotlin\kotlin-reflect\1.6.10\1cbe9c92c12a94eea200d23c2bbaedaf3daf5132\kotlin-reflect-1.6.10.jar;C:\Users\ESTEBAN\.gradle\caches\modules-2\files-2.1\org.jetbrains.kotlin\kotlin-daemon-embeddable\1.9.0\186543f5e28cf8d9a0290fecc2cf34301c40a65c\kotlin-daemon-embeddable-1.9.0.jar;C:\Users\ESTEBAN\.gradle\caches\modules-2\files-2.1\org.jetbrains.intellij.deps\trove4j\1.0.20200330\3afb14d5f9ceb459d724e907a21145e8ff394f02\trove4j-1.0.20200330.jar;C:\Users\ESTEBAN\.gradle\caches\modules-2\files-2.1\org.jetbrains.kotlin\kotlin-stdlib-common\1.9.0\cd65c21cfd1eec4d44ef09f9f52b6d9f8a720636\kotlin-stdlib-common-1.9.0.jar;C:\Users\ESTEBAN\.gradle\caches\modules-2\files-2.1\org.jetbrains\annotations\13.0\919f0dfe192fb4e063e7dacadee7f8bb9a2672a9\annotations-13.0.jar
Launcher Type: SUN_STANDARD

[Global flags]
     intx CICompilerCount                          = 3                                         {product} {ergonomic}
     uint ConcGCThreads                            = 1                                         {product} {ergonomic}
     uint G1ConcRefinementThreads                  = 4                                         {product} {ergonomic}
   size_t G1HeapRegionSize                         = 1048576                                   {product} {ergonomic}
    uintx GCDrainStackTargetSize                   = 64                                        {product} {ergonomic}
   size_t InitialHeapSize                          = 134217728                                 {product} {ergonomic}
   size_t MarkStackSize                            = 4194304                                   {product} {ergonomic}
   size_t MaxHeapSize                              = 2122317824                                {product} {ergonomic}
   size_t MaxNewSize                               = 1272971264                                {product} {ergonomic}
   size_t MinHeapDeltaBytes                        = 1048576                                   {product} {ergonomic}
   size_t MinHeapSize                              = 8388608                                   {product} {ergonomic}
    uintx NonNMethodCodeHeapSize                   = 5832780                                {pd product} {ergonomic}
    uintx NonProfiledCodeHeapSize                  = 122912730                              {pd product} {ergonomic}
    uintx ProfiledCodeHeapSize                     = 122912730                              {pd product} {ergonomic}
    uintx ReservedCodeCacheSize                    = 251658240                              {pd product} {ergonomic}
     bool SegmentedCodeCache                       = true                                      {product} {ergonomic}
   size_t SoftMaxHeapSize                          = 2122317824                             {manageable} {ergonomic}
     bool UseCompressedClassPointers               = true                           {product lp64_product} {ergonomic}
     bool UseCompressedOops                        = true                           {product lp64_product} {ergonomic}
     bool UseG1GC                                  = true                                      {product} {ergonomic}
     bool UseLargePagesIndividualAllocation        = false                                  {pd product} {ergonomic}

Logging:
Log output configuration:
 #0: stdout all=warning uptime,level,tags
 #1: stderr all=off uptime,level,tags

Environment Variables:
PATH=C:\app\FERLEY\dbhomeXE\bin;C:\Program Files (x86)\Common Files\Oracle\Java\javapath;C:\Program Files\Eclipse Adoptium\jdk-17.0.10.7-hotspot\bin;C:\Python312\Scripts\;C:\Python312\;C:\Program Files (x86)\Common Files\Intel\Shared Libraries\redist\intel64\compiler;C:\Windows\system32;C:\Windows;C:\Windows\System32\Wbem;C:\Windows\System32\WindowsPowerShell\v1.0\;C:\Windows\System32\OpenSSH\;C:\ProgramData\chocolatey\bin;C:\Users\ESTEBAN\AppData\Roaming\nvm;C:\Program Files\nodejs;C:\Program Files\Git\cmd;C:\Users\ESTEBAN\AppData\Local\Microsoft\WindowsApps;C:\Users\ESTEBAN\AppData\Local\Programs\Microsoft VS Code\bin;C:\Programas\IntelliJ IDEA 2023.3.4\bin;;C:\Users\ESTEBAN\AppData\Roaming\nvm;C:\Program Files\nodejs;C:\Program Files\MongoDB\Server\7.0\bin;C:\ProgramData\ESTEBAN\GitHubDesktop\bin;C:\Users\ESTEBAN\AppData\Local\GitHubDesktop\bin
USERNAME=ESTEBAN
OS=Windows_NT
PROCESSOR_IDENTIFIER=Intel64 Family 6 Model 76 Stepping 4, GenuineIntel
TMP=C:\Users\ESTEBAN\AppData\Local\Temp
TEMP=C:\Users\ESTEBAN\AppData\Local\Temp



Periodic native trim disabled

JNI global refs:
JNI global refs: 10, weak refs: 7

JNI global refs memory usage: 843, weak refs: 841

Process memory usage:
Resident Set Size: 352056K (4% of 8285028K total physical memory with 610912K free physical memory)

OOME stack traces (most recent first):
Classloader memory used:
Loader jdk.internal.loader.ClassLoaders$AppClassLoader                                 : 7674K
Loader bootstrap                                                                       : 1390K
Loader java.net.URLClassLoader                                                         : 206K
Loader jdk.internal.reflect.DelegatingClassLoader                                      : 19094B


---------------  S Y S T E M  ---------------

OS:
 Windows 10 , 64 bit Build 18362 (10.0.18362.329)
OS uptime: 1 days 9:39 hours

CPU: total 4 (initial active 4) (4 cores per cpu, 1 threads per core) family 6 model 76 stepping 4 microcode 0x410, cx8, cmov, fxsr, mmx, 3dnowpref, sse, sse2, sse3, ssse3, sse4.1, sse4.2, popcnt, tsc, tscinvbit, aes, erms, clmul, clflush
Processor Information for all 4 processors :
  Max Mhz: 1601, Current Mhz: 1601, Mhz Limit: 1601

Memory: 4k page, system-wide physical 8090M (597M free)
TotalPageFile size 10138M (AvailPageFile size 11M)
current process WorkingSet (physical memory assigned to process): 343M, peak: 348M
current process commit charge ("private bytes"): 375M, peak: 380M

vm_info: OpenJDK 64-Bit Server VM (17.0.11+0--11852314) for windows-amd64 JRE (17.0.11+0--11852314), built on May 16 2024 21:29:20 by "androidbuild" with MS VC++ 16.10 / 16.11 (VS2019)

END.
