#
# There is insufficient memory for the Java Runtime Environment to continue.
# Native memory allocation (mmap) failed to map 12582912 bytes. Error detail: G1 virtual space
# Possible reasons:
#   The system is out of physical RAM or swap space
#   This process is running with CompressedOops enabled, and the Java Heap may be blocking the growth of the native heap
# Possible solutions:
#   Reduce memory load on the system
#   Increase physical memory or swap space
#   Check if swap backing store is full
#   Decrease Java heap size (-Xmx/-Xms)
#   Decrease number of Java threads
#   Decrease Java thread stack sizes (-Xss)
#   Set larger code cache with -XX:ReservedCodeCacheSize=
#   JVM is running with Unscaled Compressed Oops mode in which the Java heap is
#     placed in the first 4GB address space. The Java Heap base address is the
#     maximum limit for the native heap growth. Please use -XX:HeapBaseMinAddress
#     to set the Java Heap base and to place the Java Heap above 4GB virtual address.
# This output file may be truncated or incomplete.
#
#  Out of Memory Error (os_windows.cpp:3825), pid=11884, tid=7944
#
# JRE version: OpenJDK Runtime Environment (17.0.11) (build 17.0.11+0--11852314)
# Java VM: OpenJDK 64-Bit Server VM (17.0.11+0--11852314, mixed mode, tiered, compressed oops, compressed class ptrs, g1 gc, windows-amd64)
# No core dump will be written. Minidumps are not enabled by default on client versions of Windows
#

---------------  S U M M A R Y ------------

Command Line: org.jetbrains.kotlin.cli.jvm.K2JVMCompiler @D:\Labs20242-Gr06\Lab1-UI\build\20240913_702902032968225030.compiler.options

Host: Intel(R) Pentium(R) CPU  J3710  @ 1.60GHz, 4 cores, 7G,  Windows 10 , 64 bit Build 18362 (10.0.18362.329)
Time: Fri Sep 13 18:05:15 2024 Hora est. Pacífico, Sudamérica elapsed time: 8.210289 seconds (0d 0h 0m 8s)

---------------  T H R E A D  ---------------

Current thread (0x0000022254784200):  VMThread "VM Thread" [stack: 0x000000b302800000,0x000000b302900000] [id=7944]

Stack: [0x000000b302800000,0x000000b302900000]
Native frames: (J=compiled Java code, j=interpreted, Vv=VM code, C=native code)
V  [jvm.dll+0x687bb9]
V  [jvm.dll+0x84142a]
V  [jvm.dll+0x8430ae]
V  [jvm.dll+0x843713]
V  [jvm.dll+0x24a35f]
V  [jvm.dll+0x684989]
V  [jvm.dll+0x67923a]
V  [jvm.dll+0x30af0b]
V  [jvm.dll+0x3123b6]
V  [jvm.dll+0x361dfe]
V  [jvm.dll+0x36202f]
V  [jvm.dll+0x2e0d38]
V  [jvm.dll+0x2df144]
V  [jvm.dll+0x2de74c]
V  [jvm.dll+0x32305b]
V  [jvm.dll+0x847e0b]
V  [jvm.dll+0x848b42]
V  [jvm.dll+0x84905d]
V  [jvm.dll+0x849434]
V  [jvm.dll+0x849500]
V  [jvm.dll+0x7efa4a]
V  [jvm.dll+0x686a35]
C  [ucrtbase.dll+0x20e72]
C  [KERNEL32.DLL+0x17bd4]
C  [ntdll.dll+0x6ced1]

VM_Operation (0x000000b3022f98f0): G1CollectForAllocation, mode: safepoint, requested by thread 0x0000022239337840


---------------  P R O C E S S  ---------------

Threads class SMR info:
_java_thread_list=0x000002225a1fb780, length=13, elements={
0x0000022239337840, 0x00000222547cc570, 0x00000222547cd300, 0x00000222547f6810,
0x00000222547f70e0, 0x00000222547f79b0, 0x000002225495da10, 0x000002225495e610,
0x0000022254962a60, 0x0000022254989280, 0x0000022254add4f0, 0x0000022254af1120,
0x0000022259200040
}

Java Threads: ( => current thread )
  0x0000022239337840 JavaThread "main" [_thread_blocked, id=9544, stack(0x000000b302200000,0x000000b302300000)]
  0x00000222547cc570 JavaThread "Reference Handler" daemon [_thread_blocked, id=9644, stack(0x000000b302900000,0x000000b302a00000)]
  0x00000222547cd300 JavaThread "Finalizer" daemon [_thread_blocked, id=10456, stack(0x000000b302a00000,0x000000b302b00000)]
  0x00000222547f6810 JavaThread "Signal Dispatcher" daemon [_thread_blocked, id=2864, stack(0x000000b302b00000,0x000000b302c00000)]
  0x00000222547f70e0 JavaThread "Attach Listener" daemon [_thread_blocked, id=1340, stack(0x000000b302c00000,0x000000b302d00000)]
  0x00000222547f79b0 JavaThread "Service Thread" daemon [_thread_blocked, id=1160, stack(0x000000b302d00000,0x000000b302e00000)]
  0x000002225495da10 JavaThread "Monitor Deflation Thread" daemon [_thread_blocked, id=4784, stack(0x000000b302e00000,0x000000b302f00000)]
  0x000002225495e610 JavaThread "C2 CompilerThread0" daemon [_thread_blocked, id=9776, stack(0x000000b302f00000,0x000000b303000000)]
  0x0000022254962a60 JavaThread "C1 CompilerThread0" daemon [_thread_blocked, id=6644, stack(0x000000b303000000,0x000000b303100000)]
  0x0000022254989280 JavaThread "Sweeper thread" daemon [_thread_blocked, id=5800, stack(0x000000b303100000,0x000000b303200000)]
  0x0000022254add4f0 JavaThread "Notification Thread" daemon [_thread_blocked, id=8568, stack(0x000000b303200000,0x000000b303300000)]
  0x0000022254af1120 JavaThread "Common-Cleaner" daemon [_thread_blocked, id=9120, stack(0x000000b303400000,0x000000b303500000)]
  0x0000022259200040 JavaThread "C2 CompilerThread1" daemon [_thread_blocked, id=4940, stack(0x000000b303800000,0x000000b303900000)]

Other Threads:
=>0x0000022254784200 VMThread "VM Thread" [stack: 0x000000b302800000,0x000000b302900000] [id=7944]
  0x0000022254add9d0 WatcherThread [stack: 0x000000b303300000,0x000000b303400000] [id=11552]
  0x00000222393943d0 GCTaskThread "GC Thread#0" [stack: 0x000000b302300000,0x000000b302400000] [id=1876]
  0x00000222591b1460 GCTaskThread "GC Thread#1" [stack: 0x000000b303500000,0x000000b303600000] [id=9348]
  0x00000222591b3970 GCTaskThread "GC Thread#2" [stack: 0x000000b303600000,0x000000b303700000] [id=1156]
  0x00000222591e6350 GCTaskThread "GC Thread#3" [stack: 0x000000b303700000,0x000000b303800000] [id=6424]
  0x00000222393a6f50 ConcurrentGCThread "G1 Main Marker" [stack: 0x000000b302400000,0x000000b302500000] [id=11208]
  0x00000222393a8020 ConcurrentGCThread "G1 Conc#0" [stack: 0x000000b302500000,0x000000b302600000] [id=11892]
  0x00000222393edb90 ConcurrentGCThread "G1 Refine#0" [stack: 0x000000b302600000,0x000000b302700000] [id=8876]
  0x00000222599c9750 ConcurrentGCThread "G1 Refine#1" [stack: 0x000000b303900000,0x000000b303a00000] [id=6908]
  0x00000222393ee4d0 ConcurrentGCThread "G1 Service" [stack: 0x000000b302700000,0x000000b302800000] [id=11644]

Threads with active compile tasks:
C2 CompilerThread0     8264 2349   !   4       java.net.URL::<init> (543 bytes)
C2 CompilerThread1     8264 2471       4       java.util.Arrays::hashCode (56 bytes)

VM state: at safepoint (normal execution)

VM Mutex/Monitor currently owned by a thread:  ([mutex/lock_event])
[0x0000022239334cb0] Threads_lock - owner thread: 0x0000022254784200
[0x0000022239333090] Heap_lock - owner thread: 0x0000022239337840

Heap address: 0x0000000081800000, size: 2024 MB, Compressed Oops mode: 32-bit

CDS archive(s) not mapped
Compressed class space mapped at: 0x0000000100000000-0x0000000140000000, reserved size: 1073741824
Narrow klass base: 0x0000000000000000, Narrow klass shift: 3, Narrow klass range: 0x140000000

GC Precious Log:
 CPUs: 4 total, 4 available
 Memory: 8090M
 Large Page Support: Disabled
 NUMA Support: Disabled
 Compressed Oops: Enabled (32-bit)
 Heap Region Size: 1M
 Heap Min Capacity: 8M
 Heap Initial Capacity: 128M
 Heap Max Capacity: 2024M
 Pre-touch: Disabled
 Parallel Workers: 4
 Concurrent Workers: 1
 Concurrent Refinement Workers: 4
 Periodic GC: Disabled

Heap:
 garbage-first heap   total 41984K, used 20451K [0x0000000081800000, 0x0000000100000000)
  region size 1024K, 1 young (1024K), 1 survivors (1024K)
 Metaspace       used 36788K, committed 36992K, reserved 1114112K
  class space    used 4664K, committed 4800K, reserved 1048576K

Heap Regions: E=young(eden), S=young(survivor), O=old, HS=humongous(starts), HC=humongous(continues), CS=collection set, F=free, OA=open archive, CA=closed archive, TAMS=top-at-mark-start (previous, next)
|   0|0x0000000081800000, 0x0000000081900000, 0x0000000081900000|100%|HS|  |TAMS 0x0000000081900000, 0x0000000081800000| Complete 
|   1|0x0000000081900000, 0x0000000081a00000, 0x0000000081a00000|100%|HC|  |TAMS 0x0000000081a00000, 0x0000000081900000| Complete 
|   2|0x0000000081a00000, 0x0000000081b00000, 0x0000000081b00000|100%|HC|  |TAMS 0x0000000081b00000, 0x0000000081a00000| Complete 
|   3|0x0000000081b00000, 0x0000000081c00000, 0x0000000081c00000|100%|HC|  |TAMS 0x0000000081c00000, 0x0000000081b00000| Complete 
|   4|0x0000000081c00000, 0x0000000081d00000, 0x0000000081d00000|100%| O|  |TAMS 0x0000000081d00000, 0x0000000081c00000| Untracked 
|   5|0x0000000081d00000, 0x0000000081dee800, 0x0000000081e00000| 93%| O|  |TAMS 0x0000000081dee800, 0x0000000081d00000| Untracked 
|   6|0x0000000081e00000, 0x0000000081f00000, 0x0000000081f00000|100%| O|  |TAMS 0x0000000081f00000, 0x0000000081e00000| Untracked 
|   7|0x0000000081f00000, 0x0000000082000000, 0x0000000082000000|100%| O|  |TAMS 0x0000000082000000, 0x0000000081f00000| Untracked 
|   8|0x0000000082000000, 0x0000000082100000, 0x0000000082100000|100%| O|  |TAMS 0x0000000082100000, 0x0000000082000000| Untracked 
|   9|0x0000000082100000, 0x0000000082200000, 0x0000000082200000|100%| O|  |TAMS 0x0000000082200000, 0x0000000082100000| Untracked 
|  10|0x0000000082200000, 0x0000000082300000, 0x0000000082300000|100%| O|  |TAMS 0x000000008227ce00, 0x0000000082200000| Untracked 
|  11|0x0000000082300000, 0x0000000082400000, 0x0000000082400000|100%| O|  |TAMS 0x0000000082300000, 0x0000000082300000| Untracked 
|  12|0x0000000082400000, 0x0000000082500000, 0x0000000082500000|100%| O|  |TAMS 0x0000000082400000, 0x0000000082400000| Untracked 
|  13|0x0000000082500000, 0x0000000082600000, 0x0000000082600000|100%| O|  |TAMS 0x0000000082500000, 0x0000000082500000| Untracked 
|  14|0x0000000082600000, 0x00000000826a5600, 0x0000000082700000| 64%| O|  |TAMS 0x0000000082600000, 0x0000000082600000| Untracked 
|  15|0x0000000082700000, 0x0000000082800000, 0x0000000082800000|100%| O|  |TAMS 0x0000000082800000, 0x0000000082700000| Untracked 
|  16|0x0000000082800000, 0x0000000082800000, 0x0000000082900000|  0%| F|  |TAMS 0x0000000082800000, 0x0000000082800000| Untracked 
|  17|0x0000000082900000, 0x0000000082a00000, 0x0000000082a00000|100%| O|  |TAMS 0x0000000082a00000, 0x0000000082900000| Untracked 
|  18|0x0000000082a00000, 0x0000000082b00000, 0x0000000082b00000|100%| O|  |TAMS 0x0000000082b00000, 0x0000000082a00000| Untracked 
|  19|0x0000000082b00000, 0x0000000082c00000, 0x0000000082c00000|100%| O|  |TAMS 0x0000000082c00000, 0x0000000082b00000| Untracked 
|  20|0x0000000082c00000, 0x0000000082c00000, 0x0000000082d00000|  0%| F|  |TAMS 0x0000000082c00000, 0x0000000082c00000| Untracked 
|  21|0x0000000082d00000, 0x0000000082d00000, 0x0000000082e00000|  0%| F|  |TAMS 0x0000000082d00000, 0x0000000082d00000| Untracked 
|  22|0x0000000082e00000, 0x0000000082e00000, 0x0000000082f00000|  0%| F|  |TAMS 0x0000000082e00000, 0x0000000082e00000| Untracked 
|  23|0x0000000082f00000, 0x0000000082f00000, 0x0000000083000000|  0%| F|  |TAMS 0x0000000082f00000, 0x0000000082f00000| Untracked 
|  24|0x0000000083000000, 0x0000000083000000, 0x0000000083100000|  0%| F|  |TAMS 0x0000000083000000, 0x0000000083000000| Untracked 
|  25|0x0000000083100000, 0x0000000083100000, 0x0000000083200000|  0%| F|  |TAMS 0x0000000083100000, 0x0000000083100000| Untracked 
|  26|0x0000000083200000, 0x0000000083200000, 0x0000000083300000|  0%| F|  |TAMS 0x0000000083200000, 0x0000000083200000| Untracked 
|  27|0x0000000083300000, 0x0000000083300000, 0x0000000083400000|  0%| F|  |TAMS 0x0000000083300000, 0x0000000083300000| Untracked 
|  28|0x0000000083400000, 0x0000000083400000, 0x0000000083500000|  0%| F|  |TAMS 0x0000000083400000, 0x0000000083400000| Untracked 
|  29|0x0000000083500000, 0x0000000083500000, 0x0000000083600000|  0%| F|  |TAMS 0x0000000083500000, 0x0000000083500000| Untracked 
|  30|0x0000000083600000, 0x0000000083600000, 0x0000000083700000|  0%| F|  |TAMS 0x0000000083600000, 0x0000000083600000| Untracked 
|  31|0x0000000083700000, 0x0000000083700000, 0x0000000083800000|  0%| F|  |TAMS 0x0000000083700000, 0x0000000083700000| Untracked 
|  32|0x0000000083800000, 0x0000000083800000, 0x0000000083900000|  0%| F|  |TAMS 0x0000000083800000, 0x0000000083800000| Untracked 
|  33|0x0000000083900000, 0x0000000083900000, 0x0000000083a00000|  0%| F|  |TAMS 0x0000000083900000, 0x0000000083900000| Untracked 
|  95|0x0000000087700000, 0x0000000087700000, 0x0000000087800000|  0%| F|  |TAMS 0x0000000087700000, 0x0000000087700000| Untracked 
|  96|0x0000000087800000, 0x0000000087800000, 0x0000000087900000|  0%| F|  |TAMS 0x0000000087800000, 0x0000000087800000| Untracked 
|  97|0x0000000087900000, 0x0000000087900000, 0x0000000087a00000|  0%| F|  |TAMS 0x0000000087900000, 0x0000000087900000| Untracked 
|  98|0x0000000087a00000, 0x0000000087a00000, 0x0000000087b00000|  0%| F|  |TAMS 0x0000000087a00000, 0x0000000087a00000| Untracked 
|  99|0x0000000087b00000, 0x0000000087b64f08, 0x0000000087c00000| 39%| S|CS|TAMS 0x0000000087b00000, 0x0000000087b00000| Complete 
| 127|0x0000000089700000, 0x0000000089700000, 0x0000000089800000|  0%| F|  |TAMS 0x0000000089700000, 0x0000000089700000| Untracked 
|2023|0x00000000fff00000, 0x0000000100000000, 0x0000000100000000|100%| O|  |TAMS 0x0000000100000000, 0x00000000fff00000| Untracked 

Card table byte_map: [0x000002224da30000,0x000002224de30000] _byte_map_base: 0x000002224d624000

Marking Bits (Prev, Next): (CMBitMap*) 0x0000022239396920, (CMBitMap*) 0x0000022239396960
 Prev Bits: [0x000002224e230000, 0x00000222501d0000)
 Next Bits: [0x00000222501d0000, 0x0000022252170000)

Polling page: 0x00000222393f0000

Metaspace:

Usage:
  Non-class:     31.37 MB used.
      Class:      4.55 MB used.
       Both:     35.93 MB used.

Virtual space:
  Non-class space:       64.00 MB reserved,      31.44 MB ( 49%) committed,  1 nodes.
      Class space:        1.00 GB reserved,       4.69 MB ( <1%) committed,  1 nodes.
             Both:        1.06 GB reserved,      36.13 MB (  3%) committed. 

Chunk freelists:
   Non-Class:  384.00 KB
       Class:  11.30 MB
        Both:  11.67 MB

MaxMetaspaceSize: unlimited
CompressedClassSpaceSize: 1.00 GB
Initial GC threshold: 21.00 MB
Current GC threshold: 56.69 MB
CDS: off
MetaspaceReclaimPolicy: balanced
 - commit_granule_bytes: 65536.
 - commit_granule_words: 8192.
 - virtual_space_node_default_size: 8388608.
 - enlarge_chunks_in_place: 1.
 - new_chunks_are_fully_committed: 0.
 - uncommit_free_chunks: 1.
 - use_allocation_guard: 0.
 - handle_deallocations: 1.


Internal statistics:

num_allocs_failed_limit: 3.
num_arena_births: 146.
num_arena_deaths: 0.
num_vsnodes_births: 2.
num_vsnodes_deaths: 0.
num_space_committed: 577.
num_space_uncommitted: 0.
num_chunks_returned_to_freelist: 3.
num_chunks_taken_from_freelist: 1131.
num_chunk_merges: 3.
num_chunk_splits: 928.
num_chunks_enlarged: 845.
num_inconsistent_stats: 0.

CodeHeap 'non-profiled nmethods': size=120000Kb used=971Kb max_used=971Kb free=119028Kb
 bounds [0x0000022245ae0000, 0x0000022245d50000, 0x000002224d010000]
CodeHeap 'profiled nmethods': size=120000Kb used=4774Kb max_used=4774Kb free=115225Kb
 bounds [0x000002223e010000, 0x000002223e4c0000, 0x0000022245540000]
CodeHeap 'non-nmethods': size=5760Kb used=1238Kb max_used=1274Kb free=4521Kb
 bounds [0x0000022245540000, 0x00000222457b0000, 0x0000022245ae0000]
 total_blobs=3008 nmethods=2457 adapters=464
 compilation: enabled
              stopped_count=0, restarted_count=0
 full_count=0

Compilation events (20 events):
Event: 8.147 Thread 0x0000022259200040 nmethod 2408 0x0000022245bd1410 code [0x0000022245bd15c0, 0x0000022245bd17b0]
Event: 8.147 Thread 0x0000022259200040 2420       4       java.lang.ref.Reference::<init> (25 bytes)
Event: 8.149 Thread 0x0000022254962a60 2464       3       java.lang.Class::copyConstructors (38 bytes)
Event: 8.150 Thread 0x0000022254962a60 nmethod 2464 0x000002223e4b2710 code [0x000002223e4b2980, 0x000002223e4b3498]
Event: 8.151 Thread 0x0000022259200040 nmethod 2420 0x0000022245bd1990 code [0x0000022245bd1b00, 0x0000022245bd1d38]
Event: 8.151 Thread 0x0000022259200040 2465       4       java.util.HashMap$HashIterator::nextNode (100 bytes)
Event: 8.162 Thread 0x0000022254962a60 2466       3       sun.reflect.generics.tree.ClassTypeSignature::accept (8 bytes)
Event: 8.162 Thread 0x0000022259200040 nmethod 2465 0x0000022245bd1d90 code [0x0000022245bd1f20, 0x0000022245bd2318]
Event: 8.162 Thread 0x0000022254962a60 nmethod 2466 0x000002223e4b3910 code [0x000002223e4b3ac0, 0x000002223e4b3c48]
Event: 8.162 Thread 0x0000022254962a60 2467       3       sun.reflect.generics.visitor.Reifier::visitClassTypeSignature (381 bytes)
Event: 8.166 Thread 0x0000022254962a60 nmethod 2467 0x000002223e4b3d90 code [0x000002223e4b41a0, 0x000002223e4b5cc8]
Event: 8.166 Thread 0x0000022254962a60 2468   !   3       sun.reflect.annotation.AnnotationParser::parseAnnotation2 (271 bytes)
Event: 8.169 Thread 0x0000022254962a60 nmethod 2468 0x000002223e4b6690 code [0x000002223e4b6aa0, 0x000002223e4b8648]
Event: 8.170 Thread 0x0000022259200040 2470       4       java.nio.HeapByteBuffer::get (14 bytes)
Event: 8.172 Thread 0x0000022259200040 nmethod 2470 0x0000022245bd2910 code [0x0000022245bd2a80, 0x0000022245bd2b58]
Event: 8.184 Thread 0x0000022259200040 2471       4       java.util.Arrays::hashCode (56 bytes)
Event: 8.186 Thread 0x0000022254962a60 2472       3       org.jetbrains.kotlin.com.intellij.util.containers.MultiMap$$Lambda$37/0x000000010024bcf8::apply (9 bytes)
Event: 8.186 Thread 0x0000022254962a60 nmethod 2472 0x000002223e4b9090 code [0x000002223e4b9240, 0x000002223e4b9468]
Event: 8.186 Thread 0x0000022254962a60 2473       3       org.jetbrains.kotlin.com.intellij.util.containers.MultiMap::lambda$putValue$1 (5 bytes)
Event: 8.187 Thread 0x0000022254962a60 nmethod 2473 0x000002223e4b9590 code [0x000002223e4b9740, 0x000002223e4b9908]

GC Heap History (17 events):
Event: 1.372 GC heap before
{Heap before GC invocations=0 (full 0):
 garbage-first heap   total 131072K, used 17408K [0x0000000081800000, 0x0000000100000000)
  region size 1024K, 13 young (13312K), 0 survivors (0K)
 Metaspace       used 10530K, committed 10688K, reserved 1114112K
  class space    used 911K, committed 1024K, reserved 1048576K
}
Event: 1.379 GC heap after
{Heap after GC invocations=1 (full 0):
 garbage-first heap   total 131072K, used 6144K [0x0000000081800000, 0x0000000100000000)
  region size 1024K, 2 young (2048K), 2 survivors (2048K)
 Metaspace       used 10530K, committed 10688K, reserved 1114112K
  class space    used 911K, committed 1024K, reserved 1048576K
}
Event: 2.330 GC heap before
{Heap before GC invocations=1 (full 0):
 garbage-first heap   total 131072K, used 21504K [0x0000000081800000, 0x0000000100000000)
  region size 1024K, 18 young (18432K), 2 survivors (2048K)
 Metaspace       used 14581K, committed 14720K, reserved 1114112K
  class space    used 1458K, committed 1536K, reserved 1048576K
}
Event: 2.340 GC heap after
{Heap after GC invocations=2 (full 0):
 garbage-first heap   total 131072K, used 7698K [0x0000000081800000, 0x0000000100000000)
  region size 1024K, 2 young (2048K), 2 survivors (2048K)
 Metaspace       used 14581K, committed 14720K, reserved 1114112K
  class space    used 1458K, committed 1536K, reserved 1048576K
}
Event: 4.244 GC heap before
{Heap before GC invocations=2 (full 0):
 garbage-first heap   total 131072K, used 33298K [0x0000000081800000, 0x0000000100000000)
  region size 1024K, 28 young (28672K), 2 survivors (2048K)
 Metaspace       used 21336K, committed 21504K, reserved 1114112K
  class space    used 2332K, committed 2432K, reserved 1048576K
}
Event: 4.258 GC heap after
{Heap after GC invocations=3 (full 0):
 garbage-first heap   total 131072K, used 10356K [0x0000000081800000, 0x0000000100000000)
  region size 1024K, 5 young (5120K), 5 survivors (5120K)
 Metaspace       used 21336K, committed 21504K, reserved 1114112K
  class space    used 2332K, committed 2432K, reserved 1048576K
}
Event: 5.705 GC heap before
{Heap before GC invocations=4 (full 0):
 garbage-first heap   total 40960K, used 31860K [0x0000000081800000, 0x0000000100000000)
  region size 1024K, 27 young (27648K), 5 survivors (5120K)
 Metaspace       used 28635K, committed 28864K, reserved 1114112K
  class space    used 3570K, committed 3648K, reserved 1048576K
}
Event: 5.726 GC heap after
{Heap after GC invocations=5 (full 0):
 garbage-first heap   total 40960K, used 11529K [0x0000000081800000, 0x0000000100000000)
  region size 1024K, 6 young (6144K), 6 survivors (6144K)
 Metaspace       used 28635K, committed 28864K, reserved 1114112K
  class space    used 3570K, committed 3648K, reserved 1048576K
}
Event: 6.296 GC heap before
{Heap before GC invocations=5 (full 0):
 garbage-first heap   total 40960K, used 30985K [0x0000000081800000, 0x0000000100000000)
  region size 1024K, 23 young (23552K), 6 survivors (6144K)
 Metaspace       used 29395K, committed 29632K, reserved 1114112K
  class space    used 3624K, committed 3712K, reserved 1048576K
}
Event: 6.335 GC heap after
{Heap after GC invocations=6 (full 0):
 garbage-first heap   total 41984K, used 18237K [0x0000000081800000, 0x0000000100000000)
  region size 1024K, 3 young (3072K), 3 survivors (3072K)
 Metaspace       used 29395K, committed 29632K, reserved 1114112K
  class space    used 3624K, committed 3712K, reserved 1048576K
}
Event: 7.038 GC heap before
{Heap before GC invocations=6 (full 0):
 garbage-first heap   total 41984K, used 29501K [0x0000000081800000, 0x0000000100000000)
  region size 1024K, 14 young (14336K), 3 survivors (3072K)
 Metaspace       used 32724K, committed 33024K, reserved 1114112K
  class space    used 4210K, committed 4352K, reserved 1048576K
}
Event: 7.055 GC heap after
{Heap after GC invocations=7 (full 0):
 garbage-first heap   total 41984K, used 20230K [0x0000000081800000, 0x0000000100000000)
  region size 1024K, 2 young (2048K), 2 survivors (2048K)
 Metaspace       used 32724K, committed 33024K, reserved 1114112K
  class space    used 4210K, committed 4352K, reserved 1048576K
}
Event: 7.503 GC heap before
{Heap before GC invocations=7 (full 0):
 garbage-first heap   total 41984K, used 29446K [0x0000000081800000, 0x0000000100000000)
  region size 1024K, 12 young (12288K), 2 survivors (2048K)
 Metaspace       used 34441K, committed 34624K, reserved 1114112K
  class space    used 4390K, committed 4480K, reserved 1048576K
}
Event: 7.514 GC heap after
{Heap after GC invocations=8 (full 0):
 garbage-first heap   total 41984K, used 19386K [0x0000000081800000, 0x0000000100000000)
  region size 1024K, 2 young (2048K), 2 survivors (2048K)
 Metaspace       used 34441K, committed 34624K, reserved 1114112K
  class space    used 4390K, committed 4480K, reserved 1048576K
}
Event: 8.097 GC heap before
{Heap before GC invocations=9 (full 0):
 garbage-first heap   total 41984K, used 29626K [0x0000000081800000, 0x0000000100000000)
  region size 1024K, 13 young (13312K), 2 survivors (2048K)
 Metaspace       used 36618K, committed 36864K, reserved 1114112K
  class space    used 4650K, committed 4736K, reserved 1048576K
}
Event: 8.109 GC heap after
{Heap after GC invocations=10 (full 0):
 garbage-first heap   total 41984K, used 20894K [0x0000000081800000, 0x0000000100000000)
  region size 1024K, 2 young (2048K), 2 survivors (2048K)
 Metaspace       used 36618K, committed 36864K, reserved 1114112K
  class space    used 4650K, committed 4736K, reserved 1048576K
}
Event: 8.188 GC heap before
{Heap before GC invocations=10 (full 0):
 garbage-first heap   total 41984K, used 21918K [0x0000000081800000, 0x0000000100000000)
  region size 1024K, 3 young (3072K), 2 survivors (2048K)
 Metaspace       used 36788K, committed 36992K, reserved 1114112K
  class space    used 4664K, committed 4800K, reserved 1048576K
}

Dll operation events (2 events):
Event: 0.025 Loaded shared library D:\ferley\Android\jbr\bin\java.dll
Event: 5.084 Loaded shared library D:\ferley\Android\jbr\bin\verify.dll

Deoptimization events (20 events):
Event: 7.409 Thread 0x0000022239337840 DEOPT PACKING pc=0x000002223e3b89d6 sp=0x000000b3022fdaf0
Event: 7.409 Thread 0x0000022239337840 DEOPT UNPACKING pc=0x0000022245597124 sp=0x000000b3022fcf78 mode 0
Event: 7.439 Thread 0x0000022239337840 DEOPT PACKING pc=0x000002223e3b89d6 sp=0x000000b3022fdaf0
Event: 7.440 Thread 0x0000022239337840 DEOPT UNPACKING pc=0x0000022245597124 sp=0x000000b3022fcf78 mode 0
Event: 7.791 Thread 0x0000022239337840 Uncommon trap: trap_request=0xffffffc6 fr.pc=0x0000022245b3c6a8 relative=0x0000000000000a08
Event: 7.791 Thread 0x0000022239337840 Uncommon trap: reason=bimorphic_or_optimized_type_check action=maybe_recompile pc=0x0000022245b3c6a8 method=java.util.HashMap.putVal(ILjava/lang/Object;Ljava/lang/Object;ZZ)Ljava/lang/Object; @ 91 c2
Event: 7.791 Thread 0x0000022239337840 DEOPT PACKING pc=0x0000022245b3c6a8 sp=0x000000b3022facb0
Event: 7.791 Thread 0x0000022239337840 DEOPT UNPACKING pc=0x000002224559699d sp=0x000000b3022fac40 mode 2
Event: 7.791 Thread 0x0000022239337840 Uncommon trap: trap_request=0xffffffc6 fr.pc=0x0000022245b3c6a8 relative=0x0000000000000a08
Event: 7.791 Thread 0x0000022239337840 Uncommon trap: reason=bimorphic_or_optimized_type_check action=maybe_recompile pc=0x0000022245b3c6a8 method=java.util.HashMap.putVal(ILjava/lang/Object;Ljava/lang/Object;ZZ)Ljava/lang/Object; @ 91 c2
Event: 7.791 Thread 0x0000022239337840 DEOPT PACKING pc=0x0000022245b3c6a8 sp=0x000000b3022facb0
Event: 7.791 Thread 0x0000022239337840 DEOPT UNPACKING pc=0x000002224559699d sp=0x000000b3022fac40 mode 2
Event: 7.791 Thread 0x0000022239337840 Uncommon trap: trap_request=0xffffffc6 fr.pc=0x0000022245b3c6a8 relative=0x0000000000000a08
Event: 7.791 Thread 0x0000022239337840 Uncommon trap: reason=bimorphic_or_optimized_type_check action=maybe_recompile pc=0x0000022245b3c6a8 method=java.util.HashMap.putVal(ILjava/lang/Object;Ljava/lang/Object;ZZ)Ljava/lang/Object; @ 91 c2
Event: 7.791 Thread 0x0000022239337840 DEOPT PACKING pc=0x0000022245b3c6a8 sp=0x000000b3022facb0
Event: 7.791 Thread 0x0000022239337840 DEOPT UNPACKING pc=0x000002224559699d sp=0x000000b3022fac40 mode 2
Event: 7.791 Thread 0x0000022239337840 Uncommon trap: trap_request=0xffffffc6 fr.pc=0x0000022245b3c6a8 relative=0x0000000000000a08
Event: 7.791 Thread 0x0000022239337840 Uncommon trap: reason=bimorphic_or_optimized_type_check action=maybe_recompile pc=0x0000022245b3c6a8 method=java.util.HashMap.putVal(ILjava/lang/Object;Ljava/lang/Object;ZZ)Ljava/lang/Object; @ 91 c2
Event: 7.791 Thread 0x0000022239337840 DEOPT PACKING pc=0x0000022245b3c6a8 sp=0x000000b3022facb0
Event: 7.791 Thread 0x0000022239337840 DEOPT UNPACKING pc=0x000002224559699d sp=0x000000b3022fac40 mode 2

Classes unloaded (0 events):
No events

Classes redefined (0 events):
No events

Internal exceptions (20 events):
Event: 4.403 Thread 0x0000022239337840 Exception <a 'java/lang/NoSuchMethodError'{0x0000000083769620}: 'int java.lang.invoke.DirectMethodHandle$Holder.invokeSpecial(java.lang.Object, java.lang.Object, java.lang.Object)'> (0x0000000083769620) 
thrown [s\src\hotspot\share\interpreter\linkResolver.cpp, line 771]
Event: 4.404 Thread 0x0000022239337840 Exception <a 'java/lang/NoSuchMethodError'{0x000000008376d310}: 'int java.lang.invoke.DirectMethodHandle$Holder.invokeSpecial(java.lang.Object, java.lang.Object, java.lang.Object, java.lang.Object)'> (0x000000008376d310) 
thrown [s\src\hotspot\share\interpreter\linkResolver.cpp, line 771]
Event: 4.405 Thread 0x0000022239337840 Exception <a 'java/lang/NoSuchMethodError'{0x0000000083770978}: 'int java.lang.invoke.Invokers$Holder.invoke_MT(java.lang.Object, java.lang.Object, java.lang.Object, java.lang.Object)'> (0x0000000083770978) 
thrown [s\src\hotspot\share\interpreter\linkResolver.cpp, line 771]
Event: 4.412 Thread 0x0000022239337840 Exception <a 'java/lang/NoSuchMethodError'{0x000000008377ff00}: 'void java.lang.invoke.DelegatingMethodHandle$Holder.reinvoke_L(java.lang.Object, java.lang.Object, java.lang.Object, long, java.lang.Object)'> (0x000000008377ff00) 
thrown [s\src\hotspot\share\interpreter\linkResolver.cpp, line 771]
Event: 4.418 Thread 0x0000022239337840 Exception <a 'java/lang/NoSuchMethodError'{0x0000000083787eb0}: 'java.lang.Object java.lang.invoke.DirectMethodHandle$Holder.invokeSpecial(java.lang.Object, java.lang.Object, java.lang.Object, java.lang.Object, long)'> (0x0000000083787eb0) 
thrown [s\src\hotspot\share\interpreter\linkResolver.cpp, line 771]
Event: 4.426 Thread 0x0000022239337840 Exception <a 'java/lang/NoSuchMethodError'{0x0000000083797270}: 'int java.lang.invoke.DelegatingMethodHandle$Holder.reinvoke_L(java.lang.Object, java.lang.Object, java.lang.Object, long, java.lang.Object, java.lang.Object)'> (0x0000000083797270) 
thrown [s\src\hotspot\share\interpreter\linkResolver.cpp, line 771]
Event: 4.431 Thread 0x0000022239337840 Exception <a 'java/lang/NoSuchMethodError'{0x00000000837a5e00}: 'int java.lang.invoke.DelegatingMethodHandle$Holder.reinvoke_L(java.lang.Object, java.lang.Object, java.lang.Object, long, int, int)'> (0x00000000837a5e00) 
thrown [s\src\hotspot\share\interpreter\linkResolver.cpp, line 771]
Event: 4.437 Thread 0x0000022239337840 Exception <a 'java/lang/NoSuchMethodError'{0x00000000837b4738}: 'int java.lang.invoke.DelegatingMethodHandle$Holder.reinvoke_L(java.lang.Object, java.lang.Object, java.lang.Object, long, long, long)'> (0x00000000837b4738) 
thrown [s\src\hotspot\share\interpreter\linkResolver.cpp, line 771]
Event: 4.446 Thread 0x0000022239337840 Exception <a 'java/lang/NoSuchMethodError'{0x00000000837c2d50}: 'int java.lang.invoke.DelegatingMethodHandle$Holder.reinvoke_L(java.lang.Object, java.lang.Object, java.lang.Object, long, int)'> (0x00000000837c2d50) 
thrown [s\src\hotspot\share\interpreter\linkResolver.cpp, line 771]
Event: 4.504 Thread 0x0000022239337840 Exception <a 'java/lang/NoSuchMethodError'{0x0000000083669f20}: 'int java.lang.invoke.DirectMethodHandle$Holder.invokeStaticInit(java.lang.Object, java.lang.Object, java.lang.Object)'> (0x0000000083669f20) 
thrown [s\src\hotspot\share\interpreter\linkResolver.cpp, line 771]
Event: 4.517 Thread 0x0000022239337840 Exception <a 'java/lang/NoSuchMethodError'{0x00000000836920f0}: 'int java.lang.invoke.DirectMethodHandle$Holder.invokeStaticInit(java.lang.Object, java.lang.Object)'> (0x00000000836920f0) 
thrown [s\src\hotspot\share\interpreter\linkResolver.cpp, line 771]
Event: 4.575 Thread 0x0000022239337840 Exception <a 'java/lang/NoSuchMethodError'{0x0000000083570878}: 'void java.lang.invoke.DirectMethodHandle$Holder.invokeSpecial(java.lang.Object, java.lang.Object, java.lang.Object)'> (0x0000000083570878) 
thrown [s\src\hotspot\share\interpreter\linkResolver.cpp, line 771]
Event: 4.779 Thread 0x0000022239337840 Exception <a 'java/lang/NoSuchMethodError'{0x0000000083297560}: 'void java.lang.invoke.DirectMethodHandle$Holder.invokeStatic(java.lang.Object, java.lang.Object, java.lang.Object, java.lang.Object)'> (0x0000000083297560) 
thrown [s\src\hotspot\share\interpreter\linkResolver.cpp, line 771]
Event: 4.980 Thread 0x0000022239337840 Exception <a 'java/lang/NoSuchMethodError'{0x0000000082e55d58}: 'void java.lang.invoke.DirectMethodHandle$Holder.invokeStaticInit(java.lang.Object, java.lang.Object)'> (0x0000000082e55d58) 
thrown [s\src\hotspot\share\interpreter\linkResolver.cpp, line 771]
Event: 5.340 Thread 0x0000022239337840 Exception <a 'java/lang/NoSuchMethodError'{0x00000000829e0320}: 'void java.lang.invoke.DirectMethodHandle$Holder.invokeVirtual(java.lang.Object, java.lang.Object)'> (0x00000000829e0320) 
thrown [s\src\hotspot\share\interpreter\linkResolver.cpp, line 771]
Event: 5.365 Thread 0x0000022239337840 Exception <a 'java/lang/NoSuchMethodError'{0x000000008282bbe0}: 'int java.lang.invoke.DirectMethodHandle$Holder.invokeVirtual(java.lang.Object, java.lang.Object)'> (0x000000008282bbe0) 
thrown [s\src\hotspot\share\interpreter\linkResolver.cpp, line 771]
Event: 5.416 Thread 0x0000022239337840 Exception <a 'java/lang/NoSuchMethodError'{0x00000000828c4ea0}: 'java.lang.Object java.lang.invoke.Invokers$Holder.invokeExact_MT(java.lang.Object, java.lang.Object, java.lang.Object, java.lang.Object, java.lang.Object, java.lang.Object)'> (0x00000000828c4ea0) 
thrown [s\src\hotspot\share\interpreter\linkResolver.cpp, line 771]
Event: 6.899 Thread 0x0000022239337840 Implicit null exception at 0x0000022245af7f72 to 0x0000022245af8484
Event: 7.218 Thread 0x0000022239337840 Implicit null exception at 0x0000022245af9472 to 0x0000022245af9998
Event: 7.337 Thread 0x0000022239337840 Exception <a 'java/lang/NoSuchMethodError'{0x000000008396ab90}: 'java.lang.Object java.lang.invoke.DirectMethodHandle$Holder.invokeVirtual(java.lang.Object, java.lang.Object, java.lang.Object)'> (0x000000008396ab90) 
thrown [s\src\hotspot\share\interpreter\linkResolver.cpp, line 771]

VM Operations (20 events):
Event: 5.726 Executing VM operation: G1CollectForAllocation done
Event: 6.296 Executing VM operation: G1CollectForAllocation
Event: 6.335 Executing VM operation: G1CollectForAllocation done
Event: 6.370 Executing VM operation: HandshakeAllThreads
Event: 6.370 Executing VM operation: HandshakeAllThreads done
Event: 6.371 Executing VM operation: HandshakeAllThreads
Event: 6.372 Executing VM operation: HandshakeAllThreads done
Event: 6.373 Executing VM operation: HandshakeAllThreads
Event: 6.373 Executing VM operation: HandshakeAllThreads done
Event: 7.038 Executing VM operation: G1CollectForAllocation
Event: 7.055 Executing VM operation: G1CollectForAllocation done
Event: 7.503 Executing VM operation: G1CollectForAllocation
Event: 7.514 Executing VM operation: G1CollectForAllocation done
Event: 7.564 Executing VM operation: G1PauseRemark
Event: 7.569 Executing VM operation: G1PauseRemark done
Event: 7.588 Executing VM operation: G1PauseCleanup
Event: 7.588 Executing VM operation: G1PauseCleanup done
Event: 8.097 Executing VM operation: G1CollectForAllocation
Event: 8.109 Executing VM operation: G1CollectForAllocation done
Event: 8.188 Executing VM operation: G1CollectForAllocation

Events (20 events):
Event: 7.825 loading class jdk/internal/vm/annotation/IntrinsicCandidate done
Event: 7.948 loading class sun/reflect/generics/reflectiveObjects/ParameterizedTypeImpl
Event: 7.948 loading class sun/reflect/generics/reflectiveObjects/ParameterizedTypeImpl done
Event: 8.095 Thread 0x0000022259200040 Thread added: 0x0000022259200040
Event: 8.126 loading class sun/reflect/generics/scope/ConstructorScope
Event: 8.126 loading class sun/reflect/generics/scope/ConstructorScope done
Event: 8.127 loading class sun/reflect/generics/repository/ConstructorRepository
Event: 8.127 loading class sun/reflect/generics/repository/ConstructorRepository done
Event: 8.127 loading class sun/reflect/generics/tree/BottomSignature
Event: 8.127 loading class sun/reflect/generics/tree/BottomSignature done
Event: 8.127 loading class sun/reflect/generics/tree/Wildcard
Event: 8.127 loading class sun/reflect/generics/tree/Wildcard done
Event: 8.128 loading class sun/reflect/generics/tree/VoidDescriptor
Event: 8.128 loading class sun/reflect/generics/tree/VoidDescriptor done
Event: 8.128 loading class sun/reflect/generics/tree/MethodTypeSignature
Event: 8.128 loading class sun/reflect/generics/tree/MethodTypeSignature done
Event: 8.128 loading class sun/reflect/generics/reflectiveObjects/WildcardTypeImpl
Event: 8.128 loading class java/lang/reflect/WildcardType
Event: 8.128 loading class java/lang/reflect/WildcardType done
Event: 8.129 loading class sun/reflect/generics/reflectiveObjects/WildcardTypeImpl done


Dynamic libraries:
0x00007ff799aa0000 - 0x00007ff799aaa000 	D:\ferley\Android\jbr\bin\java.exe
0x00007ff85ebe0000 - 0x00007ff85edd0000 	C:\Windows\SYSTEM32\ntdll.dll
0x00007ff85d6f0000 - 0x00007ff85d7a2000 	C:\Windows\System32\KERNEL32.DLL
0x00007ff85bb70000 - 0x00007ff85be13000 	C:\Windows\System32\KERNELBASE.dll
0x00007ff85bf20000 - 0x00007ff85c01a000 	C:\Windows\System32\ucrtbase.dll
0x00007ff859af0000 - 0x00007ff859b0b000 	D:\ferley\Android\jbr\bin\VCRUNTIME140.dll
0x00007ff84fc30000 - 0x00007ff84fc47000 	D:\ferley\Android\jbr\bin\jli.dll
0x00007ff84d440000 - 0x00007ff84d6c5000 	C:\Windows\WinSxS\amd64_microsoft.windows.common-controls_6595b64144ccf1df_6.0.18362.719_none_e6c7b883130c6729\COMCTL32.dll
0x00007ff85d420000 - 0x00007ff85d5b4000 	C:\Windows\System32\USER32.dll
0x00007ff85cab0000 - 0x00007ff85cad1000 	C:\Windows\System32\win32u.dll
0x00007ff85e8b0000 - 0x00007ff85e94e000 	C:\Windows\System32\msvcrt.dll
0x00007ff85d5f0000 - 0x00007ff85d616000 	C:\Windows\System32\GDI32.dll
0x00007ff85cf50000 - 0x00007ff85d286000 	C:\Windows\System32\combase.dll
0x00007ff85c910000 - 0x00007ff85caa4000 	C:\Windows\System32\gdi32full.dll
0x00007ff85e9c0000 - 0x00007ff85eae0000 	C:\Windows\System32\RPCRT4.dll
0x00007ff85be20000 - 0x00007ff85bebe000 	C:\Windows\System32\msvcp_win.dll
0x00007ff85cbc0000 - 0x00007ff85cc40000 	C:\Windows\System32\bcryptPrimitives.dll
0x00007ff85d5c0000 - 0x00007ff85d5ee000 	C:\Windows\System32\IMM32.DLL
0x00007ff859ae0000 - 0x00007ff859aec000 	D:\ferley\Android\jbr\bin\vcruntime140_1.dll
0x00007ff84e100000 - 0x00007ff84e18d000 	D:\ferley\Android\jbr\bin\msvcp140.dll
0x00007ff8190c0000 - 0x00007ff819d43000 	D:\ferley\Android\jbr\bin\server\jvm.dll
0x00007ff85cdf0000 - 0x00007ff85ce93000 	C:\Windows\System32\ADVAPI32.dll
0x00007ff85e810000 - 0x00007ff85e8a7000 	C:\Windows\System32\sechost.dll
0x00007ff85bad0000 - 0x00007ff85bb1a000 	C:\Windows\System32\POWRPROF.dll
0x00007ff85baa0000 - 0x00007ff85bab0000 	C:\Windows\System32\UMPDC.dll
0x00007ff84d770000 - 0x00007ff84d77a000 	C:\Windows\SYSTEM32\VERSION.dll
0x00007ff8595c0000 - 0x00007ff8595e4000 	C:\Windows\SYSTEM32\WINMM.dll
0x00007ff844ef0000 - 0x00007ff844ef9000 	C:\Windows\SYSTEM32\WSOCK32.dll
0x00007ff85e950000 - 0x00007ff85e9bf000 	C:\Windows\System32\WS2_32.dll
0x00007ff8593b0000 - 0x00007ff8593dd000 	C:\Windows\SYSTEM32\WINMMBASE.dll
0x00007ff85cc40000 - 0x00007ff85cc8a000 	C:\Windows\System32\cfgmgr32.dll
0x00007ff85bb20000 - 0x00007ff85bb31000 	C:\Windows\System32\kernel.appcore.dll
0x00007ff856ee0000 - 0x00007ff856eea000 	D:\ferley\Android\jbr\bin\jimage.dll
0x00007ff848f60000 - 0x00007ff849154000 	C:\Windows\SYSTEM32\DBGHELP.DLL
0x00007ff8483e0000 - 0x00007ff84840a000 	C:\Windows\SYSTEM32\dbgcore.DLL
0x00007ff8558c0000 - 0x00007ff8558e5000 	D:\ferley\Android\jbr\bin\java.dll
0x00007ff856c60000 - 0x00007ff856c78000 	D:\ferley\Android\jbr\bin\zip.dll
0x00007ff85dba0000 - 0x00007ff85e285000 	C:\Windows\System32\SHELL32.dll
0x00007ff85cea0000 - 0x00007ff85cf49000 	C:\Windows\System32\shcore.dll
0x00007ff85c170000 - 0x00007ff85c8f0000 	C:\Windows\System32\windows.storage.dll
0x00007ff85bb40000 - 0x00007ff85bb63000 	C:\Windows\System32\profapi.dll
0x00007ff85d820000 - 0x00007ff85d872000 	C:\Windows\System32\shlwapi.dll
0x00007ff85c8f0000 - 0x00007ff85c907000 	C:\Windows\System32\cryptsp.dll
0x00007ff8558a0000 - 0x00007ff8558b9000 	D:\ferley\Android\jbr\bin\net.dll
0x00007ff84d8a0000 - 0x00007ff84d991000 	C:\Windows\SYSTEM32\WINHTTP.dll
0x00007ff85b310000 - 0x00007ff85b377000 	C:\Windows\system32\mswsock.dll
0x00007ff855390000 - 0x00007ff8553a6000 	D:\ferley\Android\jbr\bin\nio.dll
0x00007ff84fe60000 - 0x00007ff84fe70000 	D:\ferley\Android\jbr\bin\verify.dll

dbghelp: loaded successfully - version: 4.0.5 - missing functions: none
symbol engine: initialized successfully - sym options: 0x614 - pdb path: .;D:\ferley\Android\jbr\bin;C:\Windows\SYSTEM32;C:\Windows\WinSxS\amd64_microsoft.windows.common-controls_6595b64144ccf1df_6.0.18362.719_none_e6c7b883130c6729;D:\ferley\Android\jbr\bin\server

VM Arguments:
java_command: org.jetbrains.kotlin.cli.jvm.K2JVMCompiler @D:\Labs20242-Gr06\Lab1-UI\build\20240913_702902032968225030.compiler.options
java_class_path (initial): C:\Users\ESTEBAN\.gradle\caches\modules-2\files-2.1\org.jetbrains.kotlin\kotlin-compiler-embeddable\1.9.0\2c8c3a7402becca891f12739b3e9fd2dc2adbd7a\kotlin-compiler-embeddable-1.9.0.jar;C:\Users\ESTEBAN\.gradle\caches\modules-2\files-2.1\org.jetbrains.kotlin\kotlin-stdlib\1.9.0\8ee15ef0c67dc83d874f412d84378d7f0eb50b63\kotlin-stdlib-1.9.0.jar;C:\Users\ESTEBAN\.gradle\caches\modules-2\files-2.1\org.jetbrains.kotlin\kotlin-script-runtime\1.9.0\4b3102cbbb7e1b58d9d1adf89563f00069ffa7d1\kotlin-script-runtime-1.9.0.jar;C:\Users\ESTEBAN\.gradle\caches\modules-2\files-2.1\org.jetbrains.kotlin\kotlin-reflect\1.6.10\1cbe9c92c12a94eea200d23c2bbaedaf3daf5132\kotlin-reflect-1.6.10.jar;C:\Users\ESTEBAN\.gradle\caches\modules-2\files-2.1\org.jetbrains.kotlin\kotlin-daemon-embeddable\1.9.0\186543f5e28cf8d9a0290fecc2cf34301c40a65c\kotlin-daemon-embeddable-1.9.0.jar;C:\Users\ESTEBAN\.gradle\caches\modules-2\files-2.1\org.jetbrains.intellij.deps\trove4j\1.0.20200330\3afb14d5f9ceb459d724e907a21145e8ff394f02\trove4j-1.0.20200330.jar;C:\Users\ESTEBAN\.gradle\caches\modules-2\files-2.1\org.jetbrains.kotlin\kotlin-stdlib-common\1.9.0\cd65c21cfd1eec4d44ef09f9f52b6d9f8a720636\kotlin-stdlib-common-1.9.0.jar;C:\Users\ESTEBAN\.gradle\caches\modules-2\files-2.1\org.jetbrains\annotations\13.0\919f0dfe192fb4e063e7dacadee7f8bb9a2672a9\annotations-13.0.jar
Launcher Type: SUN_STANDARD

[Global flags]
     intx CICompilerCount                          = 3                                         {product} {ergonomic}
     uint ConcGCThreads                            = 1                                         {product} {ergonomic}
     uint G1ConcRefinementThreads                  = 4                                         {product} {ergonomic}
   size_t G1HeapRegionSize                         = 1048576                                   {product} {ergonomic}
    uintx GCDrainStackTargetSize                   = 64                                        {product} {ergonomic}
   size_t InitialHeapSize                          = 134217728                                 {product} {ergonomic}
   size_t MarkStackSize                            = 4194304                                   {product} {ergonomic}
   size_t MaxHeapSize                              = 2122317824                                {product} {ergonomic}
   size_t MaxNewSize                               = 1272971264                                {product} {ergonomic}
   size_t MinHeapDeltaBytes                        = 1048576                                   {product} {ergonomic}
   size_t MinHeapSize                              = 8388608                                   {product} {ergonomic}
    uintx NonNMethodCodeHeapSize                   = 5832780                                {pd product} {ergonomic}
    uintx NonProfiledCodeHeapSize                  = 122912730                              {pd product} {ergonomic}
    uintx ProfiledCodeHeapSize                     = 122912730                              {pd product} {ergonomic}
    uintx ReservedCodeCacheSize                    = 251658240                              {pd product} {ergonomic}
     bool SegmentedCodeCache                       = true                                      {product} {ergonomic}
   size_t SoftMaxHeapSize                          = 2122317824                             {manageable} {ergonomic}
     bool UseCompressedClassPointers               = true                           {product lp64_product} {ergonomic}
     bool UseCompressedOops                        = true                           {product lp64_product} {ergonomic}
     bool UseG1GC                                  = true                                      {product} {ergonomic}
     bool UseLargePagesIndividualAllocation        = false                                  {pd product} {ergonomic}

Logging:
Log output configuration:
 #0: stdout all=warning uptime,level,tags
 #1: stderr all=off uptime,level,tags

Environment Variables:
PATH=C:\app\FERLEY\dbhomeXE\bin;C:\Program Files (x86)\Common Files\Oracle\Java\javapath;C:\Program Files\Eclipse Adoptium\jdk-17.0.10.7-hotspot\bin;C:\Python312\Scripts\;C:\Python312\;C:\Program Files (x86)\Common Files\Intel\Shared Libraries\redist\intel64\compiler;C:\Windows\system32;C:\Windows;C:\Windows\System32\Wbem;C:\Windows\System32\WindowsPowerShell\v1.0\;C:\Windows\System32\OpenSSH\;C:\ProgramData\chocolatey\bin;C:\Users\ESTEBAN\AppData\Roaming\nvm;C:\Program Files\nodejs;C:\Program Files\Git\cmd;C:\Users\ESTEBAN\AppData\Local\Microsoft\WindowsApps;C:\Users\ESTEBAN\AppData\Local\Programs\Microsoft VS Code\bin;C:\Programas\IntelliJ IDEA 2023.3.4\bin;;C:\Users\ESTEBAN\AppData\Roaming\nvm;C:\Program Files\nodejs;C:\Program Files\MongoDB\Server\7.0\bin;C:\ProgramData\ESTEBAN\GitHubDesktop\bin;C:\Users\ESTEBAN\AppData\Local\GitHubDesktop\bin
USERNAME=ESTEBAN
OS=Windows_NT
PROCESSOR_IDENTIFIER=Intel64 Family 6 Model 76 Stepping 4, GenuineIntel
TMP=C:\Users\ESTEBAN\AppData\Local\Temp
TEMP=C:\Users\ESTEBAN\AppData\Local\Temp



Periodic native trim disabled

JNI global refs:
JNI global refs: 7, weak refs: 0

JNI global refs memory usage: 843, weak refs: 841

Process memory usage:
Resident Set Size: 150688K (1% of 8285028K total physical memory with 552924K free physical memory)

OOME stack traces (most recent first):
Classloader memory used:
Loader jdk.internal.loader.ClassLoaders$AppClassLoader                                 : 3326K
Loader bootstrap                                                                       : 1248K
Loader java.net.URLClassLoader                                                         : 19510B
Loader jdk.internal.reflect.DelegatingClassLoader                                      : 5117B


---------------  S Y S T E M  ---------------

OS:
 Windows 10 , 64 bit Build 18362 (10.0.18362.329)
OS uptime: 1 days 10:03 hours

CPU: total 4 (initial active 4) (4 cores per cpu, 1 threads per core) family 6 model 76 stepping 4 microcode 0x410, cx8, cmov, fxsr, mmx, 3dnowpref, sse, sse2, sse3, ssse3, sse4.1, sse4.2, popcnt, tsc, tscinvbit, aes, erms, clmul, clflush
Processor Information for all 4 processors :
  Max Mhz: 1601, Current Mhz: 1601, Mhz Limit: 1601

Memory: 4k page, system-wide physical 8090M (539M free)
TotalPageFile size 10138M (AvailPageFile size 10M)
current process WorkingSet (physical memory assigned to process): 147M, peak: 147M
current process commit charge ("private bytes"): 176M, peak: 225M

vm_info: OpenJDK 64-Bit Server VM (17.0.11+0--11852314) for windows-amd64 JRE (17.0.11+0--11852314), built on May 16 2024 21:29:20 by "androidbuild" with MS VC++ 16.10 / 16.11 (VS2019)

END.
